Determining if the environ exist failed with the following output:
Change Dir: /home/master1/src/cmake-3.19.5/CMakeFiles/CMakeTmp

Run Build Command(s):/usr/bin/make cmTC_f5ba7/fast && make  -f CMakeFiles/cmTC_f5ba7.dir/build.make CMakeFiles/cmTC_f5ba7.dir/build
make[1]: Entering directory '/home/master1/src/cmake-3.19.5/CMakeFiles/CMakeTmp'
Building C object CMakeFiles/cmTC_f5ba7.dir/CheckSymbolExists.c.o
/usr/bin/gcc   -std=gnu11 -o CMakeFiles/cmTC_f5ba7.dir/CheckSymbolExists.c.o -c /home/master1/src/cmake-3.19.5/CMakeFiles/CMakeTmp/CheckSymbolExists.c
/home/master1/src/cmake-3.19.5/CMakeFiles/CMakeTmp/CheckSymbolExists.c: In function ‘main’:
/home/master1/src/cmake-3.19.5/CMakeFiles/CMakeTmp/CheckSymbolExists.c:8:19: error: ‘environ’ undeclared (first use in this function)
    8 |   return ((int*)(&environ))[argc];
      |                   ^~~~~~~
/home/master1/src/cmake-3.19.5/CMakeFiles/CMakeTmp/CheckSymbolExists.c:8:19: note: each undeclared identifier is reported only once for each function it appears in
make[1]: *** [CMakeFiles/cmTC_f5ba7.dir/build.make:85: CMakeFiles/cmTC_f5ba7.dir/CheckSymbolExists.c.o] Error 1
make[1]: Leaving directory '/home/master1/src/cmake-3.19.5/CMakeFiles/CMakeTmp'
make: *** [Makefile:140: cmTC_f5ba7/fast] Error 2


File /home/master1/src/cmake-3.19.5/CMakeFiles/CMakeTmp/CheckSymbolExists.c:
/* */
#include <stdlib.h>

int main(int argc, char** argv)
{
  (void)argv;
#ifndef environ
  return ((int*)(&environ))[argc];
#else
  (void)argc;
  return 0;
#endif
}
Performing C SOURCE FILE Test CMAKE_HAVE_LIBC_PTHREAD failed with the following output:
Change Dir: /home/master1/src/cmake-3.19.5/CMakeFiles/CMakeTmp

Run Build Command(s):/usr/bin/make cmTC_56fce/fast && make  -f CMakeFiles/cmTC_56fce.dir/build.make CMakeFiles/cmTC_56fce.dir/build
make[1]: Entering directory '/home/master1/src/cmake-3.19.5/CMakeFiles/CMakeTmp'
Building C object CMakeFiles/cmTC_56fce.dir/src.c.o
/usr/bin/gcc -DCMAKE_HAVE_LIBC_PTHREAD  -std=gnu11 -o CMakeFiles/cmTC_56fce.dir/src.c.o -c /home/master1/src/cmake-3.19.5/CMakeFiles/CMakeTmp/src.c
Linking C executable cmTC_56fce
/home/master1/src/cmake-3.19.5/Bootstrap.cmk/cmake -E cmake_link_script CMakeFiles/cmTC_56fce.dir/link.txt --verbose=1
/usr/bin/gcc CMakeFiles/cmTC_56fce.dir/src.c.o -o cmTC_56fce 
/usr/bin/ld: CMakeFiles/cmTC_56fce.dir/src.c.o: in function `main':
src.c:(.text+0x46): undefined reference to `pthread_create'
/usr/bin/ld: src.c:(.text+0x52): undefined reference to `pthread_detach'
/usr/bin/ld: src.c:(.text+0x5e): undefined reference to `pthread_cancel'
/usr/bin/ld: src.c:(.text+0x6f): undefined reference to `pthread_join'
collect2: error: ld returned 1 exit status
make[1]: *** [CMakeFiles/cmTC_56fce.dir/build.make:106: cmTC_56fce] Error 1
make[1]: Leaving directory '/home/master1/src/cmake-3.19.5/CMakeFiles/CMakeTmp'
make: *** [Makefile:140: cmTC_56fce/fast] Error 2


Source file was:
#include <pthread.h>

static void* test_func(void* data)
{
  return data;
}

int main(void)
{
  pthread_t thread;
  pthread_create(&thread, NULL, test_func, NULL);
  pthread_detach(thread);
  pthread_cancel(thread);
  pthread_join(thread, NULL);
  pthread_atfork(NULL, NULL, NULL);
  pthread_exit(NULL);

  return 0;
}

Determining if the function pthread_create exists in the pthreads failed with the following output:
Change Dir: /home/master1/src/cmake-3.19.5/CMakeFiles/CMakeTmp

Run Build Command(s):/usr/bin/make cmTC_cae31/fast && make  -f CMakeFiles/cmTC_cae31.dir/build.make CMakeFiles/cmTC_cae31.dir/build
make[1]: Entering directory '/home/master1/src/cmake-3.19.5/CMakeFiles/CMakeTmp'
Building C object CMakeFiles/cmTC_cae31.dir/CheckFunctionExists.c.o
/usr/bin/gcc   -DCHECK_FUNCTION_EXISTS=pthread_create -std=gnu11 -o CMakeFiles/cmTC_cae31.dir/CheckFunctionExists.c.o -c /home/master1/src/cmake-3.19.5/Modules/CheckFunctionExists.c
Linking C executable cmTC_cae31
/home/master1/src/cmake-3.19.5/Bootstrap.cmk/cmake -E cmake_link_script CMakeFiles/cmTC_cae31.dir/link.txt --verbose=1
/usr/bin/gcc  -DCHECK_FUNCTION_EXISTS=pthread_create CMakeFiles/cmTC_cae31.dir/CheckFunctionExists.c.o -o cmTC_cae31  -lpthreads 
/usr/bin/ld: cannot find -lpthreads
collect2: error: ld returned 1 exit status
make[1]: *** [CMakeFiles/cmTC_cae31.dir/build.make:106: cmTC_cae31] Error 1
make[1]: Leaving directory '/home/master1/src/cmake-3.19.5/CMakeFiles/CMakeTmp'
make: *** [Makefile:140: cmTC_cae31/fast] Error 2



Checking whether CXX compiler has environ in stdlib.h failed to compile with the following output:
Change Dir: /home/master1/src/cmake-3.19.5/Source/kwsys/CMakeFiles/CMakeTmp

Run Build Command(s):/usr/bin/make cmTC_02855/fast && make  -f CMakeFiles/cmTC_02855.dir/build.make CMakeFiles/cmTC_02855.dir/build
make[1]: Entering directory '/home/master1/src/cmake-3.19.5/Source/kwsys/CMakeFiles/CMakeTmp'
Building CXX object CMakeFiles/cmTC_02855.dir/kwsysPlatformTestsCXX.cxx.o
/usr/bin/g++ -DTEST_KWSYS_CXX_HAS_ENVIRON_IN_STDLIB_H  -std=gnu++17 -o CMakeFiles/cmTC_02855.dir/kwsysPlatformTestsCXX.cxx.o -c /home/master1/src/cmake-3.19.5/Source/kwsys/kwsysPlatformTestsCXX.cxx
/home/master1/src/cmake-3.19.5/Source/kwsys/kwsysPlatformTestsCXX.cxx: In function ‘int main()’:
/home/master1/src/cmake-3.19.5/Source/kwsys/kwsysPlatformTestsCXX.cxx:53:13: error: ‘environ’ was not declared in this scope; did you mean ‘union’?
   53 |   char* e = environ[0];
      |             ^~~~~~~
      |             union
make[1]: *** [CMakeFiles/cmTC_02855.dir/build.make:85: CMakeFiles/cmTC_02855.dir/kwsysPlatformTestsCXX.cxx.o] Error 1
make[1]: Leaving directory '/home/master1/src/cmake-3.19.5/Source/kwsys/CMakeFiles/CMakeTmp'
make: *** [Makefile:140: cmTC_02855/fast] Error 2



Checking whether CXX compiler struct stat has st_mtimespec member failed to compile with the following output:
Change Dir: /home/master1/src/cmake-3.19.5/Source/kwsys/CMakeFiles/CMakeTmp

Run Build Command(s):/usr/bin/make cmTC_89c00/fast && make  -f CMakeFiles/cmTC_89c00.dir/build.make CMakeFiles/cmTC_89c00.dir/build
make[1]: Entering directory '/home/master1/src/cmake-3.19.5/Source/kwsys/CMakeFiles/CMakeTmp'
Building CXX object CMakeFiles/cmTC_89c00.dir/kwsysPlatformTestsCXX.cxx.o
/usr/bin/g++ -DTEST_KWSYS_CXX_STAT_HAS_ST_MTIMESPEC  -std=gnu++17 -o CMakeFiles/cmTC_89c00.dir/kwsysPlatformTestsCXX.cxx.o -c /home/master1/src/cmake-3.19.5/Source/kwsys/kwsysPlatformTestsCXX.cxx
/home/master1/src/cmake-3.19.5/Source/kwsys/kwsysPlatformTestsCXX.cxx: In function ‘int main()’:
/home/master1/src/cmake-3.19.5/Source/kwsys/kwsysPlatformTestsCXX.cxx:26:15: error: ‘struct stat’ has no member named ‘st_mtimespec’
   26 |   (void)stat1.st_mtimespec.tv_sec;
      |               ^~~~~~~~~~~~
/home/master1/src/cmake-3.19.5/Source/kwsys/kwsysPlatformTestsCXX.cxx:27:15: error: ‘struct stat’ has no member named ‘st_mtimespec’
   27 |   (void)stat1.st_mtimespec.tv_nsec;
      |               ^~~~~~~~~~~~
make[1]: *** [CMakeFiles/cmTC_89c00.dir/build.make:85: CMakeFiles/cmTC_89c00.dir/kwsysPlatformTestsCXX.cxx.o] Error 1
make[1]: Leaving directory '/home/master1/src/cmake-3.19.5/Source/kwsys/CMakeFiles/CMakeTmp'
make: *** [Makefile:140: cmTC_89c00/fast] Error 2



Determining if the function connect exists in the socket;dl failed with the following output:
Change Dir: /home/master1/src/cmake-3.19.5/CMakeFiles/CMakeTmp

Run Build Command(s):/usr/bin/make cmTC_ca36d/fast && make  -f CMakeFiles/cmTC_ca36d.dir/build.make CMakeFiles/cmTC_ca36d.dir/build
make[1]: Entering directory '/home/master1/src/cmake-3.19.5/CMakeFiles/CMakeTmp'
Building C object CMakeFiles/cmTC_ca36d.dir/CheckFunctionExists.c.o
/usr/bin/gcc   -w -DCHECK_FUNCTION_EXISTS=connect -std=gnu11 -o CMakeFiles/cmTC_ca36d.dir/CheckFunctionExists.c.o -c /home/master1/src/cmake-3.19.5/Modules/CheckFunctionExists.c
Linking C executable cmTC_ca36d
/home/master1/src/cmake-3.19.5/Bootstrap.cmk/cmake -E cmake_link_script CMakeFiles/cmTC_ca36d.dir/link.txt --verbose=1
/usr/bin/gcc   -w -DCHECK_FUNCTION_EXISTS=connect CMakeFiles/cmTC_ca36d.dir/CheckFunctionExists.c.o -o cmTC_ca36d  -lsocket -ldl 
/usr/bin/ld: cannot find -lsocket
collect2: error: ld returned 1 exit status
make[1]: *** [CMakeFiles/cmTC_ca36d.dir/build.make:106: cmTC_ca36d] Error 1
make[1]: Leaving directory '/home/master1/src/cmake-3.19.5/CMakeFiles/CMakeTmp'
make: *** [Makefile:140: cmTC_ca36d/fast] Error 2



Determining if the function recv exists in the network;dl failed with the following output:
Change Dir: /home/master1/src/cmake-3.19.5/CMakeFiles/CMakeTmp

Run Build Command(s):/usr/bin/make cmTC_40500/fast && make  -f CMakeFiles/cmTC_40500.dir/build.make CMakeFiles/cmTC_40500.dir/build
make[1]: Entering directory '/home/master1/src/cmake-3.19.5/CMakeFiles/CMakeTmp'
Building C object CMakeFiles/cmTC_40500.dir/CheckFunctionExists.c.o
/usr/bin/gcc   -w -DCHECK_FUNCTION_EXISTS=recv -std=gnu11 -o CMakeFiles/cmTC_40500.dir/CheckFunctionExists.c.o -c /home/master1/src/cmake-3.19.5/Modules/CheckFunctionExists.c
Linking C executable cmTC_40500
/home/master1/src/cmake-3.19.5/Bootstrap.cmk/cmake -E cmake_link_script CMakeFiles/cmTC_40500.dir/link.txt --verbose=1
/usr/bin/gcc   -w -DCHECK_FUNCTION_EXISTS=recv CMakeFiles/cmTC_40500.dir/CheckFunctionExists.c.o -o cmTC_40500  -lnetwork -ldl 
/usr/bin/ld: cannot find -lnetwork
collect2: error: ld returned 1 exit status
make[1]: *** [CMakeFiles/cmTC_40500.dir/build.make:106: cmTC_40500] Error 1
make[1]: Leaving directory '/home/master1/src/cmake-3.19.5/CMakeFiles/CMakeTmp'
make: *** [Makefile:140: cmTC_40500/fast] Error 2



Determining if the RAND_status exist failed with the following output:
Change Dir: /home/master1/src/cmake-3.19.5/CMakeFiles/CMakeTmp

Run Build Command(s):/usr/bin/make cmTC_a7381/fast && make  -f CMakeFiles/cmTC_a7381.dir/build.make CMakeFiles/cmTC_a7381.dir/build
make[1]: Entering directory '/home/master1/src/cmake-3.19.5/CMakeFiles/CMakeTmp'
Building C object CMakeFiles/cmTC_a7381.dir/CheckSymbolExists.c.o
/usr/bin/gcc   -w  -std=gnu11 -o CMakeFiles/cmTC_a7381.dir/CheckSymbolExists.c.o -c /home/master1/src/cmake-3.19.5/CMakeFiles/CMakeTmp/CheckSymbolExists.c
/home/master1/src/cmake-3.19.5/CMakeFiles/CMakeTmp/CheckSymbolExists.c: In function ‘main’:
/home/master1/src/cmake-3.19.5/CMakeFiles/CMakeTmp/CheckSymbolExists.c:7:19: error: ‘RAND_status’ undeclared (first use in this function)
    7 |   return ((int*)(&RAND_status))[argc];
      |                   ^~~~~~~~~~~
/home/master1/src/cmake-3.19.5/CMakeFiles/CMakeTmp/CheckSymbolExists.c:7:19: note: each undeclared identifier is reported only once for each function it appears in
make[1]: *** [CMakeFiles/cmTC_a7381.dir/build.make:85: CMakeFiles/cmTC_a7381.dir/CheckSymbolExists.c.o] Error 1
make[1]: Leaving directory '/home/master1/src/cmake-3.19.5/CMakeFiles/CMakeTmp'
make: *** [Makefile:140: cmTC_a7381/fast] Error 2


File /home/master1/src/cmake-3.19.5/CMakeFiles/CMakeTmp/CheckSymbolExists.c:
/* */

int main(int argc, char** argv)
{
  (void)argv;
#ifndef RAND_status
  return ((int*)(&RAND_status))[argc];
#else
  (void)argc;
  return 0;
#endif
}
Determining if the RAND_screen exist failed with the following output:
Change Dir: /home/master1/src/cmake-3.19.5/CMakeFiles/CMakeTmp

Run Build Command(s):/usr/bin/make cmTC_7cc9c/fast && make  -f CMakeFiles/cmTC_7cc9c.dir/build.make CMakeFiles/cmTC_7cc9c.dir/build
make[1]: Entering directory '/home/master1/src/cmake-3.19.5/CMakeFiles/CMakeTmp'
Building C object CMakeFiles/cmTC_7cc9c.dir/CheckSymbolExists.c.o
/usr/bin/gcc   -w  -std=gnu11 -o CMakeFiles/cmTC_7cc9c.dir/CheckSymbolExists.c.o -c /home/master1/src/cmake-3.19.5/CMakeFiles/CMakeTmp/CheckSymbolExists.c
/home/master1/src/cmake-3.19.5/CMakeFiles/CMakeTmp/CheckSymbolExists.c: In function ‘main’:
/home/master1/src/cmake-3.19.5/CMakeFiles/CMakeTmp/CheckSymbolExists.c:7:19: error: ‘RAND_screen’ undeclared (first use in this function)
    7 |   return ((int*)(&RAND_screen))[argc];
      |                   ^~~~~~~~~~~
/home/master1/src/cmake-3.19.5/CMakeFiles/CMakeTmp/CheckSymbolExists.c:7:19: note: each undeclared identifier is reported only once for each function it appears in
make[1]: *** [CMakeFiles/cmTC_7cc9c.dir/build.make:85: CMakeFiles/cmTC_7cc9c.dir/CheckSymbolExists.c.o] Error 1
make[1]: Leaving directory '/home/master1/src/cmake-3.19.5/CMakeFiles/CMakeTmp'
make: *** [Makefile:140: cmTC_7cc9c/fast] Error 2


File /home/master1/src/cmake-3.19.5/CMakeFiles/CMakeTmp/CheckSymbolExists.c:
/* */

int main(int argc, char** argv)
{
  (void)argv;
#ifndef RAND_screen
  return ((int*)(&RAND_screen))[argc];
#else
  (void)argc;
  return 0;
#endif
}
Determining if the RAND_egd exist failed with the following output:
Change Dir: /home/master1/src/cmake-3.19.5/CMakeFiles/CMakeTmp

Run Build Command(s):/usr/bin/make cmTC_0bcb0/fast && make  -f CMakeFiles/cmTC_0bcb0.dir/build.make CMakeFiles/cmTC_0bcb0.dir/build
make[1]: Entering directory '/home/master1/src/cmake-3.19.5/CMakeFiles/CMakeTmp'
Building C object CMakeFiles/cmTC_0bcb0.dir/CheckSymbolExists.c.o
/usr/bin/gcc   -w  -std=gnu11 -o CMakeFiles/cmTC_0bcb0.dir/CheckSymbolExists.c.o -c /home/master1/src/cmake-3.19.5/CMakeFiles/CMakeTmp/CheckSymbolExists.c
/home/master1/src/cmake-3.19.5/CMakeFiles/CMakeTmp/CheckSymbolExists.c: In function ‘main’:
/home/master1/src/cmake-3.19.5/CMakeFiles/CMakeTmp/CheckSymbolExists.c:7:19: error: ‘RAND_egd’ undeclared (first use in this function)
    7 |   return ((int*)(&RAND_egd))[argc];
      |                   ^~~~~~~~
/home/master1/src/cmake-3.19.5/CMakeFiles/CMakeTmp/CheckSymbolExists.c:7:19: note: each undeclared identifier is reported only once for each function it appears in
make[1]: *** [CMakeFiles/cmTC_0bcb0.dir/build.make:85: CMakeFiles/cmTC_0bcb0.dir/CheckSymbolExists.c.o] Error 1
make[1]: Leaving directory '/home/master1/src/cmake-3.19.5/CMakeFiles/CMakeTmp'
make: *** [Makefile:140: cmTC_0bcb0/fast] Error 2


File /home/master1/src/cmake-3.19.5/CMakeFiles/CMakeTmp/CheckSymbolExists.c:
/* */

int main(int argc, char** argv)
{
  (void)argv;
#ifndef RAND_egd
  return ((int*)(&RAND_egd))[argc];
#else
  (void)argc;
  return 0;
#endif
}
Determining if the function idn2_lookup_ul exists in the idn2;dl;/usr/lib/x86_64-linux-gnu/libssl.so;/usr/lib/x86_64-linux-gnu/libcrypto.so;cmnghttp2 failed with the following output:
Change Dir: /home/master1/src/cmake-3.19.5/CMakeFiles/CMakeTmp

Run Build Command(s):/usr/bin/make cmTC_ca4c0/fast && make  -f CMakeFiles/cmTC_ca4c0.dir/build.make CMakeFiles/cmTC_ca4c0.dir/build
make[1]: Entering directory '/home/master1/src/cmake-3.19.5/CMakeFiles/CMakeTmp'
Building C object CMakeFiles/cmTC_ca4c0.dir/CheckFunctionExists.c.o
/usr/bin/gcc   -w -DCHECK_FUNCTION_EXISTS=idn2_lookup_ul -std=gnu11 -o CMakeFiles/cmTC_ca4c0.dir/CheckFunctionExists.c.o -c /home/master1/src/cmake-3.19.5/Modules/CheckFunctionExists.c
Linking C executable cmTC_ca4c0
/home/master1/src/cmake-3.19.5/Bootstrap.cmk/cmake -E cmake_link_script CMakeFiles/cmTC_ca4c0.dir/link.txt --verbose=1
/usr/bin/gcc   -w -DCHECK_FUNCTION_EXISTS=idn2_lookup_ul CMakeFiles/cmTC_ca4c0.dir/CheckFunctionExists.c.o -o cmTC_ca4c0  -lidn2 -ldl /usr/lib/x86_64-linux-gnu/libssl.so /usr/lib/x86_64-linux-gnu/libcrypto.so -lcmnghttp2 
/usr/bin/ld: cannot find -lidn2
/usr/bin/ld: cannot find -lcmnghttp2
collect2: error: ld returned 1 exit status
make[1]: *** [CMakeFiles/cmTC_ca4c0.dir/build.make:108: cmTC_ca4c0] Error 1
make[1]: Leaving directory '/home/master1/src/cmake-3.19.5/CMakeFiles/CMakeTmp'
make: *** [Makefile:140: cmTC_ca4c0/fast] Error 2



Determining if the function dlopen exists in the dl;/usr/lib/x86_64-linux-gnu/libssl.so;/usr/lib/x86_64-linux-gnu/libcrypto.so;cmnghttp2 failed with the following output:
Change Dir: /home/master1/src/cmake-3.19.5/CMakeFiles/CMakeTmp

Run Build Command(s):/usr/bin/make cmTC_e5913/fast && make  -f CMakeFiles/cmTC_e5913.dir/build.make CMakeFiles/cmTC_e5913.dir/build
make[1]: Entering directory '/home/master1/src/cmake-3.19.5/CMakeFiles/CMakeTmp'
Building C object CMakeFiles/cmTC_e5913.dir/CheckFunctionExists.c.o
/usr/bin/gcc   -w -DCHECK_FUNCTION_EXISTS=dlopen -std=gnu11 -o CMakeFiles/cmTC_e5913.dir/CheckFunctionExists.c.o -c /home/master1/src/cmake-3.19.5/Modules/CheckFunctionExists.c
Linking C executable cmTC_e5913
/home/master1/src/cmake-3.19.5/Bootstrap.cmk/cmake -E cmake_link_script CMakeFiles/cmTC_e5913.dir/link.txt --verbose=1
/usr/bin/gcc   -w -DCHECK_FUNCTION_EXISTS=dlopen CMakeFiles/cmTC_e5913.dir/CheckFunctionExists.c.o -o cmTC_e5913  -ldl /usr/lib/x86_64-linux-gnu/libssl.so /usr/lib/x86_64-linux-gnu/libcrypto.so -lcmnghttp2 
/usr/bin/ld: cannot find -lcmnghttp2
collect2: error: ld returned 1 exit status
make[1]: *** [CMakeFiles/cmTC_e5913.dir/build.make:108: cmTC_e5913] Error 1
make[1]: Leaving directory '/home/master1/src/cmake-3.19.5/CMakeFiles/CMakeTmp'
make: *** [Makefile:140: cmTC_e5913/fast] Error 2



Determining if files stdio.h;inttypes.h;sys/filio.h exist failed with the following output:
Change Dir: /home/master1/src/cmake-3.19.5/CMakeFiles/CMakeTmp

Run Build Command(s):/usr/bin/make cmTC_65b1a/fast && make  -f CMakeFiles/cmTC_65b1a.dir/build.make CMakeFiles/cmTC_65b1a.dir/build
make[1]: Entering directory '/home/master1/src/cmake-3.19.5/CMakeFiles/CMakeTmp'
Building C object CMakeFiles/cmTC_65b1a.dir/HAVE_SYS_FILIO_H.c.o
/usr/bin/gcc   -w  -std=gnu11 -o CMakeFiles/cmTC_65b1a.dir/HAVE_SYS_FILIO_H.c.o -c /home/master1/src/cmake-3.19.5/CMakeFiles/CheckIncludeFiles/HAVE_SYS_FILIO_H.c
/home/master1/src/cmake-3.19.5/CMakeFiles/CheckIncludeFiles/HAVE_SYS_FILIO_H.c:4:10: fatal error: sys/filio.h: No such file or directory
    4 | #include <sys/filio.h>
      |          ^~~~~~~~~~~~~
compilation terminated.
make[1]: *** [CMakeFiles/cmTC_65b1a.dir/build.make:85: CMakeFiles/cmTC_65b1a.dir/HAVE_SYS_FILIO_H.c.o] Error 1
make[1]: Leaving directory '/home/master1/src/cmake-3.19.5/CMakeFiles/CMakeTmp'
make: *** [Makefile:140: cmTC_65b1a/fast] Error 2


Source:
/* */
#include <stdio.h>
#include <inttypes.h>
#include <sys/filio.h>


int main(void){return 0;}

Determining if files stdio.h;inttypes.h;sys/ioctl.h;sys/param.h;sys/poll.h;sys/resource.h;sys/select.h;sys/socket.h;sys/sockio.h exist failed with the following output:
Change Dir: /home/master1/src/cmake-3.19.5/CMakeFiles/CMakeTmp

Run Build Command(s):/usr/bin/make cmTC_04476/fast && make  -f CMakeFiles/cmTC_04476.dir/build.make CMakeFiles/cmTC_04476.dir/build
make[1]: Entering directory '/home/master1/src/cmake-3.19.5/CMakeFiles/CMakeTmp'
Building C object CMakeFiles/cmTC_04476.dir/HAVE_SYS_SOCKIO_H.c.o
/usr/bin/gcc   -w  -std=gnu11 -o CMakeFiles/cmTC_04476.dir/HAVE_SYS_SOCKIO_H.c.o -c /home/master1/src/cmake-3.19.5/CMakeFiles/CheckIncludeFiles/HAVE_SYS_SOCKIO_H.c
/home/master1/src/cmake-3.19.5/CMakeFiles/CheckIncludeFiles/HAVE_SYS_SOCKIO_H.c:10:10: fatal error: sys/sockio.h: No such file or directory
   10 | #include <sys/sockio.h>
      |          ^~~~~~~~~~~~~~
compilation terminated.
make[1]: *** [CMakeFiles/cmTC_04476.dir/build.make:85: CMakeFiles/cmTC_04476.dir/HAVE_SYS_SOCKIO_H.c.o] Error 1
make[1]: Leaving directory '/home/master1/src/cmake-3.19.5/CMakeFiles/CMakeTmp'
make: *** [Makefile:140: cmTC_04476/fast] Error 2


Source:
/* */
#include <stdio.h>
#include <inttypes.h>
#include <sys/ioctl.h>
#include <sys/param.h>
#include <sys/poll.h>
#include <sys/resource.h>
#include <sys/select.h>
#include <sys/socket.h>
#include <sys/sockio.h>


int main(void){return 0;}

Determining if files stdio.h;inttypes.h;sys/ioctl.h;sys/param.h;sys/poll.h;sys/resource.h;sys/select.h;sys/socket.h;sys/stat.h;sys/time.h;sys/types.h;sys/uio.h;sys/un.h;sys/utime.h exist failed with the following output:
Change Dir: /home/master1/src/cmake-3.19.5/CMakeFiles/CMakeTmp

Run Build Command(s):/usr/bin/make cmTC_a7285/fast && make  -f CMakeFiles/cmTC_a7285.dir/build.make CMakeFiles/cmTC_a7285.dir/build
make[1]: Entering directory '/home/master1/src/cmake-3.19.5/CMakeFiles/CMakeTmp'
Building C object CMakeFiles/cmTC_a7285.dir/HAVE_SYS_UTIME_H.c.o
/usr/bin/gcc   -w  -std=gnu11 -o CMakeFiles/cmTC_a7285.dir/HAVE_SYS_UTIME_H.c.o -c /home/master1/src/cmake-3.19.5/CMakeFiles/CheckIncludeFiles/HAVE_SYS_UTIME_H.c
/home/master1/src/cmake-3.19.5/CMakeFiles/CheckIncludeFiles/HAVE_SYS_UTIME_H.c:15:10: fatal error: sys/utime.h: No such file or directory
   15 | #include <sys/utime.h>
      |          ^~~~~~~~~~~~~
compilation terminated.
make[1]: *** [CMakeFiles/cmTC_a7285.dir/build.make:85: CMakeFiles/cmTC_a7285.dir/HAVE_SYS_UTIME_H.c.o] Error 1
make[1]: Leaving directory '/home/master1/src/cmake-3.19.5/CMakeFiles/CMakeTmp'
make: *** [Makefile:140: cmTC_a7285/fast] Error 2


Source:
/* */
#include <stdio.h>
#include <inttypes.h>
#include <sys/ioctl.h>
#include <sys/param.h>
#include <sys/poll.h>
#include <sys/resource.h>
#include <sys/select.h>
#include <sys/socket.h>
#include <sys/stat.h>
#include <sys/time.h>
#include <sys/types.h>
#include <sys/uio.h>
#include <sys/un.h>
#include <sys/utime.h>


int main(void){return 0;}

Determining if files stdio.h;inttypes.h;sys/ioctl.h;sys/param.h;sys/poll.h;sys/resource.h;sys/select.h;sys/socket.h;sys/stat.h;sys/time.h;sys/types.h;sys/uio.h;sys/un.h;sys/xattr.h;alloca.h;arpa/inet.h;arpa/tftp.h;assert.h;crypto.h exist failed with the following output:
Change Dir: /home/master1/src/cmake-3.19.5/CMakeFiles/CMakeTmp

Run Build Command(s):/usr/bin/make cmTC_51b5f/fast && make  -f CMakeFiles/cmTC_51b5f.dir/build.make CMakeFiles/cmTC_51b5f.dir/build
make[1]: Entering directory '/home/master1/src/cmake-3.19.5/CMakeFiles/CMakeTmp'
Building C object CMakeFiles/cmTC_51b5f.dir/HAVE_CRYPTO_H.c.o
/usr/bin/gcc   -w  -std=gnu11 -o CMakeFiles/cmTC_51b5f.dir/HAVE_CRYPTO_H.c.o -c /home/master1/src/cmake-3.19.5/CMakeFiles/CheckIncludeFiles/HAVE_CRYPTO_H.c
/home/master1/src/cmake-3.19.5/CMakeFiles/CheckIncludeFiles/HAVE_CRYPTO_H.c:20:10: fatal error: crypto.h: No such file or directory
   20 | #include <crypto.h>
      |          ^~~~~~~~~~
compilation terminated.
make[1]: *** [CMakeFiles/cmTC_51b5f.dir/build.make:85: CMakeFiles/cmTC_51b5f.dir/HAVE_CRYPTO_H.c.o] Error 1
make[1]: Leaving directory '/home/master1/src/cmake-3.19.5/CMakeFiles/CMakeTmp'
make: *** [Makefile:140: cmTC_51b5f/fast] Error 2


Source:
/* */
#include <stdio.h>
#include <inttypes.h>
#include <sys/ioctl.h>
#include <sys/param.h>
#include <sys/poll.h>
#include <sys/resource.h>
#include <sys/select.h>
#include <sys/socket.h>
#include <sys/stat.h>
#include <sys/time.h>
#include <sys/types.h>
#include <sys/uio.h>
#include <sys/un.h>
#include <sys/xattr.h>
#include <alloca.h>
#include <arpa/inet.h>
#include <arpa/tftp.h>
#include <assert.h>
#include <crypto.h>


int main(void){return 0;}

Determining if files stdio.h;inttypes.h;sys/ioctl.h;sys/param.h;sys/poll.h;sys/resource.h;sys/select.h;sys/socket.h;sys/stat.h;sys/time.h;sys/types.h;sys/uio.h;sys/un.h;sys/xattr.h;alloca.h;arpa/inet.h;arpa/tftp.h;assert.h;err.h;errno.h;fcntl.h;idn2.h exist failed with the following output:
Change Dir: /home/master1/src/cmake-3.19.5/CMakeFiles/CMakeTmp

Run Build Command(s):/usr/bin/make cmTC_2599d/fast && make  -f CMakeFiles/cmTC_2599d.dir/build.make CMakeFiles/cmTC_2599d.dir/build
make[1]: Entering directory '/home/master1/src/cmake-3.19.5/CMakeFiles/CMakeTmp'
Building C object CMakeFiles/cmTC_2599d.dir/HAVE_IDN2_H.c.o
/usr/bin/gcc   -w  -std=gnu11 -o CMakeFiles/cmTC_2599d.dir/HAVE_IDN2_H.c.o -c /home/master1/src/cmake-3.19.5/CMakeFiles/CheckIncludeFiles/HAVE_IDN2_H.c
/home/master1/src/cmake-3.19.5/CMakeFiles/CheckIncludeFiles/HAVE_IDN2_H.c:23:10: fatal error: idn2.h: No such file or directory
   23 | #include <idn2.h>
      |          ^~~~~~~~
compilation terminated.
make[1]: *** [CMakeFiles/cmTC_2599d.dir/build.make:85: CMakeFiles/cmTC_2599d.dir/HAVE_IDN2_H.c.o] Error 1
make[1]: Leaving directory '/home/master1/src/cmake-3.19.5/CMakeFiles/CMakeTmp'
make: *** [Makefile:140: cmTC_2599d/fast] Error 2


Source:
/* */
#include <stdio.h>
#include <inttypes.h>
#include <sys/ioctl.h>
#include <sys/param.h>
#include <sys/poll.h>
#include <sys/resource.h>
#include <sys/select.h>
#include <sys/socket.h>
#include <sys/stat.h>
#include <sys/time.h>
#include <sys/types.h>
#include <sys/uio.h>
#include <sys/un.h>
#include <sys/xattr.h>
#include <alloca.h>
#include <arpa/inet.h>
#include <arpa/tftp.h>
#include <assert.h>
#include <err.h>
#include <errno.h>
#include <fcntl.h>
#include <idn2.h>


int main(void){return 0;}

Determining if files stdio.h;inttypes.h;sys/ioctl.h;sys/param.h;sys/poll.h;sys/resource.h;sys/select.h;sys/socket.h;sys/stat.h;sys/time.h;sys/types.h;sys/uio.h;sys/un.h;sys/xattr.h;alloca.h;arpa/inet.h;arpa/tftp.h;assert.h;err.h;errno.h;fcntl.h;ifaddrs.h;io.h exist failed with the following output:
Change Dir: /home/master1/src/cmake-3.19.5/CMakeFiles/CMakeTmp

Run Build Command(s):/usr/bin/make cmTC_35ac8/fast && make  -f CMakeFiles/cmTC_35ac8.dir/build.make CMakeFiles/cmTC_35ac8.dir/build
make[1]: Entering directory '/home/master1/src/cmake-3.19.5/CMakeFiles/CMakeTmp'
Building C object CMakeFiles/cmTC_35ac8.dir/HAVE_IO_H.c.o
/usr/bin/gcc   -w  -std=gnu11 -o CMakeFiles/cmTC_35ac8.dir/HAVE_IO_H.c.o -c /home/master1/src/cmake-3.19.5/CMakeFiles/CheckIncludeFiles/HAVE_IO_H.c
/home/master1/src/cmake-3.19.5/CMakeFiles/CheckIncludeFiles/HAVE_IO_H.c:24:10: fatal error: io.h: No such file or directory
   24 | #include <io.h>
      |          ^~~~~~
compilation terminated.
make[1]: *** [CMakeFiles/cmTC_35ac8.dir/build.make:85: CMakeFiles/cmTC_35ac8.dir/HAVE_IO_H.c.o] Error 1
make[1]: Leaving directory '/home/master1/src/cmake-3.19.5/CMakeFiles/CMakeTmp'
make: *** [Makefile:140: cmTC_35ac8/fast] Error 2


Source:
/* */
#include <stdio.h>
#include <inttypes.h>
#include <sys/ioctl.h>
#include <sys/param.h>
#include <sys/poll.h>
#include <sys/resource.h>
#include <sys/select.h>
#include <sys/socket.h>
#include <sys/stat.h>
#include <sys/time.h>
#include <sys/types.h>
#include <sys/uio.h>
#include <sys/un.h>
#include <sys/xattr.h>
#include <alloca.h>
#include <arpa/inet.h>
#include <arpa/tftp.h>
#include <assert.h>
#include <err.h>
#include <errno.h>
#include <fcntl.h>
#include <ifaddrs.h>
#include <io.h>


int main(void){return 0;}

Determining if files stdio.h;inttypes.h;sys/ioctl.h;sys/param.h;sys/poll.h;sys/resource.h;sys/select.h;sys/socket.h;sys/stat.h;sys/time.h;sys/types.h;sys/uio.h;sys/un.h;sys/xattr.h;alloca.h;arpa/inet.h;arpa/tftp.h;assert.h;err.h;errno.h;fcntl.h;ifaddrs.h;krb.h exist failed with the following output:
Change Dir: /home/master1/src/cmake-3.19.5/CMakeFiles/CMakeTmp

Run Build Command(s):/usr/bin/make cmTC_35a75/fast && make  -f CMakeFiles/cmTC_35a75.dir/build.make CMakeFiles/cmTC_35a75.dir/build
make[1]: Entering directory '/home/master1/src/cmake-3.19.5/CMakeFiles/CMakeTmp'
Building C object CMakeFiles/cmTC_35a75.dir/HAVE_KRB_H.c.o
/usr/bin/gcc   -w  -std=gnu11 -o CMakeFiles/cmTC_35a75.dir/HAVE_KRB_H.c.o -c /home/master1/src/cmake-3.19.5/CMakeFiles/CheckIncludeFiles/HAVE_KRB_H.c
/home/master1/src/cmake-3.19.5/CMakeFiles/CheckIncludeFiles/HAVE_KRB_H.c:24:10: fatal error: krb.h: No such file or directory
   24 | #include <krb.h>
      |          ^~~~~~~
compilation terminated.
make[1]: *** [CMakeFiles/cmTC_35a75.dir/build.make:85: CMakeFiles/cmTC_35a75.dir/HAVE_KRB_H.c.o] Error 1
make[1]: Leaving directory '/home/master1/src/cmake-3.19.5/CMakeFiles/CMakeTmp'
make: *** [Makefile:140: cmTC_35a75/fast] Error 2


Source:
/* */
#include <stdio.h>
#include <inttypes.h>
#include <sys/ioctl.h>
#include <sys/param.h>
#include <sys/poll.h>
#include <sys/resource.h>
#include <sys/select.h>
#include <sys/socket.h>
#include <sys/stat.h>
#include <sys/time.h>
#include <sys/types.h>
#include <sys/uio.h>
#include <sys/un.h>
#include <sys/xattr.h>
#include <alloca.h>
#include <arpa/inet.h>
#include <arpa/tftp.h>
#include <assert.h>
#include <err.h>
#include <errno.h>
#include <fcntl.h>
#include <ifaddrs.h>
#include <krb.h>


int main(void){return 0;}

Determining if files stdio.h;inttypes.h;sys/ioctl.h;sys/param.h;sys/poll.h;sys/resource.h;sys/select.h;sys/socket.h;sys/stat.h;sys/time.h;sys/types.h;sys/uio.h;sys/un.h;sys/xattr.h;alloca.h;arpa/inet.h;arpa/tftp.h;assert.h;err.h;errno.h;fcntl.h;ifaddrs.h;libgen.h;locale.h;net/if.h;netdb.h;netinet/in.h;netinet/tcp.h;pem.h exist failed with the following output:
Change Dir: /home/master1/src/cmake-3.19.5/CMakeFiles/CMakeTmp

Run Build Command(s):/usr/bin/make cmTC_21e9e/fast && make  -f CMakeFiles/cmTC_21e9e.dir/build.make CMakeFiles/cmTC_21e9e.dir/build
make[1]: Entering directory '/home/master1/src/cmake-3.19.5/CMakeFiles/CMakeTmp'
Building C object CMakeFiles/cmTC_21e9e.dir/HAVE_PEM_H.c.o
/usr/bin/gcc   -w  -std=gnu11 -o CMakeFiles/cmTC_21e9e.dir/HAVE_PEM_H.c.o -c /home/master1/src/cmake-3.19.5/CMakeFiles/CheckIncludeFiles/HAVE_PEM_H.c
/home/master1/src/cmake-3.19.5/CMakeFiles/CheckIncludeFiles/HAVE_PEM_H.c:30:10: fatal error: pem.h: No such file or directory
   30 | #include <pem.h>
      |          ^~~~~~~
compilation terminated.
make[1]: *** [CMakeFiles/cmTC_21e9e.dir/build.make:85: CMakeFiles/cmTC_21e9e.dir/HAVE_PEM_H.c.o] Error 1
make[1]: Leaving directory '/home/master1/src/cmake-3.19.5/CMakeFiles/CMakeTmp'
make: *** [Makefile:140: cmTC_21e9e/fast] Error 2


Source:
/* */
#include <stdio.h>
#include <inttypes.h>
#include <sys/ioctl.h>
#include <sys/param.h>
#include <sys/poll.h>
#include <sys/resource.h>
#include <sys/select.h>
#include <sys/socket.h>
#include <sys/stat.h>
#include <sys/time.h>
#include <sys/types.h>
#include <sys/uio.h>
#include <sys/un.h>
#include <sys/xattr.h>
#include <alloca.h>
#include <arpa/inet.h>
#include <arpa/tftp.h>
#include <assert.h>
#include <err.h>
#include <errno.h>
#include <fcntl.h>
#include <ifaddrs.h>
#include <libgen.h>
#include <locale.h>
#include <net/if.h>
#include <netdb.h>
#include <netinet/in.h>
#include <netinet/tcp.h>
#include <pem.h>


int main(void){return 0;}

Determining if files stdio.h;inttypes.h;sys/ioctl.h;sys/param.h;sys/poll.h;sys/resource.h;sys/select.h;sys/socket.h;sys/stat.h;sys/time.h;sys/types.h;sys/uio.h;sys/un.h;sys/xattr.h;alloca.h;arpa/inet.h;arpa/tftp.h;assert.h;err.h;errno.h;fcntl.h;ifaddrs.h;libgen.h;locale.h;net/if.h;netdb.h;netinet/in.h;netinet/tcp.h;poll.h;pwd.h;rsa.h exist failed with the following output:
Change Dir: /home/master1/src/cmake-3.19.5/CMakeFiles/CMakeTmp

Run Build Command(s):/usr/bin/make cmTC_ad2bf/fast && make  -f CMakeFiles/cmTC_ad2bf.dir/build.make CMakeFiles/cmTC_ad2bf.dir/build
make[1]: Entering directory '/home/master1/src/cmake-3.19.5/CMakeFiles/CMakeTmp'
Building C object CMakeFiles/cmTC_ad2bf.dir/HAVE_RSA_H.c.o
/usr/bin/gcc   -w  -std=gnu11 -o CMakeFiles/cmTC_ad2bf.dir/HAVE_RSA_H.c.o -c /home/master1/src/cmake-3.19.5/CMakeFiles/CheckIncludeFiles/HAVE_RSA_H.c
/home/master1/src/cmake-3.19.5/CMakeFiles/CheckIncludeFiles/HAVE_RSA_H.c:32:10: fatal error: rsa.h: No such file or directory
   32 | #include <rsa.h>
      |          ^~~~~~~
compilation terminated.
make[1]: *** [CMakeFiles/cmTC_ad2bf.dir/build.make:85: CMakeFiles/cmTC_ad2bf.dir/HAVE_RSA_H.c.o] Error 1
make[1]: Leaving directory '/home/master1/src/cmake-3.19.5/CMakeFiles/CMakeTmp'
make: *** [Makefile:140: cmTC_ad2bf/fast] Error 2


Source:
/* */
#include <stdio.h>
#include <inttypes.h>
#include <sys/ioctl.h>
#include <sys/param.h>
#include <sys/poll.h>
#include <sys/resource.h>
#include <sys/select.h>
#include <sys/socket.h>
#include <sys/stat.h>
#include <sys/time.h>
#include <sys/types.h>
#include <sys/uio.h>
#include <sys/un.h>
#include <sys/xattr.h>
#include <alloca.h>
#include <arpa/inet.h>
#include <arpa/tftp.h>
#include <assert.h>
#include <err.h>
#include <errno.h>
#include <fcntl.h>
#include <ifaddrs.h>
#include <libgen.h>
#include <locale.h>
#include <net/if.h>
#include <netdb.h>
#include <netinet/in.h>
#include <netinet/tcp.h>
#include <poll.h>
#include <pwd.h>
#include <rsa.h>


int main(void){return 0;}

Determining if files stdio.h;inttypes.h;sys/ioctl.h;sys/param.h;sys/poll.h;sys/resource.h;sys/select.h;sys/socket.h;sys/stat.h;sys/time.h;sys/types.h;sys/uio.h;sys/un.h;sys/xattr.h;alloca.h;arpa/inet.h;arpa/tftp.h;assert.h;err.h;errno.h;fcntl.h;ifaddrs.h;libgen.h;locale.h;net/if.h;netdb.h;netinet/in.h;netinet/tcp.h;poll.h;pwd.h;setjmp.h;sgtty.h;signal.h;ssl.h exist failed with the following output:
Change Dir: /home/master1/src/cmake-3.19.5/CMakeFiles/CMakeTmp

Run Build Command(s):/usr/bin/make cmTC_b705d/fast && make  -f CMakeFiles/cmTC_b705d.dir/build.make CMakeFiles/cmTC_b705d.dir/build
make[1]: Entering directory '/home/master1/src/cmake-3.19.5/CMakeFiles/CMakeTmp'
Building C object CMakeFiles/cmTC_b705d.dir/HAVE_SSL_H.c.o
/usr/bin/gcc   -w  -std=gnu11 -o CMakeFiles/cmTC_b705d.dir/HAVE_SSL_H.c.o -c /home/master1/src/cmake-3.19.5/CMakeFiles/CheckIncludeFiles/HAVE_SSL_H.c
/home/master1/src/cmake-3.19.5/CMakeFiles/CheckIncludeFiles/HAVE_SSL_H.c:35:10: fatal error: ssl.h: No such file or directory
   35 | #include <ssl.h>
      |          ^~~~~~~
compilation terminated.
make[1]: *** [CMakeFiles/cmTC_b705d.dir/build.make:85: CMakeFiles/cmTC_b705d.dir/HAVE_SSL_H.c.o] Error 1
make[1]: Leaving directory '/home/master1/src/cmake-3.19.5/CMakeFiles/CMakeTmp'
make: *** [Makefile:140: cmTC_b705d/fast] Error 2


Source:
/* */
#include <stdio.h>
#include <inttypes.h>
#include <sys/ioctl.h>
#include <sys/param.h>
#include <sys/poll.h>
#include <sys/resource.h>
#include <sys/select.h>
#include <sys/socket.h>
#include <sys/stat.h>
#include <sys/time.h>
#include <sys/types.h>
#include <sys/uio.h>
#include <sys/un.h>
#include <sys/xattr.h>
#include <alloca.h>
#include <arpa/inet.h>
#include <arpa/tftp.h>
#include <assert.h>
#include <err.h>
#include <errno.h>
#include <fcntl.h>
#include <ifaddrs.h>
#include <libgen.h>
#include <locale.h>
#include <net/if.h>
#include <netdb.h>
#include <netinet/in.h>
#include <netinet/tcp.h>
#include <poll.h>
#include <pwd.h>
#include <setjmp.h>
#include <sgtty.h>
#include <signal.h>
#include <ssl.h>


int main(void){return 0;}

Determining if files stdio.h;inttypes.h;sys/ioctl.h;sys/param.h;sys/poll.h;sys/resource.h;sys/select.h;sys/socket.h;sys/stat.h;sys/time.h;sys/types.h;sys/uio.h;sys/un.h;sys/xattr.h;alloca.h;arpa/inet.h;arpa/tftp.h;assert.h;err.h;errno.h;fcntl.h;ifaddrs.h;libgen.h;locale.h;net/if.h;netdb.h;netinet/in.h;netinet/tcp.h;poll.h;pwd.h;setjmp.h;sgtty.h;signal.h;stdbool.h;stdint.h;stdio.h;stdlib.h;string.h;strings.h;stropts.h exist failed with the following output:
Change Dir: /home/master1/src/cmake-3.19.5/CMakeFiles/CMakeTmp

Run Build Command(s):/usr/bin/make cmTC_09494/fast && make  -f CMakeFiles/cmTC_09494.dir/build.make CMakeFiles/cmTC_09494.dir/build
make[1]: Entering directory '/home/master1/src/cmake-3.19.5/CMakeFiles/CMakeTmp'
Building C object CMakeFiles/cmTC_09494.dir/HAVE_STROPTS_H.c.o
/usr/bin/gcc   -w  -std=gnu11 -o CMakeFiles/cmTC_09494.dir/HAVE_STROPTS_H.c.o -c /home/master1/src/cmake-3.19.5/CMakeFiles/CheckIncludeFiles/HAVE_STROPTS_H.c
/home/master1/src/cmake-3.19.5/CMakeFiles/CheckIncludeFiles/HAVE_STROPTS_H.c:41:10: fatal error: stropts.h: No such file or directory
   41 | #include <stropts.h>
      |          ^~~~~~~~~~~
compilation terminated.
make[1]: *** [CMakeFiles/cmTC_09494.dir/build.make:85: CMakeFiles/cmTC_09494.dir/HAVE_STROPTS_H.c.o] Error 1
make[1]: Leaving directory '/home/master1/src/cmake-3.19.5/CMakeFiles/CMakeTmp'
make: *** [Makefile:140: cmTC_09494/fast] Error 2


Source:
/* */
#include <stdio.h>
#include <inttypes.h>
#include <sys/ioctl.h>
#include <sys/param.h>
#include <sys/poll.h>
#include <sys/resource.h>
#include <sys/select.h>
#include <sys/socket.h>
#include <sys/stat.h>
#include <sys/time.h>
#include <sys/types.h>
#include <sys/uio.h>
#include <sys/un.h>
#include <sys/xattr.h>
#include <alloca.h>
#include <arpa/inet.h>
#include <arpa/tftp.h>
#include <assert.h>
#include <err.h>
#include <errno.h>
#include <fcntl.h>
#include <ifaddrs.h>
#include <libgen.h>
#include <locale.h>
#include <net/if.h>
#include <netdb.h>
#include <netinet/in.h>
#include <netinet/tcp.h>
#include <poll.h>
#include <pwd.h>
#include <setjmp.h>
#include <sgtty.h>
#include <signal.h>
#include <stdbool.h>
#include <stdint.h>
#include <stdio.h>
#include <stdlib.h>
#include <string.h>
#include <strings.h>
#include <stropts.h>


int main(void){return 0;}

Determining if files stdio.h;inttypes.h;sys/ioctl.h;sys/param.h;sys/poll.h;sys/resource.h;sys/select.h;sys/socket.h;sys/stat.h;sys/time.h;sys/types.h;sys/uio.h;sys/un.h;sys/xattr.h;alloca.h;arpa/inet.h;arpa/tftp.h;assert.h;err.h;errno.h;fcntl.h;ifaddrs.h;libgen.h;locale.h;net/if.h;netdb.h;netinet/in.h;netinet/tcp.h;poll.h;pwd.h;setjmp.h;sgtty.h;signal.h;stdbool.h;stdint.h;stdio.h;stdlib.h;string.h;strings.h;termio.h;termios.h;time.h;unistd.h;utime.h;x509.h exist failed with the following output:
Change Dir: /home/master1/src/cmake-3.19.5/CMakeFiles/CMakeTmp

Run Build Command(s):/usr/bin/make cmTC_06d54/fast && make  -f CMakeFiles/cmTC_06d54.dir/build.make CMakeFiles/cmTC_06d54.dir/build
make[1]: Entering directory '/home/master1/src/cmake-3.19.5/CMakeFiles/CMakeTmp'
Building C object CMakeFiles/cmTC_06d54.dir/HAVE_X509_H.c.o
/usr/bin/gcc   -w  -std=gnu11 -o CMakeFiles/cmTC_06d54.dir/HAVE_X509_H.c.o -c /home/master1/src/cmake-3.19.5/CMakeFiles/CheckIncludeFiles/HAVE_X509_H.c
/home/master1/src/cmake-3.19.5/CMakeFiles/CheckIncludeFiles/HAVE_X509_H.c:46:10: fatal error: x509.h: No such file or directory
   46 | #include <x509.h>
      |          ^~~~~~~~
compilation terminated.
make[1]: *** [CMakeFiles/cmTC_06d54.dir/build.make:85: CMakeFiles/cmTC_06d54.dir/HAVE_X509_H.c.o] Error 1
make[1]: Leaving directory '/home/master1/src/cmake-3.19.5/CMakeFiles/CMakeTmp'
make: *** [Makefile:140: cmTC_06d54/fast] Error 2


Source:
/* */
#include <stdio.h>
#include <inttypes.h>
#include <sys/ioctl.h>
#include <sys/param.h>
#include <sys/poll.h>
#include <sys/resource.h>
#include <sys/select.h>
#include <sys/socket.h>
#include <sys/stat.h>
#include <sys/time.h>
#include <sys/types.h>
#include <sys/uio.h>
#include <sys/un.h>
#include <sys/xattr.h>
#include <alloca.h>
#include <arpa/inet.h>
#include <arpa/tftp.h>
#include <assert.h>
#include <err.h>
#include <errno.h>
#include <fcntl.h>
#include <ifaddrs.h>
#include <libgen.h>
#include <locale.h>
#include <net/if.h>
#include <netdb.h>
#include <netinet/in.h>
#include <netinet/tcp.h>
#include <poll.h>
#include <pwd.h>
#include <setjmp.h>
#include <sgtty.h>
#include <signal.h>
#include <stdbool.h>
#include <stdint.h>
#include <stdio.h>
#include <stdlib.h>
#include <string.h>
#include <strings.h>
#include <termio.h>
#include <termios.h>
#include <time.h>
#include <unistd.h>
#include <utime.h>
#include <x509.h>


int main(void){return 0;}

Determining if files stdio.h;inttypes.h;sys/ioctl.h;sys/param.h;sys/poll.h;sys/resource.h;sys/select.h;sys/socket.h;sys/stat.h;sys/time.h;sys/types.h;sys/uio.h;sys/un.h;sys/xattr.h;alloca.h;arpa/inet.h;arpa/tftp.h;assert.h;err.h;errno.h;fcntl.h;ifaddrs.h;libgen.h;locale.h;net/if.h;netdb.h;netinet/in.h;netinet/tcp.h;poll.h;pwd.h;setjmp.h;sgtty.h;signal.h;stdbool.h;stdint.h;stdio.h;stdlib.h;string.h;strings.h;termio.h;termios.h;time.h;unistd.h;utime.h;process.h exist failed with the following output:
Change Dir: /home/master1/src/cmake-3.19.5/CMakeFiles/CMakeTmp

Run Build Command(s):/usr/bin/make cmTC_73ea8/fast && make  -f CMakeFiles/cmTC_73ea8.dir/build.make CMakeFiles/cmTC_73ea8.dir/build
make[1]: Entering directory '/home/master1/src/cmake-3.19.5/CMakeFiles/CMakeTmp'
Building C object CMakeFiles/cmTC_73ea8.dir/HAVE_PROCESS_H.c.o
/usr/bin/gcc   -w  -std=gnu11 -o CMakeFiles/cmTC_73ea8.dir/HAVE_PROCESS_H.c.o -c /home/master1/src/cmake-3.19.5/CMakeFiles/CheckIncludeFiles/HAVE_PROCESS_H.c
/home/master1/src/cmake-3.19.5/CMakeFiles/CheckIncludeFiles/HAVE_PROCESS_H.c:46:10: fatal error: process.h: No such file or directory
   46 | #include <process.h>
      |          ^~~~~~~~~~~
compilation terminated.
make[1]: *** [CMakeFiles/cmTC_73ea8.dir/build.make:85: CMakeFiles/cmTC_73ea8.dir/HAVE_PROCESS_H.c.o] Error 1
make[1]: Leaving directory '/home/master1/src/cmake-3.19.5/CMakeFiles/CMakeTmp'
make: *** [Makefile:140: cmTC_73ea8/fast] Error 2


Source:
/* */
#include <stdio.h>
#include <inttypes.h>
#include <sys/ioctl.h>
#include <sys/param.h>
#include <sys/poll.h>
#include <sys/resource.h>
#include <sys/select.h>
#include <sys/socket.h>
#include <sys/stat.h>
#include <sys/time.h>
#include <sys/types.h>
#include <sys/uio.h>
#include <sys/un.h>
#include <sys/xattr.h>
#include <alloca.h>
#include <arpa/inet.h>
#include <arpa/tftp.h>
#include <assert.h>
#include <err.h>
#include <errno.h>
#include <fcntl.h>
#include <ifaddrs.h>
#include <libgen.h>
#include <locale.h>
#include <net/if.h>
#include <netdb.h>
#include <netinet/in.h>
#include <netinet/tcp.h>
#include <poll.h>
#include <pwd.h>
#include <setjmp.h>
#include <sgtty.h>
#include <signal.h>
#include <stdbool.h>
#include <stdint.h>
#include <stdio.h>
#include <stdlib.h>
#include <string.h>
#include <strings.h>
#include <termio.h>
#include <termios.h>
#include <time.h>
#include <unistd.h>
#include <utime.h>
#include <process.h>


int main(void){return 0;}

Determining if files stdio.h;inttypes.h;sys/ioctl.h;sys/param.h;sys/poll.h;sys/resource.h;sys/select.h;sys/socket.h;sys/stat.h;sys/time.h;sys/types.h;sys/uio.h;sys/un.h;sys/xattr.h;alloca.h;arpa/inet.h;arpa/tftp.h;assert.h;err.h;errno.h;fcntl.h;ifaddrs.h;libgen.h;locale.h;net/if.h;netdb.h;netinet/in.h;netinet/tcp.h;poll.h;pwd.h;setjmp.h;sgtty.h;signal.h;stdbool.h;stdint.h;stdio.h;stdlib.h;string.h;strings.h;termio.h;termios.h;time.h;unistd.h;utime.h;stddef.h;dlfcn.h;malloc.h;memory.h;netinet/if_ether.h;stdint.h;sockio.h exist failed with the following output:
Change Dir: /home/master1/src/cmake-3.19.5/CMakeFiles/CMakeTmp

Run Build Command(s):/usr/bin/make cmTC_217ce/fast && make  -f CMakeFiles/cmTC_217ce.dir/build.make CMakeFiles/cmTC_217ce.dir/build
make[1]: Entering directory '/home/master1/src/cmake-3.19.5/CMakeFiles/CMakeTmp'
Building C object CMakeFiles/cmTC_217ce.dir/HAVE_SOCKIO_H.c.o
/usr/bin/gcc   -w  -std=gnu11 -o CMakeFiles/cmTC_217ce.dir/HAVE_SOCKIO_H.c.o -c /home/master1/src/cmake-3.19.5/CMakeFiles/CheckIncludeFiles/HAVE_SOCKIO_H.c
/home/master1/src/cmake-3.19.5/CMakeFiles/CheckIncludeFiles/HAVE_SOCKIO_H.c:52:10: fatal error: sockio.h: No such file or directory
   52 | #include <sockio.h>
      |          ^~~~~~~~~~
compilation terminated.
make[1]: *** [CMakeFiles/cmTC_217ce.dir/build.make:85: CMakeFiles/cmTC_217ce.dir/HAVE_SOCKIO_H.c.o] Error 1
make[1]: Leaving directory '/home/master1/src/cmake-3.19.5/CMakeFiles/CMakeTmp'
make: *** [Makefile:140: cmTC_217ce/fast] Error 2


Source:
/* */
#include <stdio.h>
#include <inttypes.h>
#include <sys/ioctl.h>
#include <sys/param.h>
#include <sys/poll.h>
#include <sys/resource.h>
#include <sys/select.h>
#include <sys/socket.h>
#include <sys/stat.h>
#include <sys/time.h>
#include <sys/types.h>
#include <sys/uio.h>
#include <sys/un.h>
#include <sys/xattr.h>
#include <alloca.h>
#include <arpa/inet.h>
#include <arpa/tftp.h>
#include <assert.h>
#include <err.h>
#include <errno.h>
#include <fcntl.h>
#include <ifaddrs.h>
#include <libgen.h>
#include <locale.h>
#include <net/if.h>
#include <netdb.h>
#include <netinet/in.h>
#include <netinet/tcp.h>
#include <poll.h>
#include <pwd.h>
#include <setjmp.h>
#include <sgtty.h>
#include <signal.h>
#include <stdbool.h>
#include <stdint.h>
#include <stdio.h>
#include <stdlib.h>
#include <string.h>
#include <strings.h>
#include <termio.h>
#include <termios.h>
#include <time.h>
#include <unistd.h>
#include <utime.h>
#include <stddef.h>
#include <dlfcn.h>
#include <malloc.h>
#include <memory.h>
#include <netinet/if_ether.h>
#include <stdint.h>
#include <sockio.h>


int main(void){return 0;}

Determining if the stricmp exist failed with the following output:
Change Dir: /home/master1/src/cmake-3.19.5/CMakeFiles/CMakeTmp

Run Build Command(s):/usr/bin/make cmTC_1ab8e/fast && make  -f CMakeFiles/cmTC_1ab8e.dir/build.make CMakeFiles/cmTC_1ab8e.dir/build
make[1]: Entering directory '/home/master1/src/cmake-3.19.5/CMakeFiles/CMakeTmp'
Building C object CMakeFiles/cmTC_1ab8e.dir/CheckSymbolExists.c.o
/usr/bin/gcc   -w  -std=gnu11 -o CMakeFiles/cmTC_1ab8e.dir/CheckSymbolExists.c.o -c /home/master1/src/cmake-3.19.5/CMakeFiles/CMakeTmp/CheckSymbolExists.c
/home/master1/src/cmake-3.19.5/CMakeFiles/CMakeTmp/CheckSymbolExists.c: In function ‘main’:
/home/master1/src/cmake-3.19.5/CMakeFiles/CMakeTmp/CheckSymbolExists.c:58:19: error: ‘stricmp’ undeclared (first use in this function); did you mean ‘strncmp’?
   58 |   return ((int*)(&stricmp))[argc];
      |                   ^~~~~~~
      |                   strncmp
/home/master1/src/cmake-3.19.5/CMakeFiles/CMakeTmp/CheckSymbolExists.c:58:19: note: each undeclared identifier is reported only once for each function it appears in
make[1]: *** [CMakeFiles/cmTC_1ab8e.dir/build.make:85: CMakeFiles/cmTC_1ab8e.dir/CheckSymbolExists.c.o] Error 1
make[1]: Leaving directory '/home/master1/src/cmake-3.19.5/CMakeFiles/CMakeTmp'
make: *** [Makefile:140: cmTC_1ab8e/fast] Error 2


File /home/master1/src/cmake-3.19.5/CMakeFiles/CMakeTmp/CheckSymbolExists.c:
/* */
#include <stdio.h>
#include <inttypes.h>
#include <sys/ioctl.h>
#include <sys/param.h>
#include <sys/poll.h>
#include <sys/resource.h>
#include <sys/select.h>
#include <sys/socket.h>
#include <sys/stat.h>
#include <sys/time.h>
#include <sys/types.h>
#include <sys/uio.h>
#include <sys/un.h>
#include <sys/xattr.h>
#include <alloca.h>
#include <arpa/inet.h>
#include <arpa/tftp.h>
#include <assert.h>
#include <err.h>
#include <errno.h>
#include <fcntl.h>
#include <ifaddrs.h>
#include <libgen.h>
#include <locale.h>
#include <net/if.h>
#include <netdb.h>
#include <netinet/in.h>
#include <netinet/tcp.h>
#include <poll.h>
#include <pwd.h>
#include <setjmp.h>
#include <sgtty.h>
#include <signal.h>
#include <stdbool.h>
#include <stdint.h>
#include <stdio.h>
#include <stdlib.h>
#include <string.h>
#include <strings.h>
#include <termio.h>
#include <termios.h>
#include <time.h>
#include <unistd.h>
#include <utime.h>
#include <stddef.h>
#include <dlfcn.h>
#include <malloc.h>
#include <memory.h>
#include <netinet/if_ether.h>
#include <stdint.h>
#include <sys/utsname.h>

int main(int argc, char** argv)
{
  (void)argv;
#ifndef stricmp
  return ((int*)(&stricmp))[argc];
#else
  (void)argc;
  return 0;
#endif
}
Determining if the strcmpi exist failed with the following output:
Change Dir: /home/master1/src/cmake-3.19.5/CMakeFiles/CMakeTmp

Run Build Command(s):/usr/bin/make cmTC_2a3c0/fast && make  -f CMakeFiles/cmTC_2a3c0.dir/build.make CMakeFiles/cmTC_2a3c0.dir/build
make[1]: Entering directory '/home/master1/src/cmake-3.19.5/CMakeFiles/CMakeTmp'
Building C object CMakeFiles/cmTC_2a3c0.dir/CheckSymbolExists.c.o
/usr/bin/gcc   -w  -std=gnu11 -o CMakeFiles/cmTC_2a3c0.dir/CheckSymbolExists.c.o -c /home/master1/src/cmake-3.19.5/CMakeFiles/CMakeTmp/CheckSymbolExists.c
/home/master1/src/cmake-3.19.5/CMakeFiles/CMakeTmp/CheckSymbolExists.c: In function ‘main’:
/home/master1/src/cmake-3.19.5/CMakeFiles/CMakeTmp/CheckSymbolExists.c:58:19: error: ‘strcmpi’ undeclared (first use in this function); did you mean ‘strcmp’?
   58 |   return ((int*)(&strcmpi))[argc];
      |                   ^~~~~~~
      |                   strcmp
/home/master1/src/cmake-3.19.5/CMakeFiles/CMakeTmp/CheckSymbolExists.c:58:19: note: each undeclared identifier is reported only once for each function it appears in
make[1]: *** [CMakeFiles/cmTC_2a3c0.dir/build.make:85: CMakeFiles/cmTC_2a3c0.dir/CheckSymbolExists.c.o] Error 1
make[1]: Leaving directory '/home/master1/src/cmake-3.19.5/CMakeFiles/CMakeTmp'
make: *** [Makefile:140: cmTC_2a3c0/fast] Error 2


File /home/master1/src/cmake-3.19.5/CMakeFiles/CMakeTmp/CheckSymbolExists.c:
/* */
#include <stdio.h>
#include <inttypes.h>
#include <sys/ioctl.h>
#include <sys/param.h>
#include <sys/poll.h>
#include <sys/resource.h>
#include <sys/select.h>
#include <sys/socket.h>
#include <sys/stat.h>
#include <sys/time.h>
#include <sys/types.h>
#include <sys/uio.h>
#include <sys/un.h>
#include <sys/xattr.h>
#include <alloca.h>
#include <arpa/inet.h>
#include <arpa/tftp.h>
#include <assert.h>
#include <err.h>
#include <errno.h>
#include <fcntl.h>
#include <ifaddrs.h>
#include <libgen.h>
#include <locale.h>
#include <net/if.h>
#include <netdb.h>
#include <netinet/in.h>
#include <netinet/tcp.h>
#include <poll.h>
#include <pwd.h>
#include <setjmp.h>
#include <sgtty.h>
#include <signal.h>
#include <stdbool.h>
#include <stdint.h>
#include <stdio.h>
#include <stdlib.h>
#include <string.h>
#include <strings.h>
#include <termio.h>
#include <termios.h>
#include <time.h>
#include <unistd.h>
#include <utime.h>
#include <stddef.h>
#include <dlfcn.h>
#include <malloc.h>
#include <memory.h>
#include <netinet/if_ether.h>
#include <stdint.h>
#include <sys/utsname.h>

int main(int argc, char** argv)
{
  (void)argv;
#ifndef strcmpi
  return ((int*)(&strcmpi))[argc];
#else
  (void)argc;
  return 0;
#endif
}
Determining if the strncmpi exist failed with the following output:
Change Dir: /home/master1/src/cmake-3.19.5/CMakeFiles/CMakeTmp

Run Build Command(s):/usr/bin/make cmTC_80bd4/fast && make  -f CMakeFiles/cmTC_80bd4.dir/build.make CMakeFiles/cmTC_80bd4.dir/build
make[1]: Entering directory '/home/master1/src/cmake-3.19.5/CMakeFiles/CMakeTmp'
Building C object CMakeFiles/cmTC_80bd4.dir/CheckSymbolExists.c.o
/usr/bin/gcc   -w  -std=gnu11 -o CMakeFiles/cmTC_80bd4.dir/CheckSymbolExists.c.o -c /home/master1/src/cmake-3.19.5/CMakeFiles/CMakeTmp/CheckSymbolExists.c
/home/master1/src/cmake-3.19.5/CMakeFiles/CMakeTmp/CheckSymbolExists.c: In function ‘main’:
/home/master1/src/cmake-3.19.5/CMakeFiles/CMakeTmp/CheckSymbolExists.c:58:19: error: ‘strncmpi’ undeclared (first use in this function); did you mean ‘strncmp’?
   58 |   return ((int*)(&strncmpi))[argc];
      |                   ^~~~~~~~
      |                   strncmp
/home/master1/src/cmake-3.19.5/CMakeFiles/CMakeTmp/CheckSymbolExists.c:58:19: note: each undeclared identifier is reported only once for each function it appears in
make[1]: *** [CMakeFiles/cmTC_80bd4.dir/build.make:85: CMakeFiles/cmTC_80bd4.dir/CheckSymbolExists.c.o] Error 1
make[1]: Leaving directory '/home/master1/src/cmake-3.19.5/CMakeFiles/CMakeTmp'
make: *** [Makefile:140: cmTC_80bd4/fast] Error 2


File /home/master1/src/cmake-3.19.5/CMakeFiles/CMakeTmp/CheckSymbolExists.c:
/* */
#include <stdio.h>
#include <inttypes.h>
#include <sys/ioctl.h>
#include <sys/param.h>
#include <sys/poll.h>
#include <sys/resource.h>
#include <sys/select.h>
#include <sys/socket.h>
#include <sys/stat.h>
#include <sys/time.h>
#include <sys/types.h>
#include <sys/uio.h>
#include <sys/un.h>
#include <sys/xattr.h>
#include <alloca.h>
#include <arpa/inet.h>
#include <arpa/tftp.h>
#include <assert.h>
#include <err.h>
#include <errno.h>
#include <fcntl.h>
#include <ifaddrs.h>
#include <libgen.h>
#include <locale.h>
#include <net/if.h>
#include <netdb.h>
#include <netinet/in.h>
#include <netinet/tcp.h>
#include <poll.h>
#include <pwd.h>
#include <setjmp.h>
#include <sgtty.h>
#include <signal.h>
#include <stdbool.h>
#include <stdint.h>
#include <stdio.h>
#include <stdlib.h>
#include <string.h>
#include <strings.h>
#include <termio.h>
#include <termios.h>
#include <time.h>
#include <unistd.h>
#include <utime.h>
#include <stddef.h>
#include <dlfcn.h>
#include <malloc.h>
#include <memory.h>
#include <netinet/if_ether.h>
#include <stdint.h>
#include <sys/utsname.h>

int main(int argc, char** argv)
{
  (void)argv;
#ifndef strncmpi
  return ((int*)(&strncmpi))[argc];
#else
  (void)argc;
  return 0;
#endif
}
Determining if the inet_ntoa_r exist failed with the following output:
Change Dir: /home/master1/src/cmake-3.19.5/CMakeFiles/CMakeTmp

Run Build Command(s):/usr/bin/make cmTC_a9810/fast && make  -f CMakeFiles/cmTC_a9810.dir/build.make CMakeFiles/cmTC_a9810.dir/build
make[1]: Entering directory '/home/master1/src/cmake-3.19.5/CMakeFiles/CMakeTmp'
Building C object CMakeFiles/cmTC_a9810.dir/CheckSymbolExists.c.o
/usr/bin/gcc   -w  -std=gnu11 -o CMakeFiles/cmTC_a9810.dir/CheckSymbolExists.c.o -c /home/master1/src/cmake-3.19.5/CMakeFiles/CMakeTmp/CheckSymbolExists.c
/home/master1/src/cmake-3.19.5/CMakeFiles/CMakeTmp/CheckSymbolExists.c: In function ‘main’:
/home/master1/src/cmake-3.19.5/CMakeFiles/CMakeTmp/CheckSymbolExists.c:58:19: error: ‘inet_ntoa_r’ undeclared (first use in this function); did you mean ‘inet_ntoa’?
   58 |   return ((int*)(&inet_ntoa_r))[argc];
      |                   ^~~~~~~~~~~
      |                   inet_ntoa
/home/master1/src/cmake-3.19.5/CMakeFiles/CMakeTmp/CheckSymbolExists.c:58:19: note: each undeclared identifier is reported only once for each function it appears in
make[1]: *** [CMakeFiles/cmTC_a9810.dir/build.make:85: CMakeFiles/cmTC_a9810.dir/CheckSymbolExists.c.o] Error 1
make[1]: Leaving directory '/home/master1/src/cmake-3.19.5/CMakeFiles/CMakeTmp'
make: *** [Makefile:140: cmTC_a9810/fast] Error 2


File /home/master1/src/cmake-3.19.5/CMakeFiles/CMakeTmp/CheckSymbolExists.c:
/* */
#include <stdio.h>
#include <inttypes.h>
#include <sys/ioctl.h>
#include <sys/param.h>
#include <sys/poll.h>
#include <sys/resource.h>
#include <sys/select.h>
#include <sys/socket.h>
#include <sys/stat.h>
#include <sys/time.h>
#include <sys/types.h>
#include <sys/uio.h>
#include <sys/un.h>
#include <sys/xattr.h>
#include <alloca.h>
#include <arpa/inet.h>
#include <arpa/tftp.h>
#include <assert.h>
#include <err.h>
#include <errno.h>
#include <fcntl.h>
#include <ifaddrs.h>
#include <libgen.h>
#include <locale.h>
#include <net/if.h>
#include <netdb.h>
#include <netinet/in.h>
#include <netinet/tcp.h>
#include <poll.h>
#include <pwd.h>
#include <setjmp.h>
#include <sgtty.h>
#include <signal.h>
#include <stdbool.h>
#include <stdint.h>
#include <stdio.h>
#include <stdlib.h>
#include <string.h>
#include <strings.h>
#include <termio.h>
#include <termios.h>
#include <time.h>
#include <unistd.h>
#include <utime.h>
#include <stddef.h>
#include <dlfcn.h>
#include <malloc.h>
#include <memory.h>
#include <netinet/if_ether.h>
#include <stdint.h>
#include <sys/utsname.h>

int main(int argc, char** argv)
{
  (void)argv;
#ifndef inet_ntoa_r
  return ((int*)(&inet_ntoa_r))[argc];
#else
  (void)argc;
  return 0;
#endif
}
Determining if the closesocket exist failed with the following output:
Change Dir: /home/master1/src/cmake-3.19.5/CMakeFiles/CMakeTmp

Run Build Command(s):/usr/bin/make cmTC_d51dc/fast && make  -f CMakeFiles/cmTC_d51dc.dir/build.make CMakeFiles/cmTC_d51dc.dir/build
make[1]: Entering directory '/home/master1/src/cmake-3.19.5/CMakeFiles/CMakeTmp'
Building C object CMakeFiles/cmTC_d51dc.dir/CheckSymbolExists.c.o
/usr/bin/gcc   -w  -std=gnu11 -o CMakeFiles/cmTC_d51dc.dir/CheckSymbolExists.c.o -c /home/master1/src/cmake-3.19.5/CMakeFiles/CMakeTmp/CheckSymbolExists.c
/home/master1/src/cmake-3.19.5/CMakeFiles/CMakeTmp/CheckSymbolExists.c: In function ‘main’:
/home/master1/src/cmake-3.19.5/CMakeFiles/CMakeTmp/CheckSymbolExists.c:58:19: error: ‘closesocket’ undeclared (first use in this function)
   58 |   return ((int*)(&closesocket))[argc];
      |                   ^~~~~~~~~~~
/home/master1/src/cmake-3.19.5/CMakeFiles/CMakeTmp/CheckSymbolExists.c:58:19: note: each undeclared identifier is reported only once for each function it appears in
make[1]: *** [CMakeFiles/cmTC_d51dc.dir/build.make:85: CMakeFiles/cmTC_d51dc.dir/CheckSymbolExists.c.o] Error 1
make[1]: Leaving directory '/home/master1/src/cmake-3.19.5/CMakeFiles/CMakeTmp'
make: *** [Makefile:140: cmTC_d51dc/fast] Error 2


File /home/master1/src/cmake-3.19.5/CMakeFiles/CMakeTmp/CheckSymbolExists.c:
/* */
#include <stdio.h>
#include <inttypes.h>
#include <sys/ioctl.h>
#include <sys/param.h>
#include <sys/poll.h>
#include <sys/resource.h>
#include <sys/select.h>
#include <sys/socket.h>
#include <sys/stat.h>
#include <sys/time.h>
#include <sys/types.h>
#include <sys/uio.h>
#include <sys/un.h>
#include <sys/xattr.h>
#include <alloca.h>
#include <arpa/inet.h>
#include <arpa/tftp.h>
#include <assert.h>
#include <err.h>
#include <errno.h>
#include <fcntl.h>
#include <ifaddrs.h>
#include <libgen.h>
#include <locale.h>
#include <net/if.h>
#include <netdb.h>
#include <netinet/in.h>
#include <netinet/tcp.h>
#include <poll.h>
#include <pwd.h>
#include <setjmp.h>
#include <sgtty.h>
#include <signal.h>
#include <stdbool.h>
#include <stdint.h>
#include <stdio.h>
#include <stdlib.h>
#include <string.h>
#include <strings.h>
#include <termio.h>
#include <termios.h>
#include <time.h>
#include <unistd.h>
#include <utime.h>
#include <stddef.h>
#include <dlfcn.h>
#include <malloc.h>
#include <memory.h>
#include <netinet/if_ether.h>
#include <stdint.h>
#include <sys/utsname.h>

int main(int argc, char** argv)
{
  (void)argv;
#ifndef closesocket
  return ((int*)(&closesocket))[argc];
#else
  (void)argc;
  return 0;
#endif
}
Determining if the getpass_r exist failed with the following output:
Change Dir: /home/master1/src/cmake-3.19.5/CMakeFiles/CMakeTmp

Run Build Command(s):/usr/bin/make cmTC_2f4ac/fast && make  -f CMakeFiles/cmTC_2f4ac.dir/build.make CMakeFiles/cmTC_2f4ac.dir/build
make[1]: Entering directory '/home/master1/src/cmake-3.19.5/CMakeFiles/CMakeTmp'
Building C object CMakeFiles/cmTC_2f4ac.dir/CheckSymbolExists.c.o
/usr/bin/gcc   -w  -std=gnu11 -o CMakeFiles/cmTC_2f4ac.dir/CheckSymbolExists.c.o -c /home/master1/src/cmake-3.19.5/CMakeFiles/CMakeTmp/CheckSymbolExists.c
/home/master1/src/cmake-3.19.5/CMakeFiles/CMakeTmp/CheckSymbolExists.c: In function ‘main’:
/home/master1/src/cmake-3.19.5/CMakeFiles/CMakeTmp/CheckSymbolExists.c:58:19: error: ‘getpass_r’ undeclared (first use in this function); did you mean ‘getpass’?
   58 |   return ((int*)(&getpass_r))[argc];
      |                   ^~~~~~~~~
      |                   getpass
/home/master1/src/cmake-3.19.5/CMakeFiles/CMakeTmp/CheckSymbolExists.c:58:19: note: each undeclared identifier is reported only once for each function it appears in
make[1]: *** [CMakeFiles/cmTC_2f4ac.dir/build.make:85: CMakeFiles/cmTC_2f4ac.dir/CheckSymbolExists.c.o] Error 1
make[1]: Leaving directory '/home/master1/src/cmake-3.19.5/CMakeFiles/CMakeTmp'
make: *** [Makefile:140: cmTC_2f4ac/fast] Error 2


File /home/master1/src/cmake-3.19.5/CMakeFiles/CMakeTmp/CheckSymbolExists.c:
/* */
#include <stdio.h>
#include <inttypes.h>
#include <sys/ioctl.h>
#include <sys/param.h>
#include <sys/poll.h>
#include <sys/resource.h>
#include <sys/select.h>
#include <sys/socket.h>
#include <sys/stat.h>
#include <sys/time.h>
#include <sys/types.h>
#include <sys/uio.h>
#include <sys/un.h>
#include <sys/xattr.h>
#include <alloca.h>
#include <arpa/inet.h>
#include <arpa/tftp.h>
#include <assert.h>
#include <err.h>
#include <errno.h>
#include <fcntl.h>
#include <ifaddrs.h>
#include <libgen.h>
#include <locale.h>
#include <net/if.h>
#include <netdb.h>
#include <netinet/in.h>
#include <netinet/tcp.h>
#include <poll.h>
#include <pwd.h>
#include <setjmp.h>
#include <sgtty.h>
#include <signal.h>
#include <stdbool.h>
#include <stdint.h>
#include <stdio.h>
#include <stdlib.h>
#include <string.h>
#include <strings.h>
#include <termio.h>
#include <termios.h>
#include <time.h>
#include <unistd.h>
#include <utime.h>
#include <stddef.h>
#include <dlfcn.h>
#include <malloc.h>
#include <memory.h>
#include <netinet/if_ether.h>
#include <stdint.h>
#include <sys/utsname.h>

int main(int argc, char** argv)
{
  (void)argv;
#ifndef getpass_r
  return ((int*)(&getpass_r))[argc];
#else
  (void)argc;
  return 0;
#endif
}
Determining if the strlcat exist failed with the following output:
Change Dir: /home/master1/src/cmake-3.19.5/CMakeFiles/CMakeTmp

Run Build Command(s):/usr/bin/make cmTC_0f08c/fast && make  -f CMakeFiles/cmTC_0f08c.dir/build.make CMakeFiles/cmTC_0f08c.dir/build
make[1]: Entering directory '/home/master1/src/cmake-3.19.5/CMakeFiles/CMakeTmp'
Building C object CMakeFiles/cmTC_0f08c.dir/CheckSymbolExists.c.o
/usr/bin/gcc   -w  -std=gnu11 -o CMakeFiles/cmTC_0f08c.dir/CheckSymbolExists.c.o -c /home/master1/src/cmake-3.19.5/CMakeFiles/CMakeTmp/CheckSymbolExists.c
/home/master1/src/cmake-3.19.5/CMakeFiles/CMakeTmp/CheckSymbolExists.c: In function ‘main’:
/home/master1/src/cmake-3.19.5/CMakeFiles/CMakeTmp/CheckSymbolExists.c:58:19: error: ‘strlcat’ undeclared (first use in this function); did you mean ‘strncat’?
   58 |   return ((int*)(&strlcat))[argc];
      |                   ^~~~~~~
      |                   strncat
/home/master1/src/cmake-3.19.5/CMakeFiles/CMakeTmp/CheckSymbolExists.c:58:19: note: each undeclared identifier is reported only once for each function it appears in
make[1]: *** [CMakeFiles/cmTC_0f08c.dir/build.make:85: CMakeFiles/cmTC_0f08c.dir/CheckSymbolExists.c.o] Error 1
make[1]: Leaving directory '/home/master1/src/cmake-3.19.5/CMakeFiles/CMakeTmp'
make: *** [Makefile:140: cmTC_0f08c/fast] Error 2


File /home/master1/src/cmake-3.19.5/CMakeFiles/CMakeTmp/CheckSymbolExists.c:
/* */
#include <stdio.h>
#include <inttypes.h>
#include <sys/ioctl.h>
#include <sys/param.h>
#include <sys/poll.h>
#include <sys/resource.h>
#include <sys/select.h>
#include <sys/socket.h>
#include <sys/stat.h>
#include <sys/time.h>
#include <sys/types.h>
#include <sys/uio.h>
#include <sys/un.h>
#include <sys/xattr.h>
#include <alloca.h>
#include <arpa/inet.h>
#include <arpa/tftp.h>
#include <assert.h>
#include <err.h>
#include <errno.h>
#include <fcntl.h>
#include <ifaddrs.h>
#include <libgen.h>
#include <locale.h>
#include <net/if.h>
#include <netdb.h>
#include <netinet/in.h>
#include <netinet/tcp.h>
#include <poll.h>
#include <pwd.h>
#include <setjmp.h>
#include <sgtty.h>
#include <signal.h>
#include <stdbool.h>
#include <stdint.h>
#include <stdio.h>
#include <stdlib.h>
#include <string.h>
#include <strings.h>
#include <termio.h>
#include <termios.h>
#include <time.h>
#include <unistd.h>
#include <utime.h>
#include <stddef.h>
#include <dlfcn.h>
#include <malloc.h>
#include <memory.h>
#include <netinet/if_ether.h>
#include <stdint.h>
#include <sys/utsname.h>

int main(int argc, char** argv)
{
  (void)argv;
#ifndef strlcat
  return ((int*)(&strlcat))[argc];
#else
  (void)argc;
  return 0;
#endif
}
Determining if the _strtoi64 exist failed with the following output:
Change Dir: /home/master1/src/cmake-3.19.5/CMakeFiles/CMakeTmp

Run Build Command(s):/usr/bin/make cmTC_00434/fast && make  -f CMakeFiles/cmTC_00434.dir/build.make CMakeFiles/cmTC_00434.dir/build
make[1]: Entering directory '/home/master1/src/cmake-3.19.5/CMakeFiles/CMakeTmp'
Building C object CMakeFiles/cmTC_00434.dir/CheckSymbolExists.c.o
/usr/bin/gcc   -w  -std=gnu11 -o CMakeFiles/cmTC_00434.dir/CheckSymbolExists.c.o -c /home/master1/src/cmake-3.19.5/CMakeFiles/CMakeTmp/CheckSymbolExists.c
/home/master1/src/cmake-3.19.5/CMakeFiles/CMakeTmp/CheckSymbolExists.c: In function ‘main’:
/home/master1/src/cmake-3.19.5/CMakeFiles/CMakeTmp/CheckSymbolExists.c:58:19: error: ‘_strtoi64’ undeclared (first use in this function)
   58 |   return ((int*)(&_strtoi64))[argc];
      |                   ^~~~~~~~~
/home/master1/src/cmake-3.19.5/CMakeFiles/CMakeTmp/CheckSymbolExists.c:58:19: note: each undeclared identifier is reported only once for each function it appears in
make[1]: *** [CMakeFiles/cmTC_00434.dir/build.make:85: CMakeFiles/cmTC_00434.dir/CheckSymbolExists.c.o] Error 1
make[1]: Leaving directory '/home/master1/src/cmake-3.19.5/CMakeFiles/CMakeTmp'
make: *** [Makefile:140: cmTC_00434/fast] Error 2


File /home/master1/src/cmake-3.19.5/CMakeFiles/CMakeTmp/CheckSymbolExists.c:
/* */
#include <stdio.h>
#include <inttypes.h>
#include <sys/ioctl.h>
#include <sys/param.h>
#include <sys/poll.h>
#include <sys/resource.h>
#include <sys/select.h>
#include <sys/socket.h>
#include <sys/stat.h>
#include <sys/time.h>
#include <sys/types.h>
#include <sys/uio.h>
#include <sys/un.h>
#include <sys/xattr.h>
#include <alloca.h>
#include <arpa/inet.h>
#include <arpa/tftp.h>
#include <assert.h>
#include <err.h>
#include <errno.h>
#include <fcntl.h>
#include <ifaddrs.h>
#include <libgen.h>
#include <locale.h>
#include <net/if.h>
#include <netdb.h>
#include <netinet/in.h>
#include <netinet/tcp.h>
#include <poll.h>
#include <pwd.h>
#include <setjmp.h>
#include <sgtty.h>
#include <signal.h>
#include <stdbool.h>
#include <stdint.h>
#include <stdio.h>
#include <stdlib.h>
#include <string.h>
#include <strings.h>
#include <termio.h>
#include <termios.h>
#include <time.h>
#include <unistd.h>
#include <utime.h>
#include <stddef.h>
#include <dlfcn.h>
#include <malloc.h>
#include <memory.h>
#include <netinet/if_ether.h>
#include <stdint.h>
#include <sys/utsname.h>

int main(int argc, char** argv)
{
  (void)argv;
#ifndef _strtoi64
  return ((int*)(&_strtoi64))[argc];
#else
  (void)argc;
  return 0;
#endif
}
Determining if the setmode exist failed with the following output:
Change Dir: /home/master1/src/cmake-3.19.5/CMakeFiles/CMakeTmp

Run Build Command(s):/usr/bin/make cmTC_8b921/fast && make  -f CMakeFiles/cmTC_8b921.dir/build.make CMakeFiles/cmTC_8b921.dir/build
make[1]: Entering directory '/home/master1/src/cmake-3.19.5/CMakeFiles/CMakeTmp'
Building C object CMakeFiles/cmTC_8b921.dir/CheckSymbolExists.c.o
/usr/bin/gcc   -w  -std=gnu11 -o CMakeFiles/cmTC_8b921.dir/CheckSymbolExists.c.o -c /home/master1/src/cmake-3.19.5/CMakeFiles/CMakeTmp/CheckSymbolExists.c
/home/master1/src/cmake-3.19.5/CMakeFiles/CMakeTmp/CheckSymbolExists.c: In function ‘main’:
/home/master1/src/cmake-3.19.5/CMakeFiles/CMakeTmp/CheckSymbolExists.c:58:19: error: ‘setmode’ undeclared (first use in this function)
   58 |   return ((int*)(&setmode))[argc];
      |                   ^~~~~~~
/home/master1/src/cmake-3.19.5/CMakeFiles/CMakeTmp/CheckSymbolExists.c:58:19: note: each undeclared identifier is reported only once for each function it appears in
make[1]: *** [CMakeFiles/cmTC_8b921.dir/build.make:85: CMakeFiles/cmTC_8b921.dir/CheckSymbolExists.c.o] Error 1
make[1]: Leaving directory '/home/master1/src/cmake-3.19.5/CMakeFiles/CMakeTmp'
make: *** [Makefile:140: cmTC_8b921/fast] Error 2


File /home/master1/src/cmake-3.19.5/CMakeFiles/CMakeTmp/CheckSymbolExists.c:
/* */
#include <stdio.h>
#include <inttypes.h>
#include <sys/ioctl.h>
#include <sys/param.h>
#include <sys/poll.h>
#include <sys/resource.h>
#include <sys/select.h>
#include <sys/socket.h>
#include <sys/stat.h>
#include <sys/time.h>
#include <sys/types.h>
#include <sys/uio.h>
#include <sys/un.h>
#include <sys/xattr.h>
#include <alloca.h>
#include <arpa/inet.h>
#include <arpa/tftp.h>
#include <assert.h>
#include <err.h>
#include <errno.h>
#include <fcntl.h>
#include <ifaddrs.h>
#include <libgen.h>
#include <locale.h>
#include <net/if.h>
#include <netdb.h>
#include <netinet/in.h>
#include <netinet/tcp.h>
#include <poll.h>
#include <pwd.h>
#include <setjmp.h>
#include <sgtty.h>
#include <signal.h>
#include <stdbool.h>
#include <stdint.h>
#include <stdio.h>
#include <stdlib.h>
#include <string.h>
#include <strings.h>
#include <termio.h>
#include <termios.h>
#include <time.h>
#include <unistd.h>
#include <utime.h>
#include <stddef.h>
#include <dlfcn.h>
#include <malloc.h>
#include <memory.h>
#include <netinet/if_ether.h>
#include <stdint.h>
#include <sys/utsname.h>

int main(int argc, char** argv)
{
  (void)argv;
#ifndef setmode
  return ((int*)(&setmode))[argc];
#else
  (void)argc;
  return 0;
#endif
}
Determining if the function mach_absolute_time exists failed with the following output:
Change Dir: /home/master1/src/cmake-3.19.5/CMakeFiles/CMakeTmp

Run Build Command(s):/usr/bin/make cmTC_26f14/fast && make  -f CMakeFiles/cmTC_26f14.dir/build.make CMakeFiles/cmTC_26f14.dir/build
make[1]: Entering directory '/home/master1/src/cmake-3.19.5/CMakeFiles/CMakeTmp'
Building C object CMakeFiles/cmTC_26f14.dir/CheckFunctionExists.c.o
/usr/bin/gcc   -w -DCHECK_FUNCTION_EXISTS=mach_absolute_time -std=gnu11 -o CMakeFiles/cmTC_26f14.dir/CheckFunctionExists.c.o -c /home/master1/src/cmake-3.19.5/Modules/CheckFunctionExists.c
Linking C executable cmTC_26f14
/home/master1/src/cmake-3.19.5/Bootstrap.cmk/cmake -E cmake_link_script CMakeFiles/cmTC_26f14.dir/link.txt --verbose=1
/usr/bin/gcc   -w -DCHECK_FUNCTION_EXISTS=mach_absolute_time CMakeFiles/cmTC_26f14.dir/CheckFunctionExists.c.o -o cmTC_26f14 
/usr/bin/ld: CMakeFiles/cmTC_26f14.dir/CheckFunctionExists.c.o: in function `main':
CheckFunctionExists.c:(.text+0x14): undefined reference to `mach_absolute_time'
collect2: error: ld returned 1 exit status
make[1]: *** [CMakeFiles/cmTC_26f14.dir/build.make:106: cmTC_26f14] Error 1
make[1]: Leaving directory '/home/master1/src/cmake-3.19.5/CMakeFiles/CMakeTmp'
make: *** [Makefile:140: cmTC_26f14/fast] Error 2



Performing Curl Test HAVE_FSETXATTR_6 failed with the following output:
Change Dir: /home/master1/src/cmake-3.19.5/CMakeFiles/CMakeTmp

Run Build Command(s):/usr/bin/make cmTC_6f8db/fast && make  -f CMakeFiles/cmTC_6f8db.dir/build.make CMakeFiles/cmTC_6f8db.dir/build
make[1]: Entering directory '/home/master1/src/cmake-3.19.5/CMakeFiles/CMakeTmp'
Building C object CMakeFiles/cmTC_6f8db.dir/CurlTests.c.o
/usr/bin/gcc   -w -DHAVE_FSETXATTR_6  -DHAVE_STDIO_H -DHAVE_INTTYPES_H -DHAVE_SYS_IOCTL_H -DHAVE_SYS_PARAM_H -DHAVE_SYS_POLL_H -DHAVE_SYS_RESOURCE_H -DHAVE_SYS_SELECT_H -DHAVE_SYS_SOCKET_H -DHAVE_SYS_STAT_H -DHAVE_SYS_TIME_H -DHAVE_SYS_TYPES_H -DHAVE_SYS_UIO_H -DHAVE_SYS_UN_H -DHAVE_SYS_XATTR_H -DHAVE_ALLOCA_H -DHAVE_ARPA_INET_H -DHAVE_ARPA_TFTP_H -DHAVE_ASSERT_H -DHAVE_ERR_H -DHAVE_ERRNO_H -DHAVE_FCNTL_H -DHAVE_IFADDRS_H -DHAVE_LIBGEN_H -DHAVE_LOCALE_H -DHAVE_NET_IF_H -DHAVE_NETDB_H -DHAVE_NETINET_IN_H -DHAVE_NETINET_TCP_H -DHAVE_POLL_H -DHAVE_PWD_H -DHAVE_SETJMP_H -DHAVE_SGTTY_H -DHAVE_SIGNAL_H -DHAVE_STDBOOL_H -DHAVE_STDINT_H -DHAVE_STDIO_H -DHAVE_STDLIB_H -DHAVE_STRING_H -DHAVE_STRINGS_H -DHAVE_TERMIO_H -DHAVE_TERMIOS_H -DHAVE_TIME_H -DHAVE_UNISTD_H -DHAVE_UTIME_H -DHAVE_STDDEF_H -DHAVE_DLFCN_H -DHAVE_MALLOC_H -DHAVE_MEMORY_H -DHAVE_NETINET_IF_ETHER_H -DHAVE_STDINT_H -DHAVE_SYS_UTSNAME_H -std=gnu11 -o CMakeFiles/cmTC_6f8db.dir/CurlTests.c.o -c /home/master1/src/cmake-3.19.5/Utilities/cmcurl/CMake/CurlTests.c
/home/master1/src/cmake-3.19.5/Utilities/cmcurl/CMake/CurlTests.c: In function ‘main’:
/home/master1/src/cmake-3.19.5/Utilities/cmcurl/CMake/CurlTests.c:544:3: error: too many arguments to function ‘fsetxattr’
  544 |   fsetxattr(0, 0, 0, 0, 0, 0);
      |   ^~~~~~~~~
In file included from /home/master1/src/cmake-3.19.5/Utilities/cmcurl/CMake/CurlTests.c:541:
/usr/include/x86_64-linux-gnu/sys/xattr.h:54:12: note: declared here
   54 | extern int fsetxattr (int __fd, const char *__name, const void *__value,
      |            ^~~~~~~~~
make[1]: *** [CMakeFiles/cmTC_6f8db.dir/build.make:85: CMakeFiles/cmTC_6f8db.dir/CurlTests.c.o] Error 1
make[1]: Leaving directory '/home/master1/src/cmake-3.19.5/CMakeFiles/CMakeTmp'
make: *** [Makefile:140: cmTC_6f8db/fast] Error 2


Performing Curl Test HAVE_IOCTLSOCKET failed with the following output:
Change Dir: /home/master1/src/cmake-3.19.5/CMakeFiles/CMakeTmp

Run Build Command(s):/usr/bin/make cmTC_561b3/fast && make  -f CMakeFiles/cmTC_561b3.dir/build.make CMakeFiles/cmTC_561b3.dir/build
make[1]: Entering directory '/home/master1/src/cmake-3.19.5/CMakeFiles/CMakeTmp'
Building C object CMakeFiles/cmTC_561b3.dir/CurlTests.c.o
/usr/bin/gcc   -w -DHAVE_IOCTLSOCKET  -DHAVE_STDIO_H -DHAVE_INTTYPES_H -DHAVE_SYS_IOCTL_H -DHAVE_SYS_PARAM_H -DHAVE_SYS_POLL_H -DHAVE_SYS_RESOURCE_H -DHAVE_SYS_SELECT_H -DHAVE_SYS_SOCKET_H -DHAVE_SYS_STAT_H -DHAVE_SYS_TIME_H -DHAVE_SYS_TYPES_H -DHAVE_SYS_UIO_H -DHAVE_SYS_UN_H -DHAVE_SYS_XATTR_H -DHAVE_ALLOCA_H -DHAVE_ARPA_INET_H -DHAVE_ARPA_TFTP_H -DHAVE_ASSERT_H -DHAVE_ERR_H -DHAVE_ERRNO_H -DHAVE_FCNTL_H -DHAVE_IFADDRS_H -DHAVE_LIBGEN_H -DHAVE_LOCALE_H -DHAVE_NET_IF_H -DHAVE_NETDB_H -DHAVE_NETINET_IN_H -DHAVE_NETINET_TCP_H -DHAVE_POLL_H -DHAVE_PWD_H -DHAVE_SETJMP_H -DHAVE_SGTTY_H -DHAVE_SIGNAL_H -DHAVE_STDBOOL_H -DHAVE_STDINT_H -DHAVE_STDIO_H -DHAVE_STDLIB_H -DHAVE_STRING_H -DHAVE_STRINGS_H -DHAVE_TERMIO_H -DHAVE_TERMIOS_H -DHAVE_TIME_H -DHAVE_UNISTD_H -DHAVE_UTIME_H -DHAVE_STDDEF_H -DHAVE_DLFCN_H -DHAVE_MALLOC_H -DHAVE_MEMORY_H -DHAVE_NETINET_IF_ETHER_H -DHAVE_STDINT_H -DHAVE_SYS_UTSNAME_H -std=gnu11 -o CMakeFiles/cmTC_561b3.dir/CurlTests.c.o -c /home/master1/src/cmake-3.19.5/Utilities/cmcurl/CMake/CurlTests.c
/home/master1/src/cmake-3.19.5/Utilities/cmcurl/CMake/CurlTests.c: In function ‘main’:
/home/master1/src/cmake-3.19.5/Utilities/cmcurl/CMake/CurlTests.c:326:44: error: ‘FIONBIO’ undeclared (first use in this function)
  326 |  unsigned long flags = ioctlsocket(socket, FIONBIO, &flags);
      |                                            ^~~~~~~
/home/master1/src/cmake-3.19.5/Utilities/cmcurl/CMake/CurlTests.c:326:44: note: each undeclared identifier is reported only once for each function it appears in
make[1]: *** [CMakeFiles/cmTC_561b3.dir/build.make:85: CMakeFiles/cmTC_561b3.dir/CurlTests.c.o] Error 1
make[1]: Leaving directory '/home/master1/src/cmake-3.19.5/CMakeFiles/CMakeTmp'
make: *** [Makefile:140: cmTC_561b3/fast] Error 2


Performing Curl Test HAVE_IOCTLSOCKET_CAMEL failed with the following output:
Change Dir: /home/master1/src/cmake-3.19.5/CMakeFiles/CMakeTmp

Run Build Command(s):/usr/bin/make cmTC_6f865/fast && make  -f CMakeFiles/cmTC_6f865.dir/build.make CMakeFiles/cmTC_6f865.dir/build
make[1]: Entering directory '/home/master1/src/cmake-3.19.5/CMakeFiles/CMakeTmp'
Building C object CMakeFiles/cmTC_6f865.dir/CurlTests.c.o
/usr/bin/gcc   -w -DHAVE_IOCTLSOCKET_CAMEL  -DHAVE_STDIO_H -DHAVE_INTTYPES_H -DHAVE_SYS_IOCTL_H -DHAVE_SYS_PARAM_H -DHAVE_SYS_POLL_H -DHAVE_SYS_RESOURCE_H -DHAVE_SYS_SELECT_H -DHAVE_SYS_SOCKET_H -DHAVE_SYS_STAT_H -DHAVE_SYS_TIME_H -DHAVE_SYS_TYPES_H -DHAVE_SYS_UIO_H -DHAVE_SYS_UN_H -DHAVE_SYS_XATTR_H -DHAVE_ALLOCA_H -DHAVE_ARPA_INET_H -DHAVE_ARPA_TFTP_H -DHAVE_ASSERT_H -DHAVE_ERR_H -DHAVE_ERRNO_H -DHAVE_FCNTL_H -DHAVE_IFADDRS_H -DHAVE_LIBGEN_H -DHAVE_LOCALE_H -DHAVE_NET_IF_H -DHAVE_NETDB_H -DHAVE_NETINET_IN_H -DHAVE_NETINET_TCP_H -DHAVE_POLL_H -DHAVE_PWD_H -DHAVE_SETJMP_H -DHAVE_SGTTY_H -DHAVE_SIGNAL_H -DHAVE_STDBOOL_H -DHAVE_STDINT_H -DHAVE_STDIO_H -DHAVE_STDLIB_H -DHAVE_STRING_H -DHAVE_STRINGS_H -DHAVE_TERMIO_H -DHAVE_TERMIOS_H -DHAVE_TIME_H -DHAVE_UNISTD_H -DHAVE_UTIME_H -DHAVE_STDDEF_H -DHAVE_DLFCN_H -DHAVE_MALLOC_H -DHAVE_MEMORY_H -DHAVE_NETINET_IF_ETHER_H -DHAVE_STDINT_H -DHAVE_SYS_UTSNAME_H -std=gnu11 -o CMakeFiles/cmTC_6f865.dir/CurlTests.c.o -c /home/master1/src/cmake-3.19.5/Utilities/cmcurl/CMake/CurlTests.c
Linking C executable cmTC_6f865
/home/master1/src/cmake-3.19.5/Bootstrap.cmk/cmake -E cmake_link_script CMakeFiles/cmTC_6f865.dir/link.txt --verbose=1
/usr/bin/gcc   -w -DHAVE_IOCTLSOCKET_CAMEL  -DHAVE_STDIO_H -DHAVE_INTTYPES_H -DHAVE_SYS_IOCTL_H -DHAVE_SYS_PARAM_H -DHAVE_SYS_POLL_H -DHAVE_SYS_RESOURCE_H -DHAVE_SYS_SELECT_H -DHAVE_SYS_SOCKET_H -DHAVE_SYS_STAT_H -DHAVE_SYS_TIME_H -DHAVE_SYS_TYPES_H -DHAVE_SYS_UIO_H -DHAVE_SYS_UN_H -DHAVE_SYS_XATTR_H -DHAVE_ALLOCA_H -DHAVE_ARPA_INET_H -DHAVE_ARPA_TFTP_H -DHAVE_ASSERT_H -DHAVE_ERR_H -DHAVE_ERRNO_H -DHAVE_FCNTL_H -DHAVE_IFADDRS_H -DHAVE_LIBGEN_H -DHAVE_LOCALE_H -DHAVE_NET_IF_H -DHAVE_NETDB_H -DHAVE_NETINET_IN_H -DHAVE_NETINET_TCP_H -DHAVE_POLL_H -DHAVE_PWD_H -DHAVE_SETJMP_H -DHAVE_SGTTY_H -DHAVE_SIGNAL_H -DHAVE_STDBOOL_H -DHAVE_STDINT_H -DHAVE_STDIO_H -DHAVE_STDLIB_H -DHAVE_STRING_H -DHAVE_STRINGS_H -DHAVE_TERMIO_H -DHAVE_TERMIOS_H -DHAVE_TIME_H -DHAVE_UNISTD_H -DHAVE_UTIME_H -DHAVE_STDDEF_H -DHAVE_DLFCN_H -DHAVE_MALLOC_H -DHAVE_MEMORY_H -DHAVE_NETINET_IF_ETHER_H -DHAVE_STDINT_H -DHAVE_SYS_UTSNAME_H CMakeFiles/cmTC_6f865.dir/CurlTests.c.o -o cmTC_6f865 
/usr/bin/ld: CMakeFiles/cmTC_6f865.dir/CurlTests.c.o: in function `main':
CurlTests.c:(.text+0x1d): undefined reference to `IoctlSocket'
collect2: error: ld returned 1 exit status
make[1]: *** [CMakeFiles/cmTC_6f865.dir/build.make:106: cmTC_6f865] Error 1
make[1]: Leaving directory '/home/master1/src/cmake-3.19.5/CMakeFiles/CMakeTmp'
make: *** [Makefile:140: cmTC_6f865/fast] Error 2


Performing Curl Test HAVE_IOCTLSOCKET_CAMEL_FIONBIO failed with the following output:
Change Dir: /home/master1/src/cmake-3.19.5/CMakeFiles/CMakeTmp

Run Build Command(s):/usr/bin/make cmTC_7f355/fast && make  -f CMakeFiles/cmTC_7f355.dir/build.make CMakeFiles/cmTC_7f355.dir/build
make[1]: Entering directory '/home/master1/src/cmake-3.19.5/CMakeFiles/CMakeTmp'
Building C object CMakeFiles/cmTC_7f355.dir/CurlTests.c.o
/usr/bin/gcc   -w -DHAVE_IOCTLSOCKET_CAMEL_FIONBIO  -DHAVE_STDIO_H -DHAVE_INTTYPES_H -DHAVE_SYS_IOCTL_H -DHAVE_SYS_PARAM_H -DHAVE_SYS_POLL_H -DHAVE_SYS_RESOURCE_H -DHAVE_SYS_SELECT_H -DHAVE_SYS_SOCKET_H -DHAVE_SYS_STAT_H -DHAVE_SYS_TIME_H -DHAVE_SYS_TYPES_H -DHAVE_SYS_UIO_H -DHAVE_SYS_UN_H -DHAVE_SYS_XATTR_H -DHAVE_ALLOCA_H -DHAVE_ARPA_INET_H -DHAVE_ARPA_TFTP_H -DHAVE_ASSERT_H -DHAVE_ERR_H -DHAVE_ERRNO_H -DHAVE_FCNTL_H -DHAVE_IFADDRS_H -DHAVE_LIBGEN_H -DHAVE_LOCALE_H -DHAVE_NET_IF_H -DHAVE_NETDB_H -DHAVE_NETINET_IN_H -DHAVE_NETINET_TCP_H -DHAVE_POLL_H -DHAVE_PWD_H -DHAVE_SETJMP_H -DHAVE_SGTTY_H -DHAVE_SIGNAL_H -DHAVE_STDBOOL_H -DHAVE_STDINT_H -DHAVE_STDIO_H -DHAVE_STDLIB_H -DHAVE_STRING_H -DHAVE_STRINGS_H -DHAVE_TERMIO_H -DHAVE_TERMIOS_H -DHAVE_TIME_H -DHAVE_UNISTD_H -DHAVE_UTIME_H -DHAVE_STDDEF_H -DHAVE_DLFCN_H -DHAVE_MALLOC_H -DHAVE_MEMORY_H -DHAVE_NETINET_IF_ETHER_H -DHAVE_STDINT_H -DHAVE_SYS_UTSNAME_H -std=gnu11 -o CMakeFiles/cmTC_7f355.dir/CurlTests.c.o -c /home/master1/src/cmake-3.19.5/Utilities/cmcurl/CMake/CurlTests.c
/home/master1/src/cmake-3.19.5/Utilities/cmcurl/CMake/CurlTests.c: In function ‘main’:
/home/master1/src/cmake-3.19.5/Utilities/cmcurl/CMake/CurlTests.c:382:32: error: ‘FIONBIO’ undeclared (first use in this function)
  382 |         if(0 != ioctlsocket(0, FIONBIO, &flags))
      |                                ^~~~~~~
/home/master1/src/cmake-3.19.5/Utilities/cmcurl/CMake/CurlTests.c:382:32: note: each undeclared identifier is reported only once for each function it appears in
make[1]: *** [CMakeFiles/cmTC_7f355.dir/build.make:85: CMakeFiles/cmTC_7f355.dir/CurlTests.c.o] Error 1
make[1]: Leaving directory '/home/master1/src/cmake-3.19.5/CMakeFiles/CMakeTmp'
make: *** [Makefile:140: cmTC_7f355/fast] Error 2


Performing Curl Test HAVE_IOCTLSOCKET_FIONBIO failed with the following output:
Change Dir: /home/master1/src/cmake-3.19.5/CMakeFiles/CMakeTmp

Run Build Command(s):/usr/bin/make cmTC_ea8df/fast && make  -f CMakeFiles/cmTC_ea8df.dir/build.make CMakeFiles/cmTC_ea8df.dir/build
make[1]: Entering directory '/home/master1/src/cmake-3.19.5/CMakeFiles/CMakeTmp'
Building C object CMakeFiles/cmTC_ea8df.dir/CurlTests.c.o
/usr/bin/gcc   -w -DHAVE_IOCTLSOCKET_FIONBIO  -DHAVE_STDIO_H -DHAVE_INTTYPES_H -DHAVE_SYS_IOCTL_H -DHAVE_SYS_PARAM_H -DHAVE_SYS_POLL_H -DHAVE_SYS_RESOURCE_H -DHAVE_SYS_SELECT_H -DHAVE_SYS_SOCKET_H -DHAVE_SYS_STAT_H -DHAVE_SYS_TIME_H -DHAVE_SYS_TYPES_H -DHAVE_SYS_UIO_H -DHAVE_SYS_UN_H -DHAVE_SYS_XATTR_H -DHAVE_ALLOCA_H -DHAVE_ARPA_INET_H -DHAVE_ARPA_TFTP_H -DHAVE_ASSERT_H -DHAVE_ERR_H -DHAVE_ERRNO_H -DHAVE_FCNTL_H -DHAVE_IFADDRS_H -DHAVE_LIBGEN_H -DHAVE_LOCALE_H -DHAVE_NET_IF_H -DHAVE_NETDB_H -DHAVE_NETINET_IN_H -DHAVE_NETINET_TCP_H -DHAVE_POLL_H -DHAVE_PWD_H -DHAVE_SETJMP_H -DHAVE_SGTTY_H -DHAVE_SIGNAL_H -DHAVE_STDBOOL_H -DHAVE_STDINT_H -DHAVE_STDIO_H -DHAVE_STDLIB_H -DHAVE_STRING_H -DHAVE_STRINGS_H -DHAVE_TERMIO_H -DHAVE_TERMIOS_H -DHAVE_TIME_H -DHAVE_UNISTD_H -DHAVE_UTIME_H -DHAVE_STDDEF_H -DHAVE_DLFCN_H -DHAVE_MALLOC_H -DHAVE_MEMORY_H -DHAVE_NETINET_IF_ETHER_H -DHAVE_STDINT_H -DHAVE_SYS_UTSNAME_H -std=gnu11 -o CMakeFiles/cmTC_ea8df.dir/CurlTests.c.o -c /home/master1/src/cmake-3.19.5/Utilities/cmcurl/CMake/CurlTests.c
/home/master1/src/cmake-3.19.5/Utilities/cmcurl/CMake/CurlTests.c: In function ‘main’:
/home/master1/src/cmake-3.19.5/Utilities/cmcurl/CMake/CurlTests.c:409:32: error: ‘FIONBIO’ undeclared (first use in this function)
  409 |         if(0 != ioctlsocket(0, FIONBIO, &flags))
      |                                ^~~~~~~
/home/master1/src/cmake-3.19.5/Utilities/cmcurl/CMake/CurlTests.c:409:32: note: each undeclared identifier is reported only once for each function it appears in
make[1]: *** [CMakeFiles/cmTC_ea8df.dir/build.make:85: CMakeFiles/cmTC_ea8df.dir/CurlTests.c.o] Error 1
make[1]: Leaving directory '/home/master1/src/cmake-3.19.5/CMakeFiles/CMakeTmp'
make: *** [Makefile:140: cmTC_ea8df/fast] Error 2


Performing Curl Test HAVE_SETSOCKOPT_SO_NONBLOCK failed with the following output:
Change Dir: /home/master1/src/cmake-3.19.5/CMakeFiles/CMakeTmp

Run Build Command(s):/usr/bin/make cmTC_cd67d/fast && make  -f CMakeFiles/cmTC_cd67d.dir/build.make CMakeFiles/cmTC_cd67d.dir/build
make[1]: Entering directory '/home/master1/src/cmake-3.19.5/CMakeFiles/CMakeTmp'
Building C object CMakeFiles/cmTC_cd67d.dir/CurlTests.c.o
/usr/bin/gcc   -w -DHAVE_SETSOCKOPT_SO_NONBLOCK  -DHAVE_STDIO_H -DHAVE_INTTYPES_H -DHAVE_SYS_IOCTL_H -DHAVE_SYS_PARAM_H -DHAVE_SYS_POLL_H -DHAVE_SYS_RESOURCE_H -DHAVE_SYS_SELECT_H -DHAVE_SYS_SOCKET_H -DHAVE_SYS_STAT_H -DHAVE_SYS_TIME_H -DHAVE_SYS_TYPES_H -DHAVE_SYS_UIO_H -DHAVE_SYS_UN_H -DHAVE_SYS_XATTR_H -DHAVE_ALLOCA_H -DHAVE_ARPA_INET_H -DHAVE_ARPA_TFTP_H -DHAVE_ASSERT_H -DHAVE_ERR_H -DHAVE_ERRNO_H -DHAVE_FCNTL_H -DHAVE_IFADDRS_H -DHAVE_LIBGEN_H -DHAVE_LOCALE_H -DHAVE_NET_IF_H -DHAVE_NETDB_H -DHAVE_NETINET_IN_H -DHAVE_NETINET_TCP_H -DHAVE_POLL_H -DHAVE_PWD_H -DHAVE_SETJMP_H -DHAVE_SGTTY_H -DHAVE_SIGNAL_H -DHAVE_STDBOOL_H -DHAVE_STDINT_H -DHAVE_STDIO_H -DHAVE_STDLIB_H -DHAVE_STRING_H -DHAVE_STRINGS_H -DHAVE_TERMIO_H -DHAVE_TERMIOS_H -DHAVE_TIME_H -DHAVE_UNISTD_H -DHAVE_UTIME_H -DHAVE_STDDEF_H -DHAVE_DLFCN_H -DHAVE_MALLOC_H -DHAVE_MEMORY_H -DHAVE_NETINET_IF_ETHER_H -DHAVE_STDINT_H -DHAVE_SYS_UTSNAME_H -std=gnu11 -o CMakeFiles/cmTC_cd67d.dir/CurlTests.c.o -c /home/master1/src/cmake-3.19.5/Utilities/cmcurl/CMake/CurlTests.c
/home/master1/src/cmake-3.19.5/Utilities/cmcurl/CMake/CurlTests.c: In function ‘main’:
/home/master1/src/cmake-3.19.5/Utilities/cmcurl/CMake/CurlTests.c:505:43: error: ‘SO_NONBLOCK’ undeclared (first use in this function); did you mean ‘SOCK_NONBLOCK’?
  505 |         if(0 != setsockopt(0, SOL_SOCKET, SO_NONBLOCK, 0, 0))
      |                                           ^~~~~~~~~~~
      |                                           SOCK_NONBLOCK
/home/master1/src/cmake-3.19.5/Utilities/cmcurl/CMake/CurlTests.c:505:43: note: each undeclared identifier is reported only once for each function it appears in
make[1]: *** [CMakeFiles/cmTC_cd67d.dir/build.make:85: CMakeFiles/cmTC_cd67d.dir/CurlTests.c.o] Error 1
make[1]: Leaving directory '/home/master1/src/cmake-3.19.5/CMakeFiles/CMakeTmp'
make: *** [Makefile:140: cmTC_cd67d/fast] Error 2


Performing Curl Test HAVE_O_NONBLOCK failed with the following output:
Change Dir: /home/master1/src/cmake-3.19.5/CMakeFiles/CMakeTmp

Run Build Command(s):/usr/bin/make cmTC_95f31/fast && make  -f CMakeFiles/cmTC_95f31.dir/build.make CMakeFiles/cmTC_95f31.dir/build
make[1]: Entering directory '/home/master1/src/cmake-3.19.5/CMakeFiles/CMakeTmp'
Building C object CMakeFiles/cmTC_95f31.dir/CurlTests.c.o
/usr/bin/gcc   -w -DHAVE_O_NONBLOCK  -DHAVE_STDIO_H -DHAVE_INTTYPES_H -DHAVE_SYS_IOCTL_H -DHAVE_SYS_PARAM_H -DHAVE_SYS_POLL_H -DHAVE_SYS_RESOURCE_H -DHAVE_SYS_SELECT_H -DHAVE_SYS_SOCKET_H -DHAVE_SYS_STAT_H -DHAVE_SYS_TIME_H -DHAVE_SYS_TYPES_H -DHAVE_SYS_UIO_H -DHAVE_SYS_UN_H -DHAVE_SYS_XATTR_H -DHAVE_ALLOCA_H -DHAVE_ARPA_INET_H -DHAVE_ARPA_TFTP_H -DHAVE_ASSERT_H -DHAVE_ERR_H -DHAVE_ERRNO_H -DHAVE_FCNTL_H -DHAVE_IFADDRS_H -DHAVE_LIBGEN_H -DHAVE_LOCALE_H -DHAVE_NET_IF_H -DHAVE_NETDB_H -DHAVE_NETINET_IN_H -DHAVE_NETINET_TCP_H -DHAVE_POLL_H -DHAVE_PWD_H -DHAVE_SETJMP_H -DHAVE_SGTTY_H -DHAVE_SIGNAL_H -DHAVE_STDBOOL_H -DHAVE_STDINT_H -DHAVE_STDIO_H -DHAVE_STDLIB_H -DHAVE_STRING_H -DHAVE_STRINGS_H -DHAVE_TERMIO_H -DHAVE_TERMIOS_H -DHAVE_TIME_H -DHAVE_UNISTD_H -DHAVE_UTIME_H -DHAVE_STDDEF_H -DHAVE_DLFCN_H -DHAVE_MALLOC_H -DHAVE_MEMORY_H -DHAVE_NETINET_IF_ETHER_H -DHAVE_STDINT_H -DHAVE_SYS_UTSNAME_H -std=gnu11 -o CMakeFiles/cmTC_95f31.dir/CurlTests.c.o -c /home/master1/src/cmake-3.19.5/Utilities/cmcurl/CMake/CurlTests.c
Linking C executable cmTC_95f31
/home/master1/src/cmake-3.19.5/Bootstrap.cmk/cmake -E cmake_link_script CMakeFiles/cmTC_95f31.dir/link.txt --verbose=1
/usr/bin/gcc   -w -DHAVE_O_NONBLOCK  -DHAVE_STDIO_H -DHAVE_INTTYPES_H -DHAVE_SYS_IOCTL_H -DHAVE_SYS_PARAM_H -DHAVE_SYS_POLL_H -DHAVE_SYS_RESOURCE_H -DHAVE_SYS_SELECT_H -DHAVE_SYS_SOCKET_H -DHAVE_SYS_STAT_H -DHAVE_SYS_TIME_H -DHAVE_SYS_TYPES_H -DHAVE_SYS_UIO_H -DHAVE_SYS_UN_H -DHAVE_SYS_XATTR_H -DHAVE_ALLOCA_H -DHAVE_ARPA_INET_H -DHAVE_ARPA_TFTP_H -DHAVE_ASSERT_H -DHAVE_ERR_H -DHAVE_ERRNO_H -DHAVE_FCNTL_H -DHAVE_IFADDRS_H -DHAVE_LIBGEN_H -DHAVE_LOCALE_H -DHAVE_NET_IF_H -DHAVE_NETDB_H -DHAVE_NETINET_IN_H -DHAVE_NETINET_TCP_H -DHAVE_POLL_H -DHAVE_PWD_H -DHAVE_SETJMP_H -DHAVE_SGTTY_H -DHAVE_SIGNAL_H -DHAVE_STDBOOL_H -DHAVE_STDINT_H -DHAVE_STDIO_H -DHAVE_STDLIB_H -DHAVE_STRING_H -DHAVE_STRINGS_H -DHAVE_TERMIO_H -DHAVE_TERMIOS_H -DHAVE_TIME_H -DHAVE_UNISTD_H -DHAVE_UTIME_H -DHAVE_STDDEF_H -DHAVE_DLFCN_H -DHAVE_MALLOC_H -DHAVE_MEMORY_H -DHAVE_NETINET_IF_ETHER_H -DHAVE_STDINT_H -DHAVE_SYS_UTSNAME_H CMakeFiles/cmTC_95f31.dir/CurlTests.c.o -o cmTC_95f31 
/usr/bin/ld: /usr/lib/gcc/x86_64-linux-gnu/9/../../../x86_64-linux-gnu/Scrt1.o: in function `_start':
(.text+0x24): undefined reference to `main'
collect2: error: ld returned 1 exit status
make[1]: *** [CMakeFiles/cmTC_95f31.dir/build.make:106: cmTC_95f31] Error 1
make[1]: Leaving directory '/home/master1/src/cmake-3.19.5/CMakeFiles/CMakeTmp'
make: *** [Makefile:140: cmTC_95f31/fast] Error 2


Performing Curl Test HAVE_GETHOSTBYADDR_R_5 failed with the following output:
Change Dir: /home/master1/src/cmake-3.19.5/CMakeFiles/CMakeTmp

Run Build Command(s):/usr/bin/make cmTC_39899/fast && make  -f CMakeFiles/cmTC_39899.dir/build.make CMakeFiles/cmTC_39899.dir/build
make[1]: Entering directory '/home/master1/src/cmake-3.19.5/CMakeFiles/CMakeTmp'
Building C object CMakeFiles/cmTC_39899.dir/CurlTests.c.o
/usr/bin/gcc   -w -DHAVE_GETHOSTBYADDR_R_5  -DHAVE_STDIO_H -DHAVE_INTTYPES_H -DHAVE_SYS_IOCTL_H -DHAVE_SYS_PARAM_H -DHAVE_SYS_POLL_H -DHAVE_SYS_RESOURCE_H -DHAVE_SYS_SELECT_H -DHAVE_SYS_SOCKET_H -DHAVE_SYS_STAT_H -DHAVE_SYS_TIME_H -DHAVE_SYS_TYPES_H -DHAVE_SYS_UIO_H -DHAVE_SYS_UN_H -DHAVE_SYS_XATTR_H -DHAVE_ALLOCA_H -DHAVE_ARPA_INET_H -DHAVE_ARPA_TFTP_H -DHAVE_ASSERT_H -DHAVE_ERR_H -DHAVE_ERRNO_H -DHAVE_FCNTL_H -DHAVE_IFADDRS_H -DHAVE_LIBGEN_H -DHAVE_LOCALE_H -DHAVE_NET_IF_H -DHAVE_NETDB_H -DHAVE_NETINET_IN_H -DHAVE_NETINET_TCP_H -DHAVE_POLL_H -DHAVE_PWD_H -DHAVE_SETJMP_H -DHAVE_SGTTY_H -DHAVE_SIGNAL_H -DHAVE_STDBOOL_H -DHAVE_STDINT_H -DHAVE_STDIO_H -DHAVE_STDLIB_H -DHAVE_STRING_H -DHAVE_STRINGS_H -DHAVE_TERMIO_H -DHAVE_TERMIOS_H -DHAVE_TIME_H -DHAVE_UNISTD_H -DHAVE_UTIME_H -DHAVE_STDDEF_H -DHAVE_DLFCN_H -DHAVE_MALLOC_H -DHAVE_MEMORY_H -DHAVE_NETINET_IF_ETHER_H -DHAVE_STDINT_H -DHAVE_SYS_UTSNAME_H -std=gnu11 -o CMakeFiles/cmTC_39899.dir/CurlTests.c.o -c /home/master1/src/cmake-3.19.5/Utilities/cmcurl/CMake/CurlTests.c
/home/master1/src/cmake-3.19.5/Utilities/cmcurl/CMake/CurlTests.c: In function ‘main’:
/home/master1/src/cmake-3.19.5/Utilities/cmcurl/CMake/CurlTests.c:106:23: error: storage size of ‘hdata’ isn’t known
  106 |   struct hostent_data hdata;
      |                       ^~~~~
/home/master1/src/cmake-3.19.5/Utilities/cmcurl/CMake/CurlTests.c:127:8: error: too few arguments to function ‘gethostbyaddr_r’
  127 |   rc = gethostbyaddr_r(address, length, type, &h, &hdata);
      |        ^~~~~~~~~~~~~~~
In file included from /home/master1/src/cmake-3.19.5/Utilities/cmcurl/CMake/CurlTests.c:93:
/usr/include/netdb.h:170:12: note: declared here
  170 | extern int gethostbyaddr_r (const void *__restrict __addr, __socklen_t __len,
      |            ^~~~~~~~~~~~~~~
make[1]: *** [CMakeFiles/cmTC_39899.dir/build.make:85: CMakeFiles/cmTC_39899.dir/CurlTests.c.o] Error 1
make[1]: Leaving directory '/home/master1/src/cmake-3.19.5/CMakeFiles/CMakeTmp'
make: *** [Makefile:140: cmTC_39899/fast] Error 2


Performing Curl Test HAVE_GETHOSTBYADDR_R_7 failed with the following output:
Change Dir: /home/master1/src/cmake-3.19.5/CMakeFiles/CMakeTmp

Run Build Command(s):/usr/bin/make cmTC_e2910/fast && make  -f CMakeFiles/cmTC_e2910.dir/build.make CMakeFiles/cmTC_e2910.dir/build
make[1]: Entering directory '/home/master1/src/cmake-3.19.5/CMakeFiles/CMakeTmp'
Building C object CMakeFiles/cmTC_e2910.dir/CurlTests.c.o
/usr/bin/gcc   -w -DHAVE_GETHOSTBYADDR_R_7  -DHAVE_STDIO_H -DHAVE_INTTYPES_H -DHAVE_SYS_IOCTL_H -DHAVE_SYS_PARAM_H -DHAVE_SYS_POLL_H -DHAVE_SYS_RESOURCE_H -DHAVE_SYS_SELECT_H -DHAVE_SYS_SOCKET_H -DHAVE_SYS_STAT_H -DHAVE_SYS_TIME_H -DHAVE_SYS_TYPES_H -DHAVE_SYS_UIO_H -DHAVE_SYS_UN_H -DHAVE_SYS_XATTR_H -DHAVE_ALLOCA_H -DHAVE_ARPA_INET_H -DHAVE_ARPA_TFTP_H -DHAVE_ASSERT_H -DHAVE_ERR_H -DHAVE_ERRNO_H -DHAVE_FCNTL_H -DHAVE_IFADDRS_H -DHAVE_LIBGEN_H -DHAVE_LOCALE_H -DHAVE_NET_IF_H -DHAVE_NETDB_H -DHAVE_NETINET_IN_H -DHAVE_NETINET_TCP_H -DHAVE_POLL_H -DHAVE_PWD_H -DHAVE_SETJMP_H -DHAVE_SGTTY_H -DHAVE_SIGNAL_H -DHAVE_STDBOOL_H -DHAVE_STDINT_H -DHAVE_STDIO_H -DHAVE_STDLIB_H -DHAVE_STRING_H -DHAVE_STRINGS_H -DHAVE_TERMIO_H -DHAVE_TERMIOS_H -DHAVE_TIME_H -DHAVE_UNISTD_H -DHAVE_UTIME_H -DHAVE_STDDEF_H -DHAVE_DLFCN_H -DHAVE_MALLOC_H -DHAVE_MEMORY_H -DHAVE_NETINET_IF_ETHER_H -DHAVE_STDINT_H -DHAVE_SYS_UTSNAME_H -std=gnu11 -o CMakeFiles/cmTC_e2910.dir/CurlTests.c.o -c /home/master1/src/cmake-3.19.5/Utilities/cmcurl/CMake/CurlTests.c
/home/master1/src/cmake-3.19.5/Utilities/cmcurl/CMake/CurlTests.c: In function ‘main’:
/home/master1/src/cmake-3.19.5/Utilities/cmcurl/CMake/CurlTests.c:131:8: error: too few arguments to function ‘gethostbyaddr_r’
  131 |   hp = gethostbyaddr_r(address, length, type, &h, buffer, 8192, &h_errnop);
      |        ^~~~~~~~~~~~~~~
In file included from /home/master1/src/cmake-3.19.5/Utilities/cmcurl/CMake/CurlTests.c:93:
/usr/include/netdb.h:170:12: note: declared here
  170 | extern int gethostbyaddr_r (const void *__restrict __addr, __socklen_t __len,
      |            ^~~~~~~~~~~~~~~
make[1]: *** [CMakeFiles/cmTC_e2910.dir/build.make:85: CMakeFiles/cmTC_e2910.dir/CurlTests.c.o] Error 1
make[1]: Leaving directory '/home/master1/src/cmake-3.19.5/CMakeFiles/CMakeTmp'
make: *** [Makefile:140: cmTC_e2910/fast] Error 2


Performing Curl Test HAVE_GETHOSTBYADDR_R_5_REENTRANT failed with the following output:
Change Dir: /home/master1/src/cmake-3.19.5/CMakeFiles/CMakeTmp

Run Build Command(s):/usr/bin/make cmTC_51fa6/fast && make  -f CMakeFiles/cmTC_51fa6.dir/build.make CMakeFiles/cmTC_51fa6.dir/build
make[1]: Entering directory '/home/master1/src/cmake-3.19.5/CMakeFiles/CMakeTmp'
Building C object CMakeFiles/cmTC_51fa6.dir/CurlTests.c.o
/usr/bin/gcc   -w -DHAVE_GETHOSTBYADDR_R_5_REENTRANT  -DHAVE_STDIO_H -DHAVE_INTTYPES_H -DHAVE_SYS_IOCTL_H -DHAVE_SYS_PARAM_H -DHAVE_SYS_POLL_H -DHAVE_SYS_RESOURCE_H -DHAVE_SYS_SELECT_H -DHAVE_SYS_SOCKET_H -DHAVE_SYS_STAT_H -DHAVE_SYS_TIME_H -DHAVE_SYS_TYPES_H -DHAVE_SYS_UIO_H -DHAVE_SYS_UN_H -DHAVE_SYS_XATTR_H -DHAVE_ALLOCA_H -DHAVE_ARPA_INET_H -DHAVE_ARPA_TFTP_H -DHAVE_ASSERT_H -DHAVE_ERR_H -DHAVE_ERRNO_H -DHAVE_FCNTL_H -DHAVE_IFADDRS_H -DHAVE_LIBGEN_H -DHAVE_LOCALE_H -DHAVE_NET_IF_H -DHAVE_NETDB_H -DHAVE_NETINET_IN_H -DHAVE_NETINET_TCP_H -DHAVE_POLL_H -DHAVE_PWD_H -DHAVE_SETJMP_H -DHAVE_SGTTY_H -DHAVE_SIGNAL_H -DHAVE_STDBOOL_H -DHAVE_STDINT_H -DHAVE_STDIO_H -DHAVE_STDLIB_H -DHAVE_STRING_H -DHAVE_STRINGS_H -DHAVE_TERMIO_H -DHAVE_TERMIOS_H -DHAVE_TIME_H -DHAVE_UNISTD_H -DHAVE_UTIME_H -DHAVE_STDDEF_H -DHAVE_DLFCN_H -DHAVE_MALLOC_H -DHAVE_MEMORY_H -DHAVE_NETINET_IF_ETHER_H -DHAVE_STDINT_H -DHAVE_SYS_UTSNAME_H -std=gnu11 -o CMakeFiles/cmTC_51fa6.dir/CurlTests.c.o -c /home/master1/src/cmake-3.19.5/Utilities/cmcurl/CMake/CurlTests.c
/home/master1/src/cmake-3.19.5/Utilities/cmcurl/CMake/CurlTests.c: In function ‘main’:
/home/master1/src/cmake-3.19.5/Utilities/cmcurl/CMake/CurlTests.c:106:23: error: storage size of ‘hdata’ isn’t known
  106 |   struct hostent_data hdata;
      |                       ^~~~~
/home/master1/src/cmake-3.19.5/Utilities/cmcurl/CMake/CurlTests.c:127:8: error: too few arguments to function ‘gethostbyaddr_r’
  127 |   rc = gethostbyaddr_r(address, length, type, &h, &hdata);
      |        ^~~~~~~~~~~~~~~
In file included from /home/master1/src/cmake-3.19.5/Utilities/cmcurl/CMake/CurlTests.c:93:
/usr/include/netdb.h:170:12: note: declared here
  170 | extern int gethostbyaddr_r (const void *__restrict __addr, __socklen_t __len,
      |            ^~~~~~~~~~~~~~~
make[1]: *** [CMakeFiles/cmTC_51fa6.dir/build.make:85: CMakeFiles/cmTC_51fa6.dir/CurlTests.c.o] Error 1
make[1]: Leaving directory '/home/master1/src/cmake-3.19.5/CMakeFiles/CMakeTmp'
make: *** [Makefile:140: cmTC_51fa6/fast] Error 2


Performing Curl Test HAVE_GETHOSTBYADDR_R_7_REENTRANT failed with the following output:
Change Dir: /home/master1/src/cmake-3.19.5/CMakeFiles/CMakeTmp

Run Build Command(s):/usr/bin/make cmTC_21d0f/fast && make  -f CMakeFiles/cmTC_21d0f.dir/build.make CMakeFiles/cmTC_21d0f.dir/build
make[1]: Entering directory '/home/master1/src/cmake-3.19.5/CMakeFiles/CMakeTmp'
Building C object CMakeFiles/cmTC_21d0f.dir/CurlTests.c.o
/usr/bin/gcc   -w -DHAVE_GETHOSTBYADDR_R_7_REENTRANT  -DHAVE_STDIO_H -DHAVE_INTTYPES_H -DHAVE_SYS_IOCTL_H -DHAVE_SYS_PARAM_H -DHAVE_SYS_POLL_H -DHAVE_SYS_RESOURCE_H -DHAVE_SYS_SELECT_H -DHAVE_SYS_SOCKET_H -DHAVE_SYS_STAT_H -DHAVE_SYS_TIME_H -DHAVE_SYS_TYPES_H -DHAVE_SYS_UIO_H -DHAVE_SYS_UN_H -DHAVE_SYS_XATTR_H -DHAVE_ALLOCA_H -DHAVE_ARPA_INET_H -DHAVE_ARPA_TFTP_H -DHAVE_ASSERT_H -DHAVE_ERR_H -DHAVE_ERRNO_H -DHAVE_FCNTL_H -DHAVE_IFADDRS_H -DHAVE_LIBGEN_H -DHAVE_LOCALE_H -DHAVE_NET_IF_H -DHAVE_NETDB_H -DHAVE_NETINET_IN_H -DHAVE_NETINET_TCP_H -DHAVE_POLL_H -DHAVE_PWD_H -DHAVE_SETJMP_H -DHAVE_SGTTY_H -DHAVE_SIGNAL_H -DHAVE_STDBOOL_H -DHAVE_STDINT_H -DHAVE_STDIO_H -DHAVE_STDLIB_H -DHAVE_STRING_H -DHAVE_STRINGS_H -DHAVE_TERMIO_H -DHAVE_TERMIOS_H -DHAVE_TIME_H -DHAVE_UNISTD_H -DHAVE_UTIME_H -DHAVE_STDDEF_H -DHAVE_DLFCN_H -DHAVE_MALLOC_H -DHAVE_MEMORY_H -DHAVE_NETINET_IF_ETHER_H -DHAVE_STDINT_H -DHAVE_SYS_UTSNAME_H -std=gnu11 -o CMakeFiles/cmTC_21d0f.dir/CurlTests.c.o -c /home/master1/src/cmake-3.19.5/Utilities/cmcurl/CMake/CurlTests.c
/home/master1/src/cmake-3.19.5/Utilities/cmcurl/CMake/CurlTests.c: In function ‘main’:
/home/master1/src/cmake-3.19.5/Utilities/cmcurl/CMake/CurlTests.c:131:8: error: too few arguments to function ‘gethostbyaddr_r’
  131 |   hp = gethostbyaddr_r(address, length, type, &h, buffer, 8192, &h_errnop);
      |        ^~~~~~~~~~~~~~~
In file included from /home/master1/src/cmake-3.19.5/Utilities/cmcurl/CMake/CurlTests.c:93:
/usr/include/netdb.h:170:12: note: declared here
  170 | extern int gethostbyaddr_r (const void *__restrict __addr, __socklen_t __len,
      |            ^~~~~~~~~~~~~~~
make[1]: *** [CMakeFiles/cmTC_21d0f.dir/build.make:85: CMakeFiles/cmTC_21d0f.dir/CurlTests.c.o] Error 1
make[1]: Leaving directory '/home/master1/src/cmake-3.19.5/CMakeFiles/CMakeTmp'
make: *** [Makefile:140: cmTC_21d0f/fast] Error 2


Performing Curl Test HAVE_GETHOSTBYNAME_R_3 failed with the following output:
Change Dir: /home/master1/src/cmake-3.19.5/CMakeFiles/CMakeTmp

Run Build Command(s):/usr/bin/make cmTC_86aa1/fast && make  -f CMakeFiles/cmTC_86aa1.dir/build.make CMakeFiles/cmTC_86aa1.dir/build
make[1]: Entering directory '/home/master1/src/cmake-3.19.5/CMakeFiles/CMakeTmp'
Building C object CMakeFiles/cmTC_86aa1.dir/CurlTests.c.o
/usr/bin/gcc   -w -DHAVE_GETHOSTBYNAME_R_3  -DHAVE_STDIO_H -DHAVE_INTTYPES_H -DHAVE_SYS_IOCTL_H -DHAVE_SYS_PARAM_H -DHAVE_SYS_POLL_H -DHAVE_SYS_RESOURCE_H -DHAVE_SYS_SELECT_H -DHAVE_SYS_SOCKET_H -DHAVE_SYS_STAT_H -DHAVE_SYS_TIME_H -DHAVE_SYS_TYPES_H -DHAVE_SYS_UIO_H -DHAVE_SYS_UN_H -DHAVE_SYS_XATTR_H -DHAVE_ALLOCA_H -DHAVE_ARPA_INET_H -DHAVE_ARPA_TFTP_H -DHAVE_ASSERT_H -DHAVE_ERR_H -DHAVE_ERRNO_H -DHAVE_FCNTL_H -DHAVE_IFADDRS_H -DHAVE_LIBGEN_H -DHAVE_LOCALE_H -DHAVE_NET_IF_H -DHAVE_NETDB_H -DHAVE_NETINET_IN_H -DHAVE_NETINET_TCP_H -DHAVE_POLL_H -DHAVE_PWD_H -DHAVE_SETJMP_H -DHAVE_SGTTY_H -DHAVE_SIGNAL_H -DHAVE_STDBOOL_H -DHAVE_STDINT_H -DHAVE_STDIO_H -DHAVE_STDLIB_H -DHAVE_STRING_H -DHAVE_STRINGS_H -DHAVE_TERMIO_H -DHAVE_TERMIOS_H -DHAVE_TIME_H -DHAVE_UNISTD_H -DHAVE_UTIME_H -DHAVE_STDDEF_H -DHAVE_DLFCN_H -DHAVE_MALLOC_H -DHAVE_MEMORY_H -DHAVE_NETINET_IF_ETHER_H -DHAVE_STDINT_H -DHAVE_SYS_UTSNAME_H -std=gnu11 -o CMakeFiles/cmTC_86aa1.dir/CurlTests.c.o -c /home/master1/src/cmake-3.19.5/Utilities/cmcurl/CMake/CurlTests.c
/home/master1/src/cmake-3.19.5/Utilities/cmcurl/CMake/CurlTests.c: In function ‘main’:
/home/master1/src/cmake-3.19.5/Utilities/cmcurl/CMake/CurlTests.c:106:23: error: storage size of ‘hdata’ isn’t known
  106 |   struct hostent_data hdata;
      |                       ^~~~~
/home/master1/src/cmake-3.19.5/Utilities/cmcurl/CMake/CurlTests.c:141:8: error: too few arguments to function ‘gethostbyname_r’
  141 |   rc = gethostbyname_r(address, &h, &hdata);
      |        ^~~~~~~~~~~~~~~
In file included from /home/master1/src/cmake-3.19.5/Utilities/cmcurl/CMake/CurlTests.c:93:
/usr/include/netdb.h:177:12: note: declared here
  177 | extern int gethostbyname_r (const char *__restrict __name,
      |            ^~~~~~~~~~~~~~~
make[1]: *** [CMakeFiles/cmTC_86aa1.dir/build.make:85: CMakeFiles/cmTC_86aa1.dir/CurlTests.c.o] Error 1
make[1]: Leaving directory '/home/master1/src/cmake-3.19.5/CMakeFiles/CMakeTmp'
make: *** [Makefile:140: cmTC_86aa1/fast] Error 2


Performing Curl Test HAVE_GETHOSTBYNAME_R_5 failed with the following output:
Change Dir: /home/master1/src/cmake-3.19.5/CMakeFiles/CMakeTmp

Run Build Command(s):/usr/bin/make cmTC_39911/fast && make  -f CMakeFiles/cmTC_39911.dir/build.make CMakeFiles/cmTC_39911.dir/build
make[1]: Entering directory '/home/master1/src/cmake-3.19.5/CMakeFiles/CMakeTmp'
Building C object CMakeFiles/cmTC_39911.dir/CurlTests.c.o
/usr/bin/gcc   -w -DHAVE_GETHOSTBYNAME_R_5  -DHAVE_STDIO_H -DHAVE_INTTYPES_H -DHAVE_SYS_IOCTL_H -DHAVE_SYS_PARAM_H -DHAVE_SYS_POLL_H -DHAVE_SYS_RESOURCE_H -DHAVE_SYS_SELECT_H -DHAVE_SYS_SOCKET_H -DHAVE_SYS_STAT_H -DHAVE_SYS_TIME_H -DHAVE_SYS_TYPES_H -DHAVE_SYS_UIO_H -DHAVE_SYS_UN_H -DHAVE_SYS_XATTR_H -DHAVE_ALLOCA_H -DHAVE_ARPA_INET_H -DHAVE_ARPA_TFTP_H -DHAVE_ASSERT_H -DHAVE_ERR_H -DHAVE_ERRNO_H -DHAVE_FCNTL_H -DHAVE_IFADDRS_H -DHAVE_LIBGEN_H -DHAVE_LOCALE_H -DHAVE_NET_IF_H -DHAVE_NETDB_H -DHAVE_NETINET_IN_H -DHAVE_NETINET_TCP_H -DHAVE_POLL_H -DHAVE_PWD_H -DHAVE_SETJMP_H -DHAVE_SGTTY_H -DHAVE_SIGNAL_H -DHAVE_STDBOOL_H -DHAVE_STDINT_H -DHAVE_STDIO_H -DHAVE_STDLIB_H -DHAVE_STRING_H -DHAVE_STRINGS_H -DHAVE_TERMIO_H -DHAVE_TERMIOS_H -DHAVE_TIME_H -DHAVE_UNISTD_H -DHAVE_UTIME_H -DHAVE_STDDEF_H -DHAVE_DLFCN_H -DHAVE_MALLOC_H -DHAVE_MEMORY_H -DHAVE_NETINET_IF_ETHER_H -DHAVE_STDINT_H -DHAVE_SYS_UTSNAME_H -std=gnu11 -o CMakeFiles/cmTC_39911.dir/CurlTests.c.o -c /home/master1/src/cmake-3.19.5/Utilities/cmcurl/CMake/CurlTests.c
/home/master1/src/cmake-3.19.5/Utilities/cmcurl/CMake/CurlTests.c: In function ‘main’:
/home/master1/src/cmake-3.19.5/Utilities/cmcurl/CMake/CurlTests.c:144:8: error: too few arguments to function ‘gethostbyname_r’
  144 |   rc = gethostbyname_r(address, &h, buffer, 8192, &h_errnop);
      |        ^~~~~~~~~~~~~~~
In file included from /home/master1/src/cmake-3.19.5/Utilities/cmcurl/CMake/CurlTests.c:93:
/usr/include/netdb.h:177:12: note: declared here
  177 | extern int gethostbyname_r (const char *__restrict __name,
      |            ^~~~~~~~~~~~~~~
make[1]: *** [CMakeFiles/cmTC_39911.dir/build.make:85: CMakeFiles/cmTC_39911.dir/CurlTests.c.o] Error 1
make[1]: Leaving directory '/home/master1/src/cmake-3.19.5/CMakeFiles/CMakeTmp'
make: *** [Makefile:140: cmTC_39911/fast] Error 2


Performing Curl Test HAVE_GETHOSTBYNAME_R_3_REENTRANT failed with the following output:
Change Dir: /home/master1/src/cmake-3.19.5/CMakeFiles/CMakeTmp

Run Build Command(s):/usr/bin/make cmTC_2e500/fast && make  -f CMakeFiles/cmTC_2e500.dir/build.make CMakeFiles/cmTC_2e500.dir/build
make[1]: Entering directory '/home/master1/src/cmake-3.19.5/CMakeFiles/CMakeTmp'
Building C object CMakeFiles/cmTC_2e500.dir/CurlTests.c.o
/usr/bin/gcc   -w -DHAVE_GETHOSTBYNAME_R_3_REENTRANT  -DHAVE_STDIO_H -DHAVE_INTTYPES_H -DHAVE_SYS_IOCTL_H -DHAVE_SYS_PARAM_H -DHAVE_SYS_POLL_H -DHAVE_SYS_RESOURCE_H -DHAVE_SYS_SELECT_H -DHAVE_SYS_SOCKET_H -DHAVE_SYS_STAT_H -DHAVE_SYS_TIME_H -DHAVE_SYS_TYPES_H -DHAVE_SYS_UIO_H -DHAVE_SYS_UN_H -DHAVE_SYS_XATTR_H -DHAVE_ALLOCA_H -DHAVE_ARPA_INET_H -DHAVE_ARPA_TFTP_H -DHAVE_ASSERT_H -DHAVE_ERR_H -DHAVE_ERRNO_H -DHAVE_FCNTL_H -DHAVE_IFADDRS_H -DHAVE_LIBGEN_H -DHAVE_LOCALE_H -DHAVE_NET_IF_H -DHAVE_NETDB_H -DHAVE_NETINET_IN_H -DHAVE_NETINET_TCP_H -DHAVE_POLL_H -DHAVE_PWD_H -DHAVE_SETJMP_H -DHAVE_SGTTY_H -DHAVE_SIGNAL_H -DHAVE_STDBOOL_H -DHAVE_STDINT_H -DHAVE_STDIO_H -DHAVE_STDLIB_H -DHAVE_STRING_H -DHAVE_STRINGS_H -DHAVE_TERMIO_H -DHAVE_TERMIOS_H -DHAVE_TIME_H -DHAVE_UNISTD_H -DHAVE_UTIME_H -DHAVE_STDDEF_H -DHAVE_DLFCN_H -DHAVE_MALLOC_H -DHAVE_MEMORY_H -DHAVE_NETINET_IF_ETHER_H -DHAVE_STDINT_H -DHAVE_SYS_UTSNAME_H -std=gnu11 -o CMakeFiles/cmTC_2e500.dir/CurlTests.c.o -c /home/master1/src/cmake-3.19.5/Utilities/cmcurl/CMake/CurlTests.c
/home/master1/src/cmake-3.19.5/Utilities/cmcurl/CMake/CurlTests.c: In function ‘main’:
/home/master1/src/cmake-3.19.5/Utilities/cmcurl/CMake/CurlTests.c:106:23: error: storage size of ‘hdata’ isn’t known
  106 |   struct hostent_data hdata;
      |                       ^~~~~
/home/master1/src/cmake-3.19.5/Utilities/cmcurl/CMake/CurlTests.c:141:8: error: too few arguments to function ‘gethostbyname_r’
  141 |   rc = gethostbyname_r(address, &h, &hdata);
      |        ^~~~~~~~~~~~~~~
In file included from /home/master1/src/cmake-3.19.5/Utilities/cmcurl/CMake/CurlTests.c:93:
/usr/include/netdb.h:177:12: note: declared here
  177 | extern int gethostbyname_r (const char *__restrict __name,
      |            ^~~~~~~~~~~~~~~
make[1]: *** [CMakeFiles/cmTC_2e500.dir/build.make:85: CMakeFiles/cmTC_2e500.dir/CurlTests.c.o] Error 1
make[1]: Leaving directory '/home/master1/src/cmake-3.19.5/CMakeFiles/CMakeTmp'
make: *** [Makefile:140: cmTC_2e500/fast] Error 2


Performing Curl Test HAVE_GETHOSTBYNAME_R_5_REENTRANT failed with the following output:
Change Dir: /home/master1/src/cmake-3.19.5/CMakeFiles/CMakeTmp

Run Build Command(s):/usr/bin/make cmTC_eb003/fast && make  -f CMakeFiles/cmTC_eb003.dir/build.make CMakeFiles/cmTC_eb003.dir/build
make[1]: Entering directory '/home/master1/src/cmake-3.19.5/CMakeFiles/CMakeTmp'
Building C object CMakeFiles/cmTC_eb003.dir/CurlTests.c.o
/usr/bin/gcc   -w -DHAVE_GETHOSTBYNAME_R_5_REENTRANT  -DHAVE_STDIO_H -DHAVE_INTTYPES_H -DHAVE_SYS_IOCTL_H -DHAVE_SYS_PARAM_H -DHAVE_SYS_POLL_H -DHAVE_SYS_RESOURCE_H -DHAVE_SYS_SELECT_H -DHAVE_SYS_SOCKET_H -DHAVE_SYS_STAT_H -DHAVE_SYS_TIME_H -DHAVE_SYS_TYPES_H -DHAVE_SYS_UIO_H -DHAVE_SYS_UN_H -DHAVE_SYS_XATTR_H -DHAVE_ALLOCA_H -DHAVE_ARPA_INET_H -DHAVE_ARPA_TFTP_H -DHAVE_ASSERT_H -DHAVE_ERR_H -DHAVE_ERRNO_H -DHAVE_FCNTL_H -DHAVE_IFADDRS_H -DHAVE_LIBGEN_H -DHAVE_LOCALE_H -DHAVE_NET_IF_H -DHAVE_NETDB_H -DHAVE_NETINET_IN_H -DHAVE_NETINET_TCP_H -DHAVE_POLL_H -DHAVE_PWD_H -DHAVE_SETJMP_H -DHAVE_SGTTY_H -DHAVE_SIGNAL_H -DHAVE_STDBOOL_H -DHAVE_STDINT_H -DHAVE_STDIO_H -DHAVE_STDLIB_H -DHAVE_STRING_H -DHAVE_STRINGS_H -DHAVE_TERMIO_H -DHAVE_TERMIOS_H -DHAVE_TIME_H -DHAVE_UNISTD_H -DHAVE_UTIME_H -DHAVE_STDDEF_H -DHAVE_DLFCN_H -DHAVE_MALLOC_H -DHAVE_MEMORY_H -DHAVE_NETINET_IF_ETHER_H -DHAVE_STDINT_H -DHAVE_SYS_UTSNAME_H -std=gnu11 -o CMakeFiles/cmTC_eb003.dir/CurlTests.c.o -c /home/master1/src/cmake-3.19.5/Utilities/cmcurl/CMake/CurlTests.c
/home/master1/src/cmake-3.19.5/Utilities/cmcurl/CMake/CurlTests.c: In function ‘main’:
/home/master1/src/cmake-3.19.5/Utilities/cmcurl/CMake/CurlTests.c:144:8: error: too few arguments to function ‘gethostbyname_r’
  144 |   rc = gethostbyname_r(address, &h, buffer, 8192, &h_errnop);
      |        ^~~~~~~~~~~~~~~
In file included from /home/master1/src/cmake-3.19.5/Utilities/cmcurl/CMake/CurlTests.c:93:
/usr/include/netdb.h:177:12: note: declared here
  177 | extern int gethostbyname_r (const char *__restrict __name,
      |            ^~~~~~~~~~~~~~~
make[1]: *** [CMakeFiles/cmTC_eb003.dir/build.make:85: CMakeFiles/cmTC_eb003.dir/CurlTests.c.o] Error 1
make[1]: Leaving directory '/home/master1/src/cmake-3.19.5/CMakeFiles/CMakeTmp'
make: *** [Makefile:140: cmTC_eb003/fast] Error 2


Performing Curl Test HAVE_INET_NTOA_R_DECL failed with the following output:
Change Dir: /home/master1/src/cmake-3.19.5/CMakeFiles/CMakeTmp

Run Build Command(s):/usr/bin/make cmTC_a1030/fast && make  -f CMakeFiles/cmTC_a1030.dir/build.make CMakeFiles/cmTC_a1030.dir/build
make[1]: Entering directory '/home/master1/src/cmake-3.19.5/CMakeFiles/CMakeTmp'
Building C object CMakeFiles/cmTC_a1030.dir/CurlTests.c.o
/usr/bin/gcc   -w -DHAVE_INET_NTOA_R_DECL  -DHAVE_STDIO_H -DHAVE_INTTYPES_H -DHAVE_SYS_IOCTL_H -DHAVE_SYS_PARAM_H -DHAVE_SYS_POLL_H -DHAVE_SYS_RESOURCE_H -DHAVE_SYS_SELECT_H -DHAVE_SYS_SOCKET_H -DHAVE_SYS_STAT_H -DHAVE_SYS_TIME_H -DHAVE_SYS_TYPES_H -DHAVE_SYS_UIO_H -DHAVE_SYS_UN_H -DHAVE_SYS_XATTR_H -DHAVE_ALLOCA_H -DHAVE_ARPA_INET_H -DHAVE_ARPA_TFTP_H -DHAVE_ASSERT_H -DHAVE_ERR_H -DHAVE_ERRNO_H -DHAVE_FCNTL_H -DHAVE_IFADDRS_H -DHAVE_LIBGEN_H -DHAVE_LOCALE_H -DHAVE_NET_IF_H -DHAVE_NETDB_H -DHAVE_NETINET_IN_H -DHAVE_NETINET_TCP_H -DHAVE_POLL_H -DHAVE_PWD_H -DHAVE_SETJMP_H -DHAVE_SGTTY_H -DHAVE_SIGNAL_H -DHAVE_STDBOOL_H -DHAVE_STDINT_H -DHAVE_STDIO_H -DHAVE_STDLIB_H -DHAVE_STRING_H -DHAVE_STRINGS_H -DHAVE_TERMIO_H -DHAVE_TERMIOS_H -DHAVE_TIME_H -DHAVE_UNISTD_H -DHAVE_UTIME_H -DHAVE_STDDEF_H -DHAVE_DLFCN_H -DHAVE_MALLOC_H -DHAVE_MEMORY_H -DHAVE_NETINET_IF_ETHER_H -DHAVE_STDINT_H -DHAVE_SYS_UTSNAME_H -std=gnu11 -o CMakeFiles/cmTC_a1030.dir/CurlTests.c.o -c /home/master1/src/cmake-3.19.5/Utilities/cmcurl/CMake/CurlTests.c
/home/master1/src/cmake-3.19.5/Utilities/cmcurl/CMake/CurlTests.c: In function ‘main’:
/home/master1/src/cmake-3.19.5/Utilities/cmcurl/CMake/CurlTests.c:244:21: error: ‘inet_ntoa_r’ undeclared (first use in this function); did you mean ‘inet_ntoa’?
  244 |   func = (func_type)inet_ntoa_r;
      |                     ^~~~~~~~~~~
      |                     inet_ntoa
/home/master1/src/cmake-3.19.5/Utilities/cmcurl/CMake/CurlTests.c:244:21: note: each undeclared identifier is reported only once for each function it appears in
make[1]: *** [CMakeFiles/cmTC_a1030.dir/build.make:85: CMakeFiles/cmTC_a1030.dir/CurlTests.c.o] Error 1
make[1]: Leaving directory '/home/master1/src/cmake-3.19.5/CMakeFiles/CMakeTmp'
make: *** [Makefile:140: cmTC_a1030/fast] Error 2


Performing Curl Test HAVE_INET_NTOA_R_DECL_REENTRANT failed with the following output:
Change Dir: /home/master1/src/cmake-3.19.5/CMakeFiles/CMakeTmp

Run Build Command(s):/usr/bin/make cmTC_07d43/fast && make  -f CMakeFiles/cmTC_07d43.dir/build.make CMakeFiles/cmTC_07d43.dir/build
make[1]: Entering directory '/home/master1/src/cmake-3.19.5/CMakeFiles/CMakeTmp'
Building C object CMakeFiles/cmTC_07d43.dir/CurlTests.c.o
/usr/bin/gcc   -w -DHAVE_INET_NTOA_R_DECL_REENTRANT  -DHAVE_STDIO_H -DHAVE_INTTYPES_H -DHAVE_SYS_IOCTL_H -DHAVE_SYS_PARAM_H -DHAVE_SYS_POLL_H -DHAVE_SYS_RESOURCE_H -DHAVE_SYS_SELECT_H -DHAVE_SYS_SOCKET_H -DHAVE_SYS_STAT_H -DHAVE_SYS_TIME_H -DHAVE_SYS_TYPES_H -DHAVE_SYS_UIO_H -DHAVE_SYS_UN_H -DHAVE_SYS_XATTR_H -DHAVE_ALLOCA_H -DHAVE_ARPA_INET_H -DHAVE_ARPA_TFTP_H -DHAVE_ASSERT_H -DHAVE_ERR_H -DHAVE_ERRNO_H -DHAVE_FCNTL_H -DHAVE_IFADDRS_H -DHAVE_LIBGEN_H -DHAVE_LOCALE_H -DHAVE_NET_IF_H -DHAVE_NETDB_H -DHAVE_NETINET_IN_H -DHAVE_NETINET_TCP_H -DHAVE_POLL_H -DHAVE_PWD_H -DHAVE_SETJMP_H -DHAVE_SGTTY_H -DHAVE_SIGNAL_H -DHAVE_STDBOOL_H -DHAVE_STDINT_H -DHAVE_STDIO_H -DHAVE_STDLIB_H -DHAVE_STRING_H -DHAVE_STRINGS_H -DHAVE_TERMIO_H -DHAVE_TERMIOS_H -DHAVE_TIME_H -DHAVE_UNISTD_H -DHAVE_UTIME_H -DHAVE_STDDEF_H -DHAVE_DLFCN_H -DHAVE_MALLOC_H -DHAVE_MEMORY_H -DHAVE_NETINET_IF_ETHER_H -DHAVE_STDINT_H -DHAVE_SYS_UTSNAME_H -std=gnu11 -o CMakeFiles/cmTC_07d43.dir/CurlTests.c.o -c /home/master1/src/cmake-3.19.5/Utilities/cmcurl/CMake/CurlTests.c
/home/master1/src/cmake-3.19.5/Utilities/cmcurl/CMake/CurlTests.c: In function ‘main’:
/home/master1/src/cmake-3.19.5/Utilities/cmcurl/CMake/CurlTests.c:260:22: error: ‘inet_ntoa_r’ undeclared (first use in this function); did you mean ‘inet_ntoa’?
  260 |   func = (func_type)&inet_ntoa_r;
      |                      ^~~~~~~~~~~
      |                      inet_ntoa
/home/master1/src/cmake-3.19.5/Utilities/cmcurl/CMake/CurlTests.c:260:22: note: each undeclared identifier is reported only once for each function it appears in
make[1]: *** [CMakeFiles/cmTC_07d43.dir/build.make:85: CMakeFiles/cmTC_07d43.dir/CurlTests.c.o] Error 1
make[1]: Leaving directory '/home/master1/src/cmake-3.19.5/CMakeFiles/CMakeTmp'
make: *** [Makefile:140: cmTC_07d43/fast] Error 2


Performing Curl Test HAVE_GLIBC_STRERROR_R failed with the following output:
Change Dir: /home/master1/src/cmake-3.19.5/CMakeFiles/CMakeTmp

Run Build Command(s):/usr/bin/make cmTC_8f027/fast && make  -f CMakeFiles/cmTC_8f027.dir/build.make CMakeFiles/cmTC_8f027.dir/build
make[1]: Entering directory '/home/master1/src/cmake-3.19.5/CMakeFiles/CMakeTmp'
Building C object CMakeFiles/cmTC_8f027.dir/CurlTests.c.o
/usr/bin/gcc   -w -DHAVE_GLIBC_STRERROR_R  -DHAVE_STDIO_H -DHAVE_INTTYPES_H -DHAVE_SYS_IOCTL_H -DHAVE_SYS_PARAM_H -DHAVE_SYS_POLL_H -DHAVE_SYS_RESOURCE_H -DHAVE_SYS_SELECT_H -DHAVE_SYS_SOCKET_H -DHAVE_SYS_STAT_H -DHAVE_SYS_TIME_H -DHAVE_SYS_TYPES_H -DHAVE_SYS_UIO_H -DHAVE_SYS_UN_H -DHAVE_SYS_XATTR_H -DHAVE_ALLOCA_H -DHAVE_ARPA_INET_H -DHAVE_ARPA_TFTP_H -DHAVE_ASSERT_H -DHAVE_ERR_H -DHAVE_ERRNO_H -DHAVE_FCNTL_H -DHAVE_IFADDRS_H -DHAVE_LIBGEN_H -DHAVE_LOCALE_H -DHAVE_NET_IF_H -DHAVE_NETDB_H -DHAVE_NETINET_IN_H -DHAVE_NETINET_TCP_H -DHAVE_POLL_H -DHAVE_PWD_H -DHAVE_SETJMP_H -DHAVE_SGTTY_H -DHAVE_SIGNAL_H -DHAVE_STDBOOL_H -DHAVE_STDINT_H -DHAVE_STDIO_H -DHAVE_STDLIB_H -DHAVE_STRING_H -DHAVE_STRINGS_H -DHAVE_TERMIO_H -DHAVE_TERMIOS_H -DHAVE_TIME_H -DHAVE_UNISTD_H -DHAVE_UTIME_H -DHAVE_STDDEF_H -DHAVE_DLFCN_H -DHAVE_MALLOC_H -DHAVE_MEMORY_H -DHAVE_NETINET_IF_ETHER_H -DHAVE_STDINT_H -DHAVE_SYS_UTSNAME_H -std=gnu11 -o CMakeFiles/cmTC_8f027.dir/CurlTests.c.o -c /home/master1/src/cmake-3.19.5/Utilities/cmcurl/CMake/CurlTests.c
/home/master1/src/cmake-3.19.5/Utilities/cmcurl/CMake/CurlTests.c: In function ‘main’:
/home/master1/src/cmake-3.19.5/Utilities/cmcurl/CMake/CurlTests.c:521:51: error: subscripted value is neither array nor pointer nor vector
  521 |   check(strerror_r(EACCES, buffer, sizeof(buffer))[0]);
      |                                                   ^
make[1]: *** [CMakeFiles/cmTC_8f027.dir/build.make:85: CMakeFiles/cmTC_8f027.dir/CurlTests.c.o] Error 1
make[1]: Leaving directory '/home/master1/src/cmake-3.19.5/CMakeFiles/CMakeTmp'
make: *** [Makefile:140: cmTC_8f027/fast] Error 2


Performing Curl Test HAVE_BUILTIN_AVAILABLE failed with the following output:
Change Dir: /home/master1/src/cmake-3.19.5/CMakeFiles/CMakeTmp

Run Build Command(s):/usr/bin/make cmTC_d638f/fast && make  -f CMakeFiles/cmTC_d638f.dir/build.make CMakeFiles/cmTC_d638f.dir/build
make[1]: Entering directory '/home/master1/src/cmake-3.19.5/CMakeFiles/CMakeTmp'
Building C object CMakeFiles/cmTC_d638f.dir/CurlTests.c.o
/usr/bin/gcc   -w -DHAVE_BUILTIN_AVAILABLE  -DHAVE_STDIO_H -DHAVE_INTTYPES_H -DHAVE_SYS_IOCTL_H -DHAVE_SYS_PARAM_H -DHAVE_SYS_POLL_H -DHAVE_SYS_RESOURCE_H -DHAVE_SYS_SELECT_H -DHAVE_SYS_SOCKET_H -DHAVE_SYS_STAT_H -DHAVE_SYS_TIME_H -DHAVE_SYS_TYPES_H -DHAVE_SYS_UIO_H -DHAVE_SYS_UN_H -DHAVE_SYS_XATTR_H -DHAVE_ALLOCA_H -DHAVE_ARPA_INET_H -DHAVE_ARPA_TFTP_H -DHAVE_ASSERT_H -DHAVE_ERR_H -DHAVE_ERRNO_H -DHAVE_FCNTL_H -DHAVE_IFADDRS_H -DHAVE_LIBGEN_H -DHAVE_LOCALE_H -DHAVE_NET_IF_H -DHAVE_NETDB_H -DHAVE_NETINET_IN_H -DHAVE_NETINET_TCP_H -DHAVE_POLL_H -DHAVE_PWD_H -DHAVE_SETJMP_H -DHAVE_SGTTY_H -DHAVE_SIGNAL_H -DHAVE_STDBOOL_H -DHAVE_STDINT_H -DHAVE_STDIO_H -DHAVE_STDLIB_H -DHAVE_STRING_H -DHAVE_STRINGS_H -DHAVE_TERMIO_H -DHAVE_TERMIOS_H -DHAVE_TIME_H -DHAVE_UNISTD_H -DHAVE_UTIME_H -DHAVE_STDDEF_H -DHAVE_DLFCN_H -DHAVE_MALLOC_H -DHAVE_MEMORY_H -DHAVE_NETINET_IF_ETHER_H -DHAVE_STDINT_H -DHAVE_SYS_UTSNAME_H -std=gnu11 -o CMakeFiles/cmTC_d638f.dir/CurlTests.c.o -c /home/master1/src/cmake-3.19.5/Utilities/cmcurl/CMake/CurlTests.c
/home/master1/src/cmake-3.19.5/Utilities/cmcurl/CMake/CurlTests.c: In function ‘main’:
/home/master1/src/cmake-3.19.5/Utilities/cmcurl/CMake/CurlTests.c:568:26: error: ‘macOS’ undeclared (first use in this function)
  568 |   if(__builtin_available(macOS 10.12, *)) {}
      |                          ^~~~~
/home/master1/src/cmake-3.19.5/Utilities/cmcurl/CMake/CurlTests.c:568:26: note: each undeclared identifier is reported only once for each function it appears in
/home/master1/src/cmake-3.19.5/Utilities/cmcurl/CMake/CurlTests.c:568:31: error: expected ‘)’ before numeric constant
  568 |   if(__builtin_available(macOS 10.12, *)) {}
      |                               ^~~~~~
      |                               )
make[1]: *** [CMakeFiles/cmTC_d638f.dir/build.make:85: CMakeFiles/cmTC_d638f.dir/CurlTests.c.o] Error 1
make[1]: Leaving directory '/home/master1/src/cmake-3.19.5/CMakeFiles/CMakeTmp'
make: *** [Makefile:140: cmTC_d638f/fast] Error 2


Determining if the arc4random_buf exist failed with the following output:
Change Dir: /home/master1/src/cmake-3.19.5/CMakeFiles/CMakeTmp

Run Build Command(s):/usr/bin/make cmTC_064a6/fast && make  -f CMakeFiles/cmTC_064a6.dir/build.make CMakeFiles/cmTC_064a6.dir/build
make[1]: Entering directory '/home/master1/src/cmake-3.19.5/CMakeFiles/CMakeTmp'
Building C object CMakeFiles/cmTC_064a6.dir/CheckSymbolExists.c.o
/usr/bin/gcc   -w  -std=gnu11 -o CMakeFiles/cmTC_064a6.dir/CheckSymbolExists.c.o -c /home/master1/src/cmake-3.19.5/CMakeFiles/CMakeTmp/CheckSymbolExists.c
/home/master1/src/cmake-3.19.5/CMakeFiles/CMakeTmp/CheckSymbolExists.c: In function ‘main’:
/home/master1/src/cmake-3.19.5/CMakeFiles/CMakeTmp/CheckSymbolExists.c:8:19: error: ‘arc4random_buf’ undeclared (first use in this function)
    8 |   return ((int*)(&arc4random_buf))[argc];
      |                   ^~~~~~~~~~~~~~
/home/master1/src/cmake-3.19.5/CMakeFiles/CMakeTmp/CheckSymbolExists.c:8:19: note: each undeclared identifier is reported only once for each function it appears in
make[1]: *** [CMakeFiles/cmTC_064a6.dir/build.make:85: CMakeFiles/cmTC_064a6.dir/CheckSymbolExists.c.o] Error 1
make[1]: Leaving directory '/home/master1/src/cmake-3.19.5/CMakeFiles/CMakeTmp'
make: *** [Makefile:140: cmTC_064a6/fast] Error 2


File /home/master1/src/cmake-3.19.5/CMakeFiles/CMakeTmp/CheckSymbolExists.c:
/* */
#include <stdlib.h>

int main(int argc, char** argv)
{
  (void)argv;
#ifndef arc4random_buf
  return ((int*)(&arc4random_buf))[argc];
#else
  (void)argc;
  return 0;
#endif
}
Determining if the arc4random exist failed with the following output:
Change Dir: /home/master1/src/cmake-3.19.5/CMakeFiles/CMakeTmp

Run Build Command(s):/usr/bin/make cmTC_63953/fast && make  -f CMakeFiles/cmTC_63953.dir/build.make CMakeFiles/cmTC_63953.dir/build
make[1]: Entering directory '/home/master1/src/cmake-3.19.5/CMakeFiles/CMakeTmp'
Building C object CMakeFiles/cmTC_63953.dir/CheckSymbolExists.c.o
/usr/bin/gcc   -w  -std=gnu11 -o CMakeFiles/cmTC_63953.dir/CheckSymbolExists.c.o -c /home/master1/src/cmake-3.19.5/CMakeFiles/CMakeTmp/CheckSymbolExists.c
/home/master1/src/cmake-3.19.5/CMakeFiles/CMakeTmp/CheckSymbolExists.c: In function ‘main’:
/home/master1/src/cmake-3.19.5/CMakeFiles/CMakeTmp/CheckSymbolExists.c:8:19: error: ‘arc4random’ undeclared (first use in this function); did you mean ‘srandom’?
    8 |   return ((int*)(&arc4random))[argc];
      |                   ^~~~~~~~~~
      |                   srandom
/home/master1/src/cmake-3.19.5/CMakeFiles/CMakeTmp/CheckSymbolExists.c:8:19: note: each undeclared identifier is reported only once for each function it appears in
make[1]: *** [CMakeFiles/cmTC_63953.dir/build.make:85: CMakeFiles/cmTC_63953.dir/CheckSymbolExists.c.o] Error 1
make[1]: Leaving directory '/home/master1/src/cmake-3.19.5/CMakeFiles/CMakeTmp'
make: *** [Makefile:140: cmTC_63953/fast] Error 2


File /home/master1/src/cmake-3.19.5/CMakeFiles/CMakeTmp/CheckSymbolExists.c:
/* */
#include <stdlib.h>

int main(int argc, char** argv)
{
  (void)argv;
#ifndef arc4random
  return ((int*)(&arc4random))[argc];
#else
  (void)argc;
  return 0;
#endif
}
Determining if files sys/types.h;ctype.h;copyfile.h exist failed with the following output:
Change Dir: /home/master1/src/cmake-3.19.5/CMakeFiles/CMakeTmp

Run Build Command(s):/usr/bin/make cmTC_25fb5/fast && make  -f CMakeFiles/cmTC_25fb5.dir/build.make CMakeFiles/cmTC_25fb5.dir/build
make[1]: Entering directory '/home/master1/src/cmake-3.19.5/CMakeFiles/CMakeTmp'
Building C object CMakeFiles/cmTC_25fb5.dir/HAVE_COPYFILE_H.c.o
/usr/bin/gcc   -w  -std=gnu11 -o CMakeFiles/cmTC_25fb5.dir/HAVE_COPYFILE_H.c.o -c /home/master1/src/cmake-3.19.5/CMakeFiles/CheckIncludeFiles/HAVE_COPYFILE_H.c
/home/master1/src/cmake-3.19.5/CMakeFiles/CheckIncludeFiles/HAVE_COPYFILE_H.c:4:10: fatal error: copyfile.h: No such file or directory
    4 | #include <copyfile.h>
      |          ^~~~~~~~~~~~
compilation terminated.
make[1]: *** [CMakeFiles/cmTC_25fb5.dir/build.make:85: CMakeFiles/cmTC_25fb5.dir/HAVE_COPYFILE_H.c.o] Error 1
make[1]: Leaving directory '/home/master1/src/cmake-3.19.5/CMakeFiles/CMakeTmp'
make: *** [Makefile:140: cmTC_25fb5/fast] Error 2


Source:
/* */
#include <sys/types.h>
#include <ctype.h>
#include <copyfile.h>


int main(void){return 0;}

Determining if files sys/types.h;ctype.h;direct.h exist failed with the following output:
Change Dir: /home/master1/src/cmake-3.19.5/CMakeFiles/CMakeTmp

Run Build Command(s):/usr/bin/make cmTC_967ff/fast && make  -f CMakeFiles/cmTC_967ff.dir/build.make CMakeFiles/cmTC_967ff.dir/build
make[1]: Entering directory '/home/master1/src/cmake-3.19.5/CMakeFiles/CMakeTmp'
Building C object CMakeFiles/cmTC_967ff.dir/HAVE_DIRECT_H.c.o
/usr/bin/gcc   -w  -std=gnu11 -o CMakeFiles/cmTC_967ff.dir/HAVE_DIRECT_H.c.o -c /home/master1/src/cmake-3.19.5/CMakeFiles/CheckIncludeFiles/HAVE_DIRECT_H.c
/home/master1/src/cmake-3.19.5/CMakeFiles/CheckIncludeFiles/HAVE_DIRECT_H.c:4:10: fatal error: direct.h: No such file or directory
    4 | #include <direct.h>
      |          ^~~~~~~~~~
compilation terminated.
make[1]: *** [CMakeFiles/cmTC_967ff.dir/build.make:85: CMakeFiles/cmTC_967ff.dir/HAVE_DIRECT_H.c.o] Error 1
make[1]: Leaving directory '/home/master1/src/cmake-3.19.5/CMakeFiles/CMakeTmp'
make: *** [Makefile:140: cmTC_967ff/fast] Error 2


Source:
/* */
#include <sys/types.h>
#include <ctype.h>
#include <direct.h>


int main(void){return 0;}

Determining if files sys/types.h;ctype.h;dlfcn.h;errno.h;ext2fs/ext2_fs.h exist failed with the following output:
Change Dir: /home/master1/src/cmake-3.19.5/CMakeFiles/CMakeTmp

Run Build Command(s):/usr/bin/make cmTC_f4556/fast && make  -f CMakeFiles/cmTC_f4556.dir/build.make CMakeFiles/cmTC_f4556.dir/build
make[1]: Entering directory '/home/master1/src/cmake-3.19.5/CMakeFiles/CMakeTmp'
Building C object CMakeFiles/cmTC_f4556.dir/HAVE_EXT2FS_EXT2_FS_H.c.o
/usr/bin/gcc   -w  -std=gnu11 -o CMakeFiles/cmTC_f4556.dir/HAVE_EXT2FS_EXT2_FS_H.c.o -c /home/master1/src/cmake-3.19.5/CMakeFiles/CheckIncludeFiles/HAVE_EXT2FS_EXT2_FS_H.c
/home/master1/src/cmake-3.19.5/CMakeFiles/CheckIncludeFiles/HAVE_EXT2FS_EXT2_FS_H.c:6:10: fatal error: ext2fs/ext2_fs.h: No such file or directory
    6 | #include <ext2fs/ext2_fs.h>
      |          ^~~~~~~~~~~~~~~~~~
compilation terminated.
make[1]: *** [CMakeFiles/cmTC_f4556.dir/build.make:85: CMakeFiles/cmTC_f4556.dir/HAVE_EXT2FS_EXT2_FS_H.c.o] Error 1
make[1]: Leaving directory '/home/master1/src/cmake-3.19.5/CMakeFiles/CMakeTmp'
make: *** [Makefile:140: cmTC_f4556/fast] Error 2


Source:
/* */
#include <sys/types.h>
#include <ctype.h>
#include <dlfcn.h>
#include <errno.h>
#include <ext2fs/ext2_fs.h>


int main(void){return 0;}

Performing C SOURCE FILE Test HAVE_WORKING_EXT2_IOC_GETFLAGS failed with the following output:
Change Dir: /home/master1/src/cmake-3.19.5/CMakeFiles/CMakeTmp

Run Build Command(s):/usr/bin/make cmTC_9692d/fast && make  -f CMakeFiles/cmTC_9692d.dir/build.make CMakeFiles/cmTC_9692d.dir/build
make[1]: Entering directory '/home/master1/src/cmake-3.19.5/CMakeFiles/CMakeTmp'
Building C object CMakeFiles/cmTC_9692d.dir/src.c.o
/usr/bin/gcc -DHAVE_WORKING_EXT2_IOC_GETFLAGS  -w  -std=gnu11 -o CMakeFiles/cmTC_9692d.dir/src.c.o -c /home/master1/src/cmake-3.19.5/CMakeFiles/CMakeTmp/src.c
/home/master1/src/cmake-3.19.5/CMakeFiles/CMakeTmp/src.c:2:10: fatal error: ext2fs/ext2_fs.h: No such file or directory
    2 | #include <ext2fs/ext2_fs.h>
      |          ^~~~~~~~~~~~~~~~~~
compilation terminated.
make[1]: *** [CMakeFiles/cmTC_9692d.dir/build.make:85: CMakeFiles/cmTC_9692d.dir/src.c.o] Error 1
make[1]: Leaving directory '/home/master1/src/cmake-3.19.5/CMakeFiles/CMakeTmp'
make: *** [Makefile:140: cmTC_9692d/fast] Error 2


Source file was:
#include <sys/ioctl.h>
#include <ext2fs/ext2_fs.h>
int main(void) { return EXT2_IOC_GETFLAGS; }
Determining if files sys/types.h;ctype.h;dlfcn.h;errno.h;fcntl.h;grp.h;langinfo.h;limits.h;linux/types.h;linux/fiemap.h;linux/fs.h;linux/magic.h;locale.h;membership.h exist failed with the following output:
Change Dir: /home/master1/src/cmake-3.19.5/CMakeFiles/CMakeTmp

Run Build Command(s):/usr/bin/make cmTC_f439c/fast && make  -f CMakeFiles/cmTC_f439c.dir/build.make CMakeFiles/cmTC_f439c.dir/build
make[1]: Entering directory '/home/master1/src/cmake-3.19.5/CMakeFiles/CMakeTmp'
Building C object CMakeFiles/cmTC_f439c.dir/HAVE_MEMBERSHIP_H.c.o
/usr/bin/gcc   -w  -std=gnu11 -o CMakeFiles/cmTC_f439c.dir/HAVE_MEMBERSHIP_H.c.o -c /home/master1/src/cmake-3.19.5/CMakeFiles/CheckIncludeFiles/HAVE_MEMBERSHIP_H.c
/home/master1/src/cmake-3.19.5/CMakeFiles/CheckIncludeFiles/HAVE_MEMBERSHIP_H.c:15:10: fatal error: membership.h: No such file or directory
   15 | #include <membership.h>
      |          ^~~~~~~~~~~~~~
compilation terminated.
make[1]: *** [CMakeFiles/cmTC_f439c.dir/build.make:85: CMakeFiles/cmTC_f439c.dir/HAVE_MEMBERSHIP_H.c.o] Error 1
make[1]: Leaving directory '/home/master1/src/cmake-3.19.5/CMakeFiles/CMakeTmp'
make: *** [Makefile:140: cmTC_f439c/fast] Error 2


Source:
/* */
#include <sys/types.h>
#include <ctype.h>
#include <dlfcn.h>
#include <errno.h>
#include <fcntl.h>
#include <grp.h>
#include <langinfo.h>
#include <limits.h>
#include <linux/types.h>
#include <linux/fiemap.h>
#include <linux/fs.h>
#include <linux/magic.h>
#include <locale.h>
#include <membership.h>


int main(void){return 0;}

Determining if files sys/types.h;ctype.h;dlfcn.h;errno.h;fcntl.h;grp.h;langinfo.h;limits.h;linux/types.h;linux/fiemap.h;linux/fs.h;linux/magic.h;locale.h;memory.h;paths.h;poll.h;pthread.h;pwd.h;readpassphrase.h exist failed with the following output:
Change Dir: /home/master1/src/cmake-3.19.5/CMakeFiles/CMakeTmp

Run Build Command(s):/usr/bin/make cmTC_d9027/fast && make  -f CMakeFiles/cmTC_d9027.dir/build.make CMakeFiles/cmTC_d9027.dir/build
make[1]: Entering directory '/home/master1/src/cmake-3.19.5/CMakeFiles/CMakeTmp'
Building C object CMakeFiles/cmTC_d9027.dir/HAVE_READPASSPHRASE_H.c.o
/usr/bin/gcc   -w  -std=gnu11 -o CMakeFiles/cmTC_d9027.dir/HAVE_READPASSPHRASE_H.c.o -c /home/master1/src/cmake-3.19.5/CMakeFiles/CheckIncludeFiles/HAVE_READPASSPHRASE_H.c
/home/master1/src/cmake-3.19.5/CMakeFiles/CheckIncludeFiles/HAVE_READPASSPHRASE_H.c:20:10: fatal error: readpassphrase.h: No such file or directory
   20 | #include <readpassphrase.h>
      |          ^~~~~~~~~~~~~~~~~~
compilation terminated.
make[1]: *** [CMakeFiles/cmTC_d9027.dir/build.make:85: CMakeFiles/cmTC_d9027.dir/HAVE_READPASSPHRASE_H.c.o] Error 1
make[1]: Leaving directory '/home/master1/src/cmake-3.19.5/CMakeFiles/CMakeTmp'
make: *** [Makefile:140: cmTC_d9027/fast] Error 2


Source:
/* */
#include <sys/types.h>
#include <ctype.h>
#include <dlfcn.h>
#include <errno.h>
#include <fcntl.h>
#include <grp.h>
#include <langinfo.h>
#include <limits.h>
#include <linux/types.h>
#include <linux/fiemap.h>
#include <linux/fs.h>
#include <linux/magic.h>
#include <locale.h>
#include <memory.h>
#include <paths.h>
#include <poll.h>
#include <pthread.h>
#include <pwd.h>
#include <readpassphrase.h>


int main(void){return 0;}

Determining if files sys/types.h;ctype.h;dlfcn.h;errno.h;fcntl.h;grp.h;langinfo.h;limits.h;linux/types.h;linux/fiemap.h;linux/fs.h;linux/magic.h;locale.h;memory.h;paths.h;poll.h;pthread.h;pwd.h;regex.h;signal.h;spawn.h;stdarg.h;stdlib.h;string.h;strings.h;sys/acl.h exist failed with the following output:
Change Dir: /home/master1/src/cmake-3.19.5/CMakeFiles/CMakeTmp

Run Build Command(s):/usr/bin/make cmTC_041a8/fast && make  -f CMakeFiles/cmTC_041a8.dir/build.make CMakeFiles/cmTC_041a8.dir/build
make[1]: Entering directory '/home/master1/src/cmake-3.19.5/CMakeFiles/CMakeTmp'
Building C object CMakeFiles/cmTC_041a8.dir/HAVE_SYS_ACL_H.c.o
/usr/bin/gcc   -w  -std=gnu11 -o CMakeFiles/cmTC_041a8.dir/HAVE_SYS_ACL_H.c.o -c /home/master1/src/cmake-3.19.5/CMakeFiles/CheckIncludeFiles/HAVE_SYS_ACL_H.c
/home/master1/src/cmake-3.19.5/CMakeFiles/CheckIncludeFiles/HAVE_SYS_ACL_H.c:27:10: fatal error: sys/acl.h: No such file or directory
   27 | #include <sys/acl.h>
      |          ^~~~~~~~~~~
compilation terminated.
make[1]: *** [CMakeFiles/cmTC_041a8.dir/build.make:85: CMakeFiles/cmTC_041a8.dir/HAVE_SYS_ACL_H.c.o] Error 1
make[1]: Leaving directory '/home/master1/src/cmake-3.19.5/CMakeFiles/CMakeTmp'
make: *** [Makefile:140: cmTC_041a8/fast] Error 2


Source:
/* */
#include <sys/types.h>
#include <ctype.h>
#include <dlfcn.h>
#include <errno.h>
#include <fcntl.h>
#include <grp.h>
#include <langinfo.h>
#include <limits.h>
#include <linux/types.h>
#include <linux/fiemap.h>
#include <linux/fs.h>
#include <linux/magic.h>
#include <locale.h>
#include <memory.h>
#include <paths.h>
#include <poll.h>
#include <pthread.h>
#include <pwd.h>
#include <regex.h>
#include <signal.h>
#include <spawn.h>
#include <stdarg.h>
#include <stdlib.h>
#include <string.h>
#include <strings.h>
#include <sys/acl.h>


int main(void){return 0;}

Determining if files sys/types.h;ctype.h;dlfcn.h;errno.h;fcntl.h;grp.h;langinfo.h;limits.h;linux/types.h;linux/fiemap.h;linux/fs.h;linux/magic.h;locale.h;memory.h;paths.h;poll.h;pthread.h;pwd.h;regex.h;signal.h;spawn.h;stdarg.h;stdlib.h;string.h;strings.h;sys/cdefs.h;sys/extattr.h exist failed with the following output:
Change Dir: /home/master1/src/cmake-3.19.5/CMakeFiles/CMakeTmp

Run Build Command(s):/usr/bin/make cmTC_097eb/fast && make  -f CMakeFiles/cmTC_097eb.dir/build.make CMakeFiles/cmTC_097eb.dir/build
make[1]: Entering directory '/home/master1/src/cmake-3.19.5/CMakeFiles/CMakeTmp'
Building C object CMakeFiles/cmTC_097eb.dir/HAVE_SYS_EXTATTR_H.c.o
/usr/bin/gcc   -w  -std=gnu11 -o CMakeFiles/cmTC_097eb.dir/HAVE_SYS_EXTATTR_H.c.o -c /home/master1/src/cmake-3.19.5/CMakeFiles/CheckIncludeFiles/HAVE_SYS_EXTATTR_H.c
/home/master1/src/cmake-3.19.5/CMakeFiles/CheckIncludeFiles/HAVE_SYS_EXTATTR_H.c:28:10: fatal error: sys/extattr.h: No such file or directory
   28 | #include <sys/extattr.h>
      |          ^~~~~~~~~~~~~~~
compilation terminated.
make[1]: *** [CMakeFiles/cmTC_097eb.dir/build.make:85: CMakeFiles/cmTC_097eb.dir/HAVE_SYS_EXTATTR_H.c.o] Error 1
make[1]: Leaving directory '/home/master1/src/cmake-3.19.5/CMakeFiles/CMakeTmp'
make: *** [Makefile:140: cmTC_097eb/fast] Error 2


Source:
/* */
#include <sys/types.h>
#include <ctype.h>
#include <dlfcn.h>
#include <errno.h>
#include <fcntl.h>
#include <grp.h>
#include <langinfo.h>
#include <limits.h>
#include <linux/types.h>
#include <linux/fiemap.h>
#include <linux/fs.h>
#include <linux/magic.h>
#include <locale.h>
#include <memory.h>
#include <paths.h>
#include <poll.h>
#include <pthread.h>
#include <pwd.h>
#include <regex.h>
#include <signal.h>
#include <spawn.h>
#include <stdarg.h>
#include <stdlib.h>
#include <string.h>
#include <strings.h>
#include <sys/cdefs.h>
#include <sys/extattr.h>


int main(void){return 0;}

Determining if files sys/types.h;ctype.h;dlfcn.h;errno.h;fcntl.h;grp.h;langinfo.h;limits.h;linux/types.h;linux/fiemap.h;linux/fs.h;linux/magic.h;locale.h;memory.h;paths.h;poll.h;pthread.h;pwd.h;regex.h;signal.h;spawn.h;stdarg.h;stdlib.h;string.h;strings.h;sys/cdefs.h;sys/ioctl.h;sys/mkdev.h exist failed with the following output:
Change Dir: /home/master1/src/cmake-3.19.5/CMakeFiles/CMakeTmp

Run Build Command(s):/usr/bin/make cmTC_0a414/fast && make  -f CMakeFiles/cmTC_0a414.dir/build.make CMakeFiles/cmTC_0a414.dir/build
make[1]: Entering directory '/home/master1/src/cmake-3.19.5/CMakeFiles/CMakeTmp'
Building C object CMakeFiles/cmTC_0a414.dir/HAVE_SYS_MKDEV_H.c.o
/usr/bin/gcc   -w  -std=gnu11 -o CMakeFiles/cmTC_0a414.dir/HAVE_SYS_MKDEV_H.c.o -c /home/master1/src/cmake-3.19.5/CMakeFiles/CheckIncludeFiles/HAVE_SYS_MKDEV_H.c
/home/master1/src/cmake-3.19.5/CMakeFiles/CheckIncludeFiles/HAVE_SYS_MKDEV_H.c:29:10: fatal error: sys/mkdev.h: No such file or directory
   29 | #include <sys/mkdev.h>
      |          ^~~~~~~~~~~~~
compilation terminated.
make[1]: *** [CMakeFiles/cmTC_0a414.dir/build.make:85: CMakeFiles/cmTC_0a414.dir/HAVE_SYS_MKDEV_H.c.o] Error 1
make[1]: Leaving directory '/home/master1/src/cmake-3.19.5/CMakeFiles/CMakeTmp'
make: *** [Makefile:140: cmTC_0a414/fast] Error 2


Source:
/* */
#include <sys/types.h>
#include <ctype.h>
#include <dlfcn.h>
#include <errno.h>
#include <fcntl.h>
#include <grp.h>
#include <langinfo.h>
#include <limits.h>
#include <linux/types.h>
#include <linux/fiemap.h>
#include <linux/fs.h>
#include <linux/magic.h>
#include <locale.h>
#include <memory.h>
#include <paths.h>
#include <poll.h>
#include <pthread.h>
#include <pwd.h>
#include <regex.h>
#include <signal.h>
#include <spawn.h>
#include <stdarg.h>
#include <stdlib.h>
#include <string.h>
#include <strings.h>
#include <sys/cdefs.h>
#include <sys/ioctl.h>
#include <sys/mkdev.h>


int main(void){return 0;}

Determining if files sys/types.h;ctype.h;dlfcn.h;errno.h;fcntl.h;grp.h;langinfo.h;limits.h;linux/types.h;linux/fiemap.h;linux/fs.h;linux/magic.h;locale.h;memory.h;paths.h;poll.h;pthread.h;pwd.h;regex.h;signal.h;spawn.h;stdarg.h;stdlib.h;string.h;strings.h;sys/cdefs.h;sys/ioctl.h;sys/mount.h exist failed with the following output:
Change Dir: /home/master1/src/cmake-3.19.5/CMakeFiles/CMakeTmp

Run Build Command(s):/usr/bin/make cmTC_89a8c/fast && make  -f CMakeFiles/cmTC_89a8c.dir/build.make CMakeFiles/cmTC_89a8c.dir/build
make[1]: Entering directory '/home/master1/src/cmake-3.19.5/CMakeFiles/CMakeTmp'
Building C object CMakeFiles/cmTC_89a8c.dir/HAVE_SYS_MOUNT_H.c.o
/usr/bin/gcc   -w  -std=gnu11 -o CMakeFiles/cmTC_89a8c.dir/HAVE_SYS_MOUNT_H.c.o -c /home/master1/src/cmake-3.19.5/CMakeFiles/CheckIncludeFiles/HAVE_SYS_MOUNT_H.c
In file included from /usr/include/linux/fs.h:19,
                 from /home/master1/src/cmake-3.19.5/CMakeFiles/CheckIncludeFiles/HAVE_SYS_MOUNT_H.c:12:
/usr/include/x86_64-linux-gnu/sys/mount.h:35:3: error: expected identifier before numeric constant
   35 |   MS_RDONLY = 1,  /* Mount read-only.  */
      |   ^~~~~~~~~
make[1]: *** [CMakeFiles/cmTC_89a8c.dir/build.make:85: CMakeFiles/cmTC_89a8c.dir/HAVE_SYS_MOUNT_H.c.o] Error 1
make[1]: Leaving directory '/home/master1/src/cmake-3.19.5/CMakeFiles/CMakeTmp'
make: *** [Makefile:140: cmTC_89a8c/fast] Error 2


Source:
/* */
#include <sys/types.h>
#include <ctype.h>
#include <dlfcn.h>
#include <errno.h>
#include <fcntl.h>
#include <grp.h>
#include <langinfo.h>
#include <limits.h>
#include <linux/types.h>
#include <linux/fiemap.h>
#include <linux/fs.h>
#include <linux/magic.h>
#include <locale.h>
#include <memory.h>
#include <paths.h>
#include <poll.h>
#include <pthread.h>
#include <pwd.h>
#include <regex.h>
#include <signal.h>
#include <spawn.h>
#include <stdarg.h>
#include <stdlib.h>
#include <string.h>
#include <strings.h>
#include <sys/cdefs.h>
#include <sys/ioctl.h>
#include <sys/mount.h>


int main(void){return 0;}

Determining if files sys/types.h;ctype.h;dlfcn.h;errno.h;fcntl.h;grp.h;langinfo.h;limits.h;linux/types.h;linux/fiemap.h;linux/fs.h;linux/magic.h;locale.h;memory.h;paths.h;poll.h;pthread.h;pwd.h;regex.h;signal.h;spawn.h;stdarg.h;stdlib.h;string.h;strings.h;sys/cdefs.h;sys/ioctl.h;sys/param.h;sys/poll.h;sys/richacl.h exist failed with the following output:
Change Dir: /home/master1/src/cmake-3.19.5/CMakeFiles/CMakeTmp

Run Build Command(s):/usr/bin/make cmTC_0d644/fast && make  -f CMakeFiles/cmTC_0d644.dir/build.make CMakeFiles/cmTC_0d644.dir/build
make[1]: Entering directory '/home/master1/src/cmake-3.19.5/CMakeFiles/CMakeTmp'
Building C object CMakeFiles/cmTC_0d644.dir/HAVE_SYS_RICHACL_H.c.o
/usr/bin/gcc   -w  -std=gnu11 -o CMakeFiles/cmTC_0d644.dir/HAVE_SYS_RICHACL_H.c.o -c /home/master1/src/cmake-3.19.5/CMakeFiles/CheckIncludeFiles/HAVE_SYS_RICHACL_H.c
/home/master1/src/cmake-3.19.5/CMakeFiles/CheckIncludeFiles/HAVE_SYS_RICHACL_H.c:31:10: fatal error: sys/richacl.h: No such file or directory
   31 | #include <sys/richacl.h>
      |          ^~~~~~~~~~~~~~~
compilation terminated.
make[1]: *** [CMakeFiles/cmTC_0d644.dir/build.make:85: CMakeFiles/cmTC_0d644.dir/HAVE_SYS_RICHACL_H.c.o] Error 1
make[1]: Leaving directory '/home/master1/src/cmake-3.19.5/CMakeFiles/CMakeTmp'
make: *** [Makefile:140: cmTC_0d644/fast] Error 2


Source:
/* */
#include <sys/types.h>
#include <ctype.h>
#include <dlfcn.h>
#include <errno.h>
#include <fcntl.h>
#include <grp.h>
#include <langinfo.h>
#include <limits.h>
#include <linux/types.h>
#include <linux/fiemap.h>
#include <linux/fs.h>
#include <linux/magic.h>
#include <locale.h>
#include <memory.h>
#include <paths.h>
#include <poll.h>
#include <pthread.h>
#include <pwd.h>
#include <regex.h>
#include <signal.h>
#include <spawn.h>
#include <stdarg.h>
#include <stdlib.h>
#include <string.h>
#include <strings.h>
#include <sys/cdefs.h>
#include <sys/ioctl.h>
#include <sys/param.h>
#include <sys/poll.h>
#include <sys/richacl.h>


int main(void){return 0;}

Determining if files sys/types.h;ctype.h;dlfcn.h;errno.h;fcntl.h;grp.h;langinfo.h;limits.h;linux/types.h;linux/fiemap.h;linux/fs.h;linux/magic.h;locale.h;memory.h;paths.h;poll.h;pthread.h;pwd.h;regex.h;signal.h;spawn.h;stdarg.h;stdlib.h;string.h;strings.h;sys/cdefs.h;sys/ioctl.h;sys/param.h;sys/poll.h;sys/select.h;sys/stat.h;sys/statfs.h;sys/statvfs.h;sys/sysmacros.h;sys/time.h;sys/utsname.h;sys/vfs.h;sys/wait.h;sys/xattr.h;time.h;unistd.h;utime.h;wchar.h;wctype.h;windows.h exist failed with the following output:
Change Dir: /home/master1/src/cmake-3.19.5/CMakeFiles/CMakeTmp

Run Build Command(s):/usr/bin/make cmTC_0a2fa/fast && make  -f CMakeFiles/cmTC_0a2fa.dir/build.make CMakeFiles/cmTC_0a2fa.dir/build
make[1]: Entering directory '/home/master1/src/cmake-3.19.5/CMakeFiles/CMakeTmp'
Building C object CMakeFiles/cmTC_0a2fa.dir/HAVE_WINDOWS_H.c.o
/usr/bin/gcc   -w  -std=gnu11 -o CMakeFiles/cmTC_0a2fa.dir/HAVE_WINDOWS_H.c.o -c /home/master1/src/cmake-3.19.5/CMakeFiles/CheckIncludeFiles/HAVE_WINDOWS_H.c
/home/master1/src/cmake-3.19.5/CMakeFiles/CheckIncludeFiles/HAVE_WINDOWS_H.c:46:10: fatal error: windows.h: No such file or directory
   46 | #include <windows.h>
      |          ^~~~~~~~~~~
compilation terminated.
make[1]: *** [CMakeFiles/cmTC_0a2fa.dir/build.make:85: CMakeFiles/cmTC_0a2fa.dir/HAVE_WINDOWS_H.c.o] Error 1
make[1]: Leaving directory '/home/master1/src/cmake-3.19.5/CMakeFiles/CMakeTmp'
make: *** [Makefile:140: cmTC_0a2fa/fast] Error 2


Source:
/* */
#include <sys/types.h>
#include <ctype.h>
#include <dlfcn.h>
#include <errno.h>
#include <fcntl.h>
#include <grp.h>
#include <langinfo.h>
#include <limits.h>
#include <linux/types.h>
#include <linux/fiemap.h>
#include <linux/fs.h>
#include <linux/magic.h>
#include <locale.h>
#include <memory.h>
#include <paths.h>
#include <poll.h>
#include <pthread.h>
#include <pwd.h>
#include <regex.h>
#include <signal.h>
#include <spawn.h>
#include <stdarg.h>
#include <stdlib.h>
#include <string.h>
#include <strings.h>
#include <sys/cdefs.h>
#include <sys/ioctl.h>
#include <sys/param.h>
#include <sys/poll.h>
#include <sys/select.h>
#include <sys/stat.h>
#include <sys/statfs.h>
#include <sys/statvfs.h>
#include <sys/sysmacros.h>
#include <sys/time.h>
#include <sys/utsname.h>
#include <sys/vfs.h>
#include <sys/wait.h>
#include <sys/xattr.h>
#include <time.h>
#include <unistd.h>
#include <utime.h>
#include <wchar.h>
#include <wctype.h>
#include <windows.h>


int main(void){return 0;}

Determining if files sys/types.h;ctype.h;dlfcn.h;errno.h;fcntl.h;grp.h;langinfo.h;limits.h;linux/types.h;linux/fiemap.h;linux/fs.h;linux/magic.h;locale.h;memory.h;paths.h;poll.h;pthread.h;pwd.h;regex.h;signal.h;spawn.h;stdarg.h;stdlib.h;string.h;strings.h;sys/cdefs.h;sys/ioctl.h;sys/param.h;sys/poll.h;sys/select.h;sys/stat.h;sys/statfs.h;sys/statvfs.h;sys/sysmacros.h;sys/time.h;sys/utsname.h;sys/vfs.h;sys/wait.h;sys/xattr.h;time.h;unistd.h;utime.h;wchar.h;wctype.h;wincrypt.h exist failed with the following output:
Change Dir: /home/master1/src/cmake-3.19.5/CMakeFiles/CMakeTmp

Run Build Command(s):/usr/bin/make cmTC_073c2/fast && make  -f CMakeFiles/cmTC_073c2.dir/build.make CMakeFiles/cmTC_073c2.dir/build
make[1]: Entering directory '/home/master1/src/cmake-3.19.5/CMakeFiles/CMakeTmp'
Building C object CMakeFiles/cmTC_073c2.dir/HAVE_WINCRYPT_H.c.o
/usr/bin/gcc   -w  -std=gnu11 -o CMakeFiles/cmTC_073c2.dir/HAVE_WINCRYPT_H.c.o -c /home/master1/src/cmake-3.19.5/CMakeFiles/CheckIncludeFiles/HAVE_WINCRYPT_H.c
/home/master1/src/cmake-3.19.5/CMakeFiles/CheckIncludeFiles/HAVE_WINCRYPT_H.c:46:10: fatal error: wincrypt.h: No such file or directory
   46 | #include <wincrypt.h>
      |          ^~~~~~~~~~~~
compilation terminated.
make[1]: *** [CMakeFiles/cmTC_073c2.dir/build.make:85: CMakeFiles/cmTC_073c2.dir/HAVE_WINCRYPT_H.c.o] Error 1
make[1]: Leaving directory '/home/master1/src/cmake-3.19.5/CMakeFiles/CMakeTmp'
make: *** [Makefile:140: cmTC_073c2/fast] Error 2


Source:
/* */
#include <sys/types.h>
#include <ctype.h>
#include <dlfcn.h>
#include <errno.h>
#include <fcntl.h>
#include <grp.h>
#include <langinfo.h>
#include <limits.h>
#include <linux/types.h>
#include <linux/fiemap.h>
#include <linux/fs.h>
#include <linux/magic.h>
#include <locale.h>
#include <memory.h>
#include <paths.h>
#include <poll.h>
#include <pthread.h>
#include <pwd.h>
#include <regex.h>
#include <signal.h>
#include <spawn.h>
#include <stdarg.h>
#include <stdlib.h>
#include <string.h>
#include <strings.h>
#include <sys/cdefs.h>
#include <sys/ioctl.h>
#include <sys/param.h>
#include <sys/poll.h>
#include <sys/select.h>
#include <sys/stat.h>
#include <sys/statfs.h>
#include <sys/statvfs.h>
#include <sys/sysmacros.h>
#include <sys/time.h>
#include <sys/utsname.h>
#include <sys/vfs.h>
#include <sys/wait.h>
#include <sys/xattr.h>
#include <time.h>
#include <unistd.h>
#include <utime.h>
#include <wchar.h>
#include <wctype.h>
#include <wincrypt.h>


int main(void){return 0;}

Determining if files sys/types.h;ctype.h;dlfcn.h;errno.h;fcntl.h;grp.h;langinfo.h;limits.h;linux/types.h;linux/fiemap.h;linux/fs.h;linux/magic.h;locale.h;memory.h;paths.h;poll.h;pthread.h;pwd.h;regex.h;signal.h;spawn.h;stdarg.h;stdlib.h;string.h;strings.h;sys/cdefs.h;sys/ioctl.h;sys/param.h;sys/poll.h;sys/select.h;sys/stat.h;sys/statfs.h;sys/statvfs.h;sys/sysmacros.h;sys/time.h;sys/utsname.h;sys/vfs.h;sys/wait.h;sys/xattr.h;time.h;unistd.h;utime.h;wchar.h;wctype.h;winioctl.h exist failed with the following output:
Change Dir: /home/master1/src/cmake-3.19.5/CMakeFiles/CMakeTmp

Run Build Command(s):/usr/bin/make cmTC_1d115/fast && make  -f CMakeFiles/cmTC_1d115.dir/build.make CMakeFiles/cmTC_1d115.dir/build
make[1]: Entering directory '/home/master1/src/cmake-3.19.5/CMakeFiles/CMakeTmp'
Building C object CMakeFiles/cmTC_1d115.dir/HAVE_WINIOCTL_H.c.o
/usr/bin/gcc   -w  -std=gnu11 -o CMakeFiles/cmTC_1d115.dir/HAVE_WINIOCTL_H.c.o -c /home/master1/src/cmake-3.19.5/CMakeFiles/CheckIncludeFiles/HAVE_WINIOCTL_H.c
/home/master1/src/cmake-3.19.5/CMakeFiles/CheckIncludeFiles/HAVE_WINIOCTL_H.c:46:10: fatal error: winioctl.h: No such file or directory
   46 | #include <winioctl.h>
      |          ^~~~~~~~~~~~
compilation terminated.
make[1]: *** [CMakeFiles/cmTC_1d115.dir/build.make:85: CMakeFiles/cmTC_1d115.dir/HAVE_WINIOCTL_H.c.o] Error 1
make[1]: Leaving directory '/home/master1/src/cmake-3.19.5/CMakeFiles/CMakeTmp'
make: *** [Makefile:140: cmTC_1d115/fast] Error 2


Source:
/* */
#include <sys/types.h>
#include <ctype.h>
#include <dlfcn.h>
#include <errno.h>
#include <fcntl.h>
#include <grp.h>
#include <langinfo.h>
#include <limits.h>
#include <linux/types.h>
#include <linux/fiemap.h>
#include <linux/fs.h>
#include <linux/magic.h>
#include <locale.h>
#include <memory.h>
#include <paths.h>
#include <poll.h>
#include <pthread.h>
#include <pwd.h>
#include <regex.h>
#include <signal.h>
#include <spawn.h>
#include <stdarg.h>
#include <stdlib.h>
#include <string.h>
#include <strings.h>
#include <sys/cdefs.h>
#include <sys/ioctl.h>
#include <sys/param.h>
#include <sys/poll.h>
#include <sys/select.h>
#include <sys/stat.h>
#include <sys/statfs.h>
#include <sys/statvfs.h>
#include <sys/sysmacros.h>
#include <sys/time.h>
#include <sys/utsname.h>
#include <sys/vfs.h>
#include <sys/wait.h>
#include <sys/xattr.h>
#include <time.h>
#include <unistd.h>
#include <utime.h>
#include <wchar.h>
#include <wctype.h>
#include <winioctl.h>


int main(void){return 0;}

Determining if the function getvfsbyname exists failed with the following output:
Change Dir: /home/master1/src/cmake-3.19.5/CMakeFiles/CMakeTmp

Run Build Command(s):/usr/bin/make cmTC_ae183/fast && make  -f CMakeFiles/cmTC_ae183.dir/build.make CMakeFiles/cmTC_ae183.dir/build
make[1]: Entering directory '/home/master1/src/cmake-3.19.5/CMakeFiles/CMakeTmp'
Building C object CMakeFiles/cmTC_ae183.dir/CheckFunctionExists.c.o
/usr/bin/gcc   -w -DCHECK_FUNCTION_EXISTS=getvfsbyname  -fno-builtin -std=gnu11 -o CMakeFiles/cmTC_ae183.dir/CheckFunctionExists.c.o -c /home/master1/src/cmake-3.19.5/Modules/CheckFunctionExists.c
Linking C executable cmTC_ae183
/home/master1/src/cmake-3.19.5/Bootstrap.cmk/cmake -E cmake_link_script CMakeFiles/cmTC_ae183.dir/link.txt --verbose=1
/usr/bin/gcc  -w -DCHECK_FUNCTION_EXISTS=getvfsbyname  -fno-builtin CMakeFiles/cmTC_ae183.dir/CheckFunctionExists.c.o -o cmTC_ae183 
/usr/bin/ld: CMakeFiles/cmTC_ae183.dir/CheckFunctionExists.c.o: in function `main':
CheckFunctionExists.c:(.text+0x14): undefined reference to `getvfsbyname'
collect2: error: ld returned 1 exit status
make[1]: *** [CMakeFiles/cmTC_ae183.dir/build.make:106: cmTC_ae183] Error 1
make[1]: Leaving directory '/home/master1/src/cmake-3.19.5/CMakeFiles/CMakeTmp'
make: *** [Makefile:140: cmTC_ae183/fast] Error 2



Determining if the function lchflags exists failed with the following output:
Change Dir: /home/master1/src/cmake-3.19.5/CMakeFiles/CMakeTmp

Run Build Command(s):/usr/bin/make cmTC_eece4/fast && make  -f CMakeFiles/cmTC_eece4.dir/build.make CMakeFiles/cmTC_eece4.dir/build
make[1]: Entering directory '/home/master1/src/cmake-3.19.5/CMakeFiles/CMakeTmp'
Building C object CMakeFiles/cmTC_eece4.dir/CheckFunctionExists.c.o
/usr/bin/gcc   -w -DCHECK_FUNCTION_EXISTS=lchflags  -fno-builtin -std=gnu11 -o CMakeFiles/cmTC_eece4.dir/CheckFunctionExists.c.o -c /home/master1/src/cmake-3.19.5/Modules/CheckFunctionExists.c
Linking C executable cmTC_eece4
/home/master1/src/cmake-3.19.5/Bootstrap.cmk/cmake -E cmake_link_script CMakeFiles/cmTC_eece4.dir/link.txt --verbose=1
/usr/bin/gcc  -w -DCHECK_FUNCTION_EXISTS=lchflags  -fno-builtin CMakeFiles/cmTC_eece4.dir/CheckFunctionExists.c.o -o cmTC_eece4 
/usr/bin/ld: CMakeFiles/cmTC_eece4.dir/CheckFunctionExists.c.o: in function `main':
CheckFunctionExists.c:(.text+0x14): undefined reference to `lchflags'
collect2: error: ld returned 1 exit status
make[1]: *** [CMakeFiles/cmTC_eece4.dir/build.make:106: cmTC_eece4] Error 1
make[1]: Leaving directory '/home/master1/src/cmake-3.19.5/CMakeFiles/CMakeTmp'
make: *** [Makefile:140: cmTC_eece4/fast] Error 2



Determining if the function readpassphrase exists failed with the following output:
Change Dir: /home/master1/src/cmake-3.19.5/CMakeFiles/CMakeTmp

Run Build Command(s):/usr/bin/make cmTC_b14f3/fast && make  -f CMakeFiles/cmTC_b14f3.dir/build.make CMakeFiles/cmTC_b14f3.dir/build
make[1]: Entering directory '/home/master1/src/cmake-3.19.5/CMakeFiles/CMakeTmp'
Building C object CMakeFiles/cmTC_b14f3.dir/CheckFunctionExists.c.o
/usr/bin/gcc   -w -DCHECK_FUNCTION_EXISTS=readpassphrase  -fno-builtin -std=gnu11 -o CMakeFiles/cmTC_b14f3.dir/CheckFunctionExists.c.o -c /home/master1/src/cmake-3.19.5/Modules/CheckFunctionExists.c
Linking C executable cmTC_b14f3
/home/master1/src/cmake-3.19.5/Bootstrap.cmk/cmake -E cmake_link_script CMakeFiles/cmTC_b14f3.dir/link.txt --verbose=1
/usr/bin/gcc  -w -DCHECK_FUNCTION_EXISTS=readpassphrase  -fno-builtin CMakeFiles/cmTC_b14f3.dir/CheckFunctionExists.c.o -o cmTC_b14f3 
/usr/bin/ld: CMakeFiles/cmTC_b14f3.dir/CheckFunctionExists.c.o: in function `main':
CheckFunctionExists.c:(.text+0x14): undefined reference to `readpassphrase'
collect2: error: ld returned 1 exit status
make[1]: *** [CMakeFiles/cmTC_b14f3.dir/build.make:106: cmTC_b14f3] Error 1
make[1]: Leaving directory '/home/master1/src/cmake-3.19.5/CMakeFiles/CMakeTmp'
make: *** [Makefile:140: cmTC_b14f3/fast] Error 2



Determining if the function strncpy_s exists failed with the following output:
Change Dir: /home/master1/src/cmake-3.19.5/CMakeFiles/CMakeTmp

Run Build Command(s):/usr/bin/make cmTC_90148/fast && make  -f CMakeFiles/cmTC_90148.dir/build.make CMakeFiles/cmTC_90148.dir/build
make[1]: Entering directory '/home/master1/src/cmake-3.19.5/CMakeFiles/CMakeTmp'
Building C object CMakeFiles/cmTC_90148.dir/CheckFunctionExists.c.o
/usr/bin/gcc   -w -DCHECK_FUNCTION_EXISTS=strncpy_s  -fno-builtin -std=gnu11 -o CMakeFiles/cmTC_90148.dir/CheckFunctionExists.c.o -c /home/master1/src/cmake-3.19.5/Modules/CheckFunctionExists.c
Linking C executable cmTC_90148
/home/master1/src/cmake-3.19.5/Bootstrap.cmk/cmake -E cmake_link_script CMakeFiles/cmTC_90148.dir/link.txt --verbose=1
/usr/bin/gcc  -w -DCHECK_FUNCTION_EXISTS=strncpy_s  -fno-builtin CMakeFiles/cmTC_90148.dir/CheckFunctionExists.c.o -o cmTC_90148 
/usr/bin/ld: CMakeFiles/cmTC_90148.dir/CheckFunctionExists.c.o: in function `main':
CheckFunctionExists.c:(.text+0x14): undefined reference to `strncpy_s'
collect2: error: ld returned 1 exit status
make[1]: *** [CMakeFiles/cmTC_90148.dir/build.make:106: cmTC_90148] Error 1
make[1]: Leaving directory '/home/master1/src/cmake-3.19.5/CMakeFiles/CMakeTmp'
make: *** [Makefile:140: cmTC_90148/fast] Error 2



Determining if the function _ctime64_s exists failed with the following output:
Change Dir: /home/master1/src/cmake-3.19.5/CMakeFiles/CMakeTmp

Run Build Command(s):/usr/bin/make cmTC_3c720/fast && make  -f CMakeFiles/cmTC_3c720.dir/build.make CMakeFiles/cmTC_3c720.dir/build
make[1]: Entering directory '/home/master1/src/cmake-3.19.5/CMakeFiles/CMakeTmp'
Building C object CMakeFiles/cmTC_3c720.dir/CheckFunctionExists.c.o
/usr/bin/gcc   -w -DCHECK_FUNCTION_EXISTS=_ctime64_s  -fno-builtin -std=gnu11 -o CMakeFiles/cmTC_3c720.dir/CheckFunctionExists.c.o -c /home/master1/src/cmake-3.19.5/Modules/CheckFunctionExists.c
Linking C executable cmTC_3c720
/home/master1/src/cmake-3.19.5/Bootstrap.cmk/cmake -E cmake_link_script CMakeFiles/cmTC_3c720.dir/link.txt --verbose=1
/usr/bin/gcc  -w -DCHECK_FUNCTION_EXISTS=_ctime64_s  -fno-builtin CMakeFiles/cmTC_3c720.dir/CheckFunctionExists.c.o -o cmTC_3c720 
/usr/bin/ld: CMakeFiles/cmTC_3c720.dir/CheckFunctionExists.c.o: in function `main':
CheckFunctionExists.c:(.text+0x14): undefined reference to `_ctime64_s'
collect2: error: ld returned 1 exit status
make[1]: *** [CMakeFiles/cmTC_3c720.dir/build.make:106: cmTC_3c720] Error 1
make[1]: Leaving directory '/home/master1/src/cmake-3.19.5/CMakeFiles/CMakeTmp'
make: *** [Makefile:140: cmTC_3c720/fast] Error 2



Determining if the function _fseeki64 exists failed with the following output:
Change Dir: /home/master1/src/cmake-3.19.5/CMakeFiles/CMakeTmp

Run Build Command(s):/usr/bin/make cmTC_ce0df/fast && make  -f CMakeFiles/cmTC_ce0df.dir/build.make CMakeFiles/cmTC_ce0df.dir/build
make[1]: Entering directory '/home/master1/src/cmake-3.19.5/CMakeFiles/CMakeTmp'
Building C object CMakeFiles/cmTC_ce0df.dir/CheckFunctionExists.c.o
/usr/bin/gcc   -w -DCHECK_FUNCTION_EXISTS=_fseeki64  -fno-builtin -std=gnu11 -o CMakeFiles/cmTC_ce0df.dir/CheckFunctionExists.c.o -c /home/master1/src/cmake-3.19.5/Modules/CheckFunctionExists.c
Linking C executable cmTC_ce0df
/home/master1/src/cmake-3.19.5/Bootstrap.cmk/cmake -E cmake_link_script CMakeFiles/cmTC_ce0df.dir/link.txt --verbose=1
/usr/bin/gcc  -w -DCHECK_FUNCTION_EXISTS=_fseeki64  -fno-builtin CMakeFiles/cmTC_ce0df.dir/CheckFunctionExists.c.o -o cmTC_ce0df 
/usr/bin/ld: CMakeFiles/cmTC_ce0df.dir/CheckFunctionExists.c.o: in function `main':
CheckFunctionExists.c:(.text+0x14): undefined reference to `_fseeki64'
collect2: error: ld returned 1 exit status
make[1]: *** [CMakeFiles/cmTC_ce0df.dir/build.make:106: cmTC_ce0df] Error 1
make[1]: Leaving directory '/home/master1/src/cmake-3.19.5/CMakeFiles/CMakeTmp'
make: *** [Makefile:140: cmTC_ce0df/fast] Error 2



Determining if the function _get_timezone exists failed with the following output:
Change Dir: /home/master1/src/cmake-3.19.5/CMakeFiles/CMakeTmp

Run Build Command(s):/usr/bin/make cmTC_2cf42/fast && make  -f CMakeFiles/cmTC_2cf42.dir/build.make CMakeFiles/cmTC_2cf42.dir/build
make[1]: Entering directory '/home/master1/src/cmake-3.19.5/CMakeFiles/CMakeTmp'
Building C object CMakeFiles/cmTC_2cf42.dir/CheckFunctionExists.c.o
/usr/bin/gcc   -w -DCHECK_FUNCTION_EXISTS=_get_timezone  -fno-builtin -std=gnu11 -o CMakeFiles/cmTC_2cf42.dir/CheckFunctionExists.c.o -c /home/master1/src/cmake-3.19.5/Modules/CheckFunctionExists.c
Linking C executable cmTC_2cf42
/home/master1/src/cmake-3.19.5/Bootstrap.cmk/cmake -E cmake_link_script CMakeFiles/cmTC_2cf42.dir/link.txt --verbose=1
/usr/bin/gcc  -w -DCHECK_FUNCTION_EXISTS=_get_timezone  -fno-builtin CMakeFiles/cmTC_2cf42.dir/CheckFunctionExists.c.o -o cmTC_2cf42 
/usr/bin/ld: CMakeFiles/cmTC_2cf42.dir/CheckFunctionExists.c.o: in function `main':
CheckFunctionExists.c:(.text+0x14): undefined reference to `_get_timezone'
collect2: error: ld returned 1 exit status
make[1]: *** [CMakeFiles/cmTC_2cf42.dir/build.make:106: cmTC_2cf42] Error 1
make[1]: Leaving directory '/home/master1/src/cmake-3.19.5/CMakeFiles/CMakeTmp'
make: *** [Makefile:140: cmTC_2cf42/fast] Error 2



Determining if the function _gmtime64_s exists failed with the following output:
Change Dir: /home/master1/src/cmake-3.19.5/CMakeFiles/CMakeTmp

Run Build Command(s):/usr/bin/make cmTC_91696/fast && make  -f CMakeFiles/cmTC_91696.dir/build.make CMakeFiles/cmTC_91696.dir/build
make[1]: Entering directory '/home/master1/src/cmake-3.19.5/CMakeFiles/CMakeTmp'
Building C object CMakeFiles/cmTC_91696.dir/CheckFunctionExists.c.o
/usr/bin/gcc   -w -DCHECK_FUNCTION_EXISTS=_gmtime64_s  -fno-builtin -std=gnu11 -o CMakeFiles/cmTC_91696.dir/CheckFunctionExists.c.o -c /home/master1/src/cmake-3.19.5/Modules/CheckFunctionExists.c
Linking C executable cmTC_91696
/home/master1/src/cmake-3.19.5/Bootstrap.cmk/cmake -E cmake_link_script CMakeFiles/cmTC_91696.dir/link.txt --verbose=1
/usr/bin/gcc  -w -DCHECK_FUNCTION_EXISTS=_gmtime64_s  -fno-builtin CMakeFiles/cmTC_91696.dir/CheckFunctionExists.c.o -o cmTC_91696 
/usr/bin/ld: CMakeFiles/cmTC_91696.dir/CheckFunctionExists.c.o: in function `main':
CheckFunctionExists.c:(.text+0x14): undefined reference to `_gmtime64_s'
collect2: error: ld returned 1 exit status
make[1]: *** [CMakeFiles/cmTC_91696.dir/build.make:106: cmTC_91696] Error 1
make[1]: Leaving directory '/home/master1/src/cmake-3.19.5/CMakeFiles/CMakeTmp'
make: *** [Makefile:140: cmTC_91696/fast] Error 2



Determining if the function _localtime64_s exists failed with the following output:
Change Dir: /home/master1/src/cmake-3.19.5/CMakeFiles/CMakeTmp

Run Build Command(s):/usr/bin/make cmTC_c35ce/fast && make  -f CMakeFiles/cmTC_c35ce.dir/build.make CMakeFiles/cmTC_c35ce.dir/build
make[1]: Entering directory '/home/master1/src/cmake-3.19.5/CMakeFiles/CMakeTmp'
Building C object CMakeFiles/cmTC_c35ce.dir/CheckFunctionExists.c.o
/usr/bin/gcc   -w -DCHECK_FUNCTION_EXISTS=_localtime64_s  -fno-builtin -std=gnu11 -o CMakeFiles/cmTC_c35ce.dir/CheckFunctionExists.c.o -c /home/master1/src/cmake-3.19.5/Modules/CheckFunctionExists.c
Linking C executable cmTC_c35ce
/home/master1/src/cmake-3.19.5/Bootstrap.cmk/cmake -E cmake_link_script CMakeFiles/cmTC_c35ce.dir/link.txt --verbose=1
/usr/bin/gcc  -w -DCHECK_FUNCTION_EXISTS=_localtime64_s  -fno-builtin CMakeFiles/cmTC_c35ce.dir/CheckFunctionExists.c.o -o cmTC_c35ce 
/usr/bin/ld: CMakeFiles/cmTC_c35ce.dir/CheckFunctionExists.c.o: in function `main':
CheckFunctionExists.c:(.text+0x14): undefined reference to `_localtime64_s'
collect2: error: ld returned 1 exit status
make[1]: *** [CMakeFiles/cmTC_c35ce.dir/build.make:106: cmTC_c35ce] Error 1
make[1]: Leaving directory '/home/master1/src/cmake-3.19.5/CMakeFiles/CMakeTmp'
make: *** [Makefile:140: cmTC_c35ce/fast] Error 2



Determining if the function _mkgmtime64 exists failed with the following output:
Change Dir: /home/master1/src/cmake-3.19.5/CMakeFiles/CMakeTmp

Run Build Command(s):/usr/bin/make cmTC_15c32/fast && make  -f CMakeFiles/cmTC_15c32.dir/build.make CMakeFiles/cmTC_15c32.dir/build
make[1]: Entering directory '/home/master1/src/cmake-3.19.5/CMakeFiles/CMakeTmp'
Building C object CMakeFiles/cmTC_15c32.dir/CheckFunctionExists.c.o
/usr/bin/gcc   -w -DCHECK_FUNCTION_EXISTS=_mkgmtime64  -fno-builtin -std=gnu11 -o CMakeFiles/cmTC_15c32.dir/CheckFunctionExists.c.o -c /home/master1/src/cmake-3.19.5/Modules/CheckFunctionExists.c
Linking C executable cmTC_15c32
/home/master1/src/cmake-3.19.5/Bootstrap.cmk/cmake -E cmake_link_script CMakeFiles/cmTC_15c32.dir/link.txt --verbose=1
/usr/bin/gcc  -w -DCHECK_FUNCTION_EXISTS=_mkgmtime64  -fno-builtin CMakeFiles/cmTC_15c32.dir/CheckFunctionExists.c.o -o cmTC_15c32 
/usr/bin/ld: CMakeFiles/cmTC_15c32.dir/CheckFunctionExists.c.o: in function `main':
CheckFunctionExists.c:(.text+0x14): undefined reference to `_mkgmtime64'
collect2: error: ld returned 1 exit status
make[1]: *** [CMakeFiles/cmTC_15c32.dir/build.make:106: cmTC_15c32] Error 1
make[1]: Leaving directory '/home/master1/src/cmake-3.19.5/CMakeFiles/CMakeTmp'
make: *** [Makefile:140: cmTC_15c32/fast] Error 2



Determining if the function cygwin_conv_path exists failed with the following output:
Change Dir: /home/master1/src/cmake-3.19.5/CMakeFiles/CMakeTmp

Run Build Command(s):/usr/bin/make cmTC_0b339/fast && make  -f CMakeFiles/cmTC_0b339.dir/build.make CMakeFiles/cmTC_0b339.dir/build
make[1]: Entering directory '/home/master1/src/cmake-3.19.5/CMakeFiles/CMakeTmp'
Building C object CMakeFiles/cmTC_0b339.dir/CheckFunctionExists.c.o
/usr/bin/gcc   -w -DCHECK_FUNCTION_EXISTS=cygwin_conv_path  -fno-builtin -std=gnu11 -o CMakeFiles/cmTC_0b339.dir/CheckFunctionExists.c.o -c /home/master1/src/cmake-3.19.5/Modules/CheckFunctionExists.c
Linking C executable cmTC_0b339
/home/master1/src/cmake-3.19.5/Bootstrap.cmk/cmake -E cmake_link_script CMakeFiles/cmTC_0b339.dir/link.txt --verbose=1
/usr/bin/gcc  -w -DCHECK_FUNCTION_EXISTS=cygwin_conv_path  -fno-builtin CMakeFiles/cmTC_0b339.dir/CheckFunctionExists.c.o -o cmTC_0b339 
/usr/bin/ld: CMakeFiles/cmTC_0b339.dir/CheckFunctionExists.c.o: in function `main':
CheckFunctionExists.c:(.text+0x14): undefined reference to `cygwin_conv_path'
collect2: error: ld returned 1 exit status
make[1]: *** [CMakeFiles/cmTC_0b339.dir/build.make:106: cmTC_0b339] Error 1
make[1]: Leaving directory '/home/master1/src/cmake-3.19.5/CMakeFiles/CMakeTmp'
make: *** [Makefile:140: cmTC_0b339/fast] Error 2



Performing C SOURCE FILE Test HAVE_STRUCT_VFSCONF failed with the following output:
Change Dir: /home/master1/src/cmake-3.19.5/CMakeFiles/CMakeTmp

Run Build Command(s):/usr/bin/make cmTC_2ab82/fast && make  -f CMakeFiles/cmTC_2ab82.dir/build.make CMakeFiles/cmTC_2ab82.dir/build
make[1]: Entering directory '/home/master1/src/cmake-3.19.5/CMakeFiles/CMakeTmp'
Building C object CMakeFiles/cmTC_2ab82.dir/src.c.o
/usr/bin/gcc -DHAVE_STRUCT_VFSCONF  -w  -std=gnu11 -o CMakeFiles/cmTC_2ab82.dir/src.c.o -c /home/master1/src/cmake-3.19.5/CMakeFiles/CMakeTmp/src.c
/home/master1/src/cmake-3.19.5/CMakeFiles/CMakeTmp/src.c: In function ‘main’:
/home/master1/src/cmake-3.19.5/CMakeFiles/CMakeTmp/src.c:3:33: error: storage size of ‘v’ isn’t known
    3 | int main(void) { struct vfsconf v; return sizeof(v);}
      |                                 ^
make[1]: *** [CMakeFiles/cmTC_2ab82.dir/build.make:85: CMakeFiles/cmTC_2ab82.dir/src.c.o] Error 1
make[1]: Leaving directory '/home/master1/src/cmake-3.19.5/CMakeFiles/CMakeTmp'
make: *** [Makefile:140: cmTC_2ab82/fast] Error 2


Source file was:
#include <sys/types.h>
#include <sys/mount.h>
int main(void) { struct vfsconf v; return sizeof(v);}
Performing C SOURCE FILE Test HAVE_STRUCT_XVFSCONF failed with the following output:
Change Dir: /home/master1/src/cmake-3.19.5/CMakeFiles/CMakeTmp

Run Build Command(s):/usr/bin/make cmTC_2b79d/fast && make  -f CMakeFiles/cmTC_2b79d.dir/build.make CMakeFiles/cmTC_2b79d.dir/build
make[1]: Entering directory '/home/master1/src/cmake-3.19.5/CMakeFiles/CMakeTmp'
Building C object CMakeFiles/cmTC_2b79d.dir/src.c.o
/usr/bin/gcc -DHAVE_STRUCT_XVFSCONF  -w  -std=gnu11 -o CMakeFiles/cmTC_2b79d.dir/src.c.o -c /home/master1/src/cmake-3.19.5/CMakeFiles/CMakeTmp/src.c
/home/master1/src/cmake-3.19.5/CMakeFiles/CMakeTmp/src.c: In function ‘main’:
/home/master1/src/cmake-3.19.5/CMakeFiles/CMakeTmp/src.c:3:34: error: storage size of ‘v’ isn’t known
    3 | int main(void) { struct xvfsconf v; return sizeof(v);}
      |                                  ^
make[1]: *** [CMakeFiles/cmTC_2b79d.dir/build.make:85: CMakeFiles/cmTC_2b79d.dir/src.c.o] Error 1
make[1]: Leaving directory '/home/master1/src/cmake-3.19.5/CMakeFiles/CMakeTmp'
make: *** [Makefile:140: cmTC_2b79d/fast] Error 2


Source file was:
#include <sys/types.h>
#include <sys/mount.h>
int main(void) { struct xvfsconf v; return sizeof(v);}
Performing C SOURCE FILE Test MAJOR_IN_MKDEV failed with the following output:
Change Dir: /home/master1/src/cmake-3.19.5/CMakeFiles/CMakeTmp

Run Build Command(s):/usr/bin/make cmTC_71ea4/fast && make  -f CMakeFiles/cmTC_71ea4.dir/build.make CMakeFiles/cmTC_71ea4.dir/build
make[1]: Entering directory '/home/master1/src/cmake-3.19.5/CMakeFiles/CMakeTmp'
Building C object CMakeFiles/cmTC_71ea4.dir/src.c.o
/usr/bin/gcc -DMAJOR_IN_MKDEV  -w  -std=gnu11 -o CMakeFiles/cmTC_71ea4.dir/src.c.o -c /home/master1/src/cmake-3.19.5/CMakeFiles/CMakeTmp/src.c
/home/master1/src/cmake-3.19.5/CMakeFiles/CMakeTmp/src.c:1:10: fatal error: sys/mkdev.h: No such file or directory
    1 | #include <sys/mkdev.h>
      |          ^~~~~~~~~~~~~
compilation terminated.
make[1]: *** [CMakeFiles/cmTC_71ea4.dir/build.make:85: CMakeFiles/cmTC_71ea4.dir/src.c.o] Error 1
make[1]: Leaving directory '/home/master1/src/cmake-3.19.5/CMakeFiles/CMakeTmp'
make: *** [Makefile:140: cmTC_71ea4/fast] Error 2


Source file was:
#include <sys/mkdev.h>
int main() { return major(256); }
Performing C SOURCE FILE Test HAVE_LZMA_STREAM_ENCODER_MT failed with the following output:
Change Dir: /home/master1/src/cmake-3.19.5/CMakeFiles/CMakeTmp

Run Build Command(s):/usr/bin/make cmTC_be279/fast && make  -f CMakeFiles/cmTC_be279.dir/build.make CMakeFiles/cmTC_be279.dir/build
make[1]: Entering directory '/home/master1/src/cmake-3.19.5/CMakeFiles/CMakeTmp'
Building C object CMakeFiles/cmTC_be279.dir/src.c.o
/usr/bin/gcc -DHAVE_LZMA_STREAM_ENCODER_MT  -w  -std=gnu11 -o CMakeFiles/cmTC_be279.dir/src.c.o -c /home/master1/src/cmake-3.19.5/CMakeFiles/CMakeTmp/src.c
/home/master1/src/cmake-3.19.5/CMakeFiles/CMakeTmp/src.c:1:10: fatal error: lzma.h: No such file or directory
    1 | #include <lzma.h>
      |          ^~~~~~~~
compilation terminated.
make[1]: *** [CMakeFiles/cmTC_be279.dir/build.make:85: CMakeFiles/cmTC_be279.dir/src.c.o] Error 1
make[1]: Leaving directory '/home/master1/src/cmake-3.19.5/CMakeFiles/CMakeTmp'
make: *** [Makefile:140: cmTC_be279/fast] Error 2


Source file was:
#include <lzma.h>
#if LZMA_VERSION < 50020000
#error unsupported
#endif
int main(void){lzma_stream_encoder_mt(0, 0); return 0;}
Determining if the EFTYPE exist failed with the following output:
Change Dir: /home/master1/src/cmake-3.19.5/CMakeFiles/CMakeTmp

Run Build Command(s):/usr/bin/make cmTC_f837c/fast && make  -f CMakeFiles/cmTC_f837c.dir/build.make CMakeFiles/cmTC_f837c.dir/build
make[1]: Entering directory '/home/master1/src/cmake-3.19.5/CMakeFiles/CMakeTmp'
Building C object CMakeFiles/cmTC_f837c.dir/CheckSymbolExists.c.o
/usr/bin/gcc   -w  -std=gnu11 -o CMakeFiles/cmTC_f837c.dir/CheckSymbolExists.c.o -c /home/master1/src/cmake-3.19.5/CMakeFiles/CMakeTmp/CheckSymbolExists.c
/home/master1/src/cmake-3.19.5/CMakeFiles/CMakeTmp/CheckSymbolExists.c: In function ‘main’:
/home/master1/src/cmake-3.19.5/CMakeFiles/CMakeTmp/CheckSymbolExists.c:8:19: error: ‘EFTYPE’ undeclared (first use in this function)
    8 |   return ((int*)(&EFTYPE))[argc];
      |                   ^~~~~~
/home/master1/src/cmake-3.19.5/CMakeFiles/CMakeTmp/CheckSymbolExists.c:8:19: note: each undeclared identifier is reported only once for each function it appears in
make[1]: *** [CMakeFiles/cmTC_f837c.dir/build.make:85: CMakeFiles/cmTC_f837c.dir/CheckSymbolExists.c.o] Error 1
make[1]: Leaving directory '/home/master1/src/cmake-3.19.5/CMakeFiles/CMakeTmp'
make: *** [Makefile:140: cmTC_f837c/fast] Error 2


File /home/master1/src/cmake-3.19.5/CMakeFiles/CMakeTmp/CheckSymbolExists.c:
/* */
#include <errno.h>

int main(int argc, char** argv)
{
  (void)argv;
#ifndef EFTYPE
  return ((int*)(&EFTYPE))[argc];
#else
  (void)argc;
  return 0;
#endif
}
Determining if the D_MD_ORDER exist failed with the following output:
Change Dir: /home/master1/src/cmake-3.19.5/CMakeFiles/CMakeTmp

Run Build Command(s):/usr/bin/make cmTC_a0caa/fast && make  -f CMakeFiles/cmTC_a0caa.dir/build.make CMakeFiles/cmTC_a0caa.dir/build
make[1]: Entering directory '/home/master1/src/cmake-3.19.5/CMakeFiles/CMakeTmp'
Building C object CMakeFiles/cmTC_a0caa.dir/CheckSymbolExists.c.o
/usr/bin/gcc   -w  -std=gnu11 -o CMakeFiles/cmTC_a0caa.dir/CheckSymbolExists.c.o -c /home/master1/src/cmake-3.19.5/CMakeFiles/CMakeTmp/CheckSymbolExists.c
/home/master1/src/cmake-3.19.5/CMakeFiles/CMakeTmp/CheckSymbolExists.c: In function ‘main’:
/home/master1/src/cmake-3.19.5/CMakeFiles/CMakeTmp/CheckSymbolExists.c:8:19: error: ‘D_MD_ORDER’ undeclared (first use in this function)
    8 |   return ((int*)(&D_MD_ORDER))[argc];
      |                   ^~~~~~~~~~
/home/master1/src/cmake-3.19.5/CMakeFiles/CMakeTmp/CheckSymbolExists.c:8:19: note: each undeclared identifier is reported only once for each function it appears in
make[1]: *** [CMakeFiles/cmTC_a0caa.dir/build.make:85: CMakeFiles/cmTC_a0caa.dir/CheckSymbolExists.c.o] Error 1
make[1]: Leaving directory '/home/master1/src/cmake-3.19.5/CMakeFiles/CMakeTmp'
make: *** [Makefile:140: cmTC_a0caa/fast] Error 2


File /home/master1/src/cmake-3.19.5/CMakeFiles/CMakeTmp/CheckSymbolExists.c:
/* */
#include <langinfo.h>

int main(int argc, char** argv)
{
  (void)argv;
#ifndef D_MD_ORDER
  return ((int*)(&D_MD_ORDER))[argc];
#else
  (void)argc;
  return 0;
#endif
}
Performing C SOURCE FILE Test HAVE_STRUCT_TM___TM_GMTOFF failed with the following output:
Change Dir: /home/master1/src/cmake-3.19.5/CMakeFiles/CMakeTmp

Run Build Command(s):/usr/bin/make cmTC_106cf/fast && make  -f CMakeFiles/cmTC_106cf.dir/build.make CMakeFiles/cmTC_106cf.dir/build
make[1]: Entering directory '/home/master1/src/cmake-3.19.5/CMakeFiles/CMakeTmp'
Building C object CMakeFiles/cmTC_106cf.dir/src.c.o
/usr/bin/gcc -DHAVE_STRUCT_TM___TM_GMTOFF  -w  -std=gnu11 -o CMakeFiles/cmTC_106cf.dir/src.c.o -c /home/master1/src/cmake-3.19.5/CMakeFiles/CMakeTmp/src.c
/home/master1/src/cmake-3.19.5/CMakeFiles/CMakeTmp/src.c: In function ‘main’:
/home/master1/src/cmake-3.19.5/CMakeFiles/CMakeTmp/src.c:6:34: error: ‘struct tm’ has no member named ‘__tm_gmtoff’; did you mean ‘tm_gmtoff’?
    6 |   (void)sizeof(((struct tm *)0)->__tm_gmtoff);
      |                                  ^~~~~~~~~~~
      |                                  tm_gmtoff
make[1]: *** [CMakeFiles/cmTC_106cf.dir/build.make:85: CMakeFiles/cmTC_106cf.dir/src.c.o] Error 1
make[1]: Leaving directory '/home/master1/src/cmake-3.19.5/CMakeFiles/CMakeTmp'
make: *** [Makefile:140: cmTC_106cf/fast] Error 2


Source file was:

#include <time.h>

int main()
{
  (void)sizeof(((struct tm *)0)->__tm_gmtoff);
  return 0;
}

Performing C SOURCE FILE Test HAVE_STRUCT_STATFS_F_NAMEMAX failed with the following output:
Change Dir: /home/master1/src/cmake-3.19.5/CMakeFiles/CMakeTmp

Run Build Command(s):/usr/bin/make cmTC_9b07d/fast && make  -f CMakeFiles/cmTC_9b07d.dir/build.make CMakeFiles/cmTC_9b07d.dir/build
make[1]: Entering directory '/home/master1/src/cmake-3.19.5/CMakeFiles/CMakeTmp'
Building C object CMakeFiles/cmTC_9b07d.dir/src.c.o
/usr/bin/gcc -DHAVE_STRUCT_STATFS_F_NAMEMAX  -w  -std=gnu11 -o CMakeFiles/cmTC_9b07d.dir/src.c.o -c /home/master1/src/cmake-3.19.5/CMakeFiles/CMakeTmp/src.c
/home/master1/src/cmake-3.19.5/CMakeFiles/CMakeTmp/src.c: In function ‘main’:
/home/master1/src/cmake-3.19.5/CMakeFiles/CMakeTmp/src.c:7:36: error: dereferencing pointer to incomplete type ‘struct statfs’
    7 |   (void)sizeof(((struct statfs *)0)->f_namemax);
      |                                    ^~
make[1]: *** [CMakeFiles/cmTC_9b07d.dir/build.make:85: CMakeFiles/cmTC_9b07d.dir/src.c.o] Error 1
make[1]: Leaving directory '/home/master1/src/cmake-3.19.5/CMakeFiles/CMakeTmp'
make: *** [Makefile:140: cmTC_9b07d/fast] Error 2


Source file was:

#include <sys/param.h>
#include <sys/mount.h>

int main()
{
  (void)sizeof(((struct statfs *)0)->f_namemax);
  return 0;
}

Performing C SOURCE FILE Test HAVE_STRUCT_STAT_ST_BIRTHTIME failed with the following output:
Change Dir: /home/master1/src/cmake-3.19.5/CMakeFiles/CMakeTmp

Run Build Command(s):/usr/bin/make cmTC_eb957/fast && make  -f CMakeFiles/cmTC_eb957.dir/build.make CMakeFiles/cmTC_eb957.dir/build
make[1]: Entering directory '/home/master1/src/cmake-3.19.5/CMakeFiles/CMakeTmp'
Building C object CMakeFiles/cmTC_eb957.dir/src.c.o
/usr/bin/gcc -DHAVE_STRUCT_STAT_ST_BIRTHTIME  -w  -std=gnu11 -o CMakeFiles/cmTC_eb957.dir/src.c.o -c /home/master1/src/cmake-3.19.5/CMakeFiles/CMakeTmp/src.c
/home/master1/src/cmake-3.19.5/CMakeFiles/CMakeTmp/src.c: In function ‘main’:
/home/master1/src/cmake-3.19.5/CMakeFiles/CMakeTmp/src.c:7:34: error: ‘struct stat’ has no member named ‘st_birthtime’
    7 |   (void)sizeof(((struct stat *)0)->st_birthtime);
      |                                  ^~
make[1]: *** [CMakeFiles/cmTC_eb957.dir/build.make:85: CMakeFiles/cmTC_eb957.dir/src.c.o] Error 1
make[1]: Leaving directory '/home/master1/src/cmake-3.19.5/CMakeFiles/CMakeTmp'
make: *** [Makefile:140: cmTC_eb957/fast] Error 2


Source file was:

#include <sys/types.h>
#include <sys/stat.h>

int main()
{
  (void)sizeof(((struct stat *)0)->st_birthtime);
  return 0;
}

Performing C SOURCE FILE Test HAVE_STRUCT_STAT_ST_BIRTHTIMESPEC_TV_NSEC failed with the following output:
Change Dir: /home/master1/src/cmake-3.19.5/CMakeFiles/CMakeTmp

Run Build Command(s):/usr/bin/make cmTC_579bd/fast && make  -f CMakeFiles/cmTC_579bd.dir/build.make CMakeFiles/cmTC_579bd.dir/build
make[1]: Entering directory '/home/master1/src/cmake-3.19.5/CMakeFiles/CMakeTmp'
Building C object CMakeFiles/cmTC_579bd.dir/src.c.o
/usr/bin/gcc -DHAVE_STRUCT_STAT_ST_BIRTHTIMESPEC_TV_NSEC  -w  -std=gnu11 -o CMakeFiles/cmTC_579bd.dir/src.c.o -c /home/master1/src/cmake-3.19.5/CMakeFiles/CMakeTmp/src.c
/home/master1/src/cmake-3.19.5/CMakeFiles/CMakeTmp/src.c: In function ‘main’:
/home/master1/src/cmake-3.19.5/CMakeFiles/CMakeTmp/src.c:7:34: error: ‘struct stat’ has no member named ‘st_birthtimespec’
    7 |   (void)sizeof(((struct stat *)0)->st_birthtimespec.tv_nsec);
      |                                  ^~
make[1]: *** [CMakeFiles/cmTC_579bd.dir/build.make:85: CMakeFiles/cmTC_579bd.dir/src.c.o] Error 1
make[1]: Leaving directory '/home/master1/src/cmake-3.19.5/CMakeFiles/CMakeTmp'
make: *** [Makefile:140: cmTC_579bd/fast] Error 2


Source file was:

#include <sys/types.h>
#include <sys/stat.h>

int main()
{
  (void)sizeof(((struct stat *)0)->st_birthtimespec.tv_nsec);
  return 0;
}

Performing C SOURCE FILE Test HAVE_STRUCT_STAT_ST_MTIMESPEC_TV_NSEC failed with the following output:
Change Dir: /home/master1/src/cmake-3.19.5/CMakeFiles/CMakeTmp

Run Build Command(s):/usr/bin/make cmTC_28ce0/fast && make  -f CMakeFiles/cmTC_28ce0.dir/build.make CMakeFiles/cmTC_28ce0.dir/build
make[1]: Entering directory '/home/master1/src/cmake-3.19.5/CMakeFiles/CMakeTmp'
Building C object CMakeFiles/cmTC_28ce0.dir/src.c.o
/usr/bin/gcc -DHAVE_STRUCT_STAT_ST_MTIMESPEC_TV_NSEC  -w  -std=gnu11 -o CMakeFiles/cmTC_28ce0.dir/src.c.o -c /home/master1/src/cmake-3.19.5/CMakeFiles/CMakeTmp/src.c
/home/master1/src/cmake-3.19.5/CMakeFiles/CMakeTmp/src.c: In function ‘main’:
/home/master1/src/cmake-3.19.5/CMakeFiles/CMakeTmp/src.c:7:34: error: ‘struct stat’ has no member named ‘st_mtimespec’
    7 |   (void)sizeof(((struct stat *)0)->st_mtimespec.tv_nsec);
      |                                  ^~
make[1]: *** [CMakeFiles/cmTC_28ce0.dir/build.make:85: CMakeFiles/cmTC_28ce0.dir/src.c.o] Error 1
make[1]: Leaving directory '/home/master1/src/cmake-3.19.5/CMakeFiles/CMakeTmp'
make: *** [Makefile:140: cmTC_28ce0/fast] Error 2


Source file was:

#include <sys/types.h>
#include <sys/stat.h>

int main()
{
  (void)sizeof(((struct stat *)0)->st_mtimespec.tv_nsec);
  return 0;
}

Performing C SOURCE FILE Test HAVE_STRUCT_STAT_ST_MTIME_N failed with the following output:
Change Dir: /home/master1/src/cmake-3.19.5/CMakeFiles/CMakeTmp

Run Build Command(s):/usr/bin/make cmTC_684a6/fast && make  -f CMakeFiles/cmTC_684a6.dir/build.make CMakeFiles/cmTC_684a6.dir/build
make[1]: Entering directory '/home/master1/src/cmake-3.19.5/CMakeFiles/CMakeTmp'
Building C object CMakeFiles/cmTC_684a6.dir/src.c.o
/usr/bin/gcc -DHAVE_STRUCT_STAT_ST_MTIME_N  -w  -std=gnu11 -o CMakeFiles/cmTC_684a6.dir/src.c.o -c /home/master1/src/cmake-3.19.5/CMakeFiles/CMakeTmp/src.c
/home/master1/src/cmake-3.19.5/CMakeFiles/CMakeTmp/src.c: In function ‘main’:
/home/master1/src/cmake-3.19.5/CMakeFiles/CMakeTmp/src.c:7:36: error: ‘struct stat’ has no member named ‘st_mtime_n’; did you mean ‘st_mtim’?
    7 |   (void)sizeof(((struct stat *)0)->st_mtime_n);
      |                                    ^~~~~~~~~~
      |                                    st_mtim
make[1]: *** [CMakeFiles/cmTC_684a6.dir/build.make:85: CMakeFiles/cmTC_684a6.dir/src.c.o] Error 1
make[1]: Leaving directory '/home/master1/src/cmake-3.19.5/CMakeFiles/CMakeTmp'
make: *** [Makefile:140: cmTC_684a6/fast] Error 2


Source file was:

#include <sys/types.h>
#include <sys/stat.h>

int main()
{
  (void)sizeof(((struct stat *)0)->st_mtime_n);
  return 0;
}

Performing C SOURCE FILE Test HAVE_STRUCT_STAT_ST_UMTIME failed with the following output:
Change Dir: /home/master1/src/cmake-3.19.5/CMakeFiles/CMakeTmp

Run Build Command(s):/usr/bin/make cmTC_06bc9/fast && make  -f CMakeFiles/cmTC_06bc9.dir/build.make CMakeFiles/cmTC_06bc9.dir/build
make[1]: Entering directory '/home/master1/src/cmake-3.19.5/CMakeFiles/CMakeTmp'
Building C object CMakeFiles/cmTC_06bc9.dir/src.c.o
/usr/bin/gcc -DHAVE_STRUCT_STAT_ST_UMTIME  -w  -std=gnu11 -o CMakeFiles/cmTC_06bc9.dir/src.c.o -c /home/master1/src/cmake-3.19.5/CMakeFiles/CMakeTmp/src.c
/home/master1/src/cmake-3.19.5/CMakeFiles/CMakeTmp/src.c: In function ‘main’:
/home/master1/src/cmake-3.19.5/CMakeFiles/CMakeTmp/src.c:7:36: error: ‘struct stat’ has no member named ‘st_umtime’; did you mean ‘st_mtim’?
    7 |   (void)sizeof(((struct stat *)0)->st_umtime);
      |                                    ^~~~~~~~~
      |                                    st_mtim
make[1]: *** [CMakeFiles/cmTC_06bc9.dir/build.make:85: CMakeFiles/cmTC_06bc9.dir/src.c.o] Error 1
make[1]: Leaving directory '/home/master1/src/cmake-3.19.5/CMakeFiles/CMakeTmp'
make: *** [Makefile:140: cmTC_06bc9/fast] Error 2


Source file was:

#include <sys/types.h>
#include <sys/stat.h>

int main()
{
  (void)sizeof(((struct stat *)0)->st_umtime);
  return 0;
}

Performing C SOURCE FILE Test HAVE_STRUCT_STAT_ST_MTIME_USEC failed with the following output:
Change Dir: /home/master1/src/cmake-3.19.5/CMakeFiles/CMakeTmp

Run Build Command(s):/usr/bin/make cmTC_43ead/fast && make  -f CMakeFiles/cmTC_43ead.dir/build.make CMakeFiles/cmTC_43ead.dir/build
make[1]: Entering directory '/home/master1/src/cmake-3.19.5/CMakeFiles/CMakeTmp'
Building C object CMakeFiles/cmTC_43ead.dir/src.c.o
/usr/bin/gcc -DHAVE_STRUCT_STAT_ST_MTIME_USEC  -w  -std=gnu11 -o CMakeFiles/cmTC_43ead.dir/src.c.o -c /home/master1/src/cmake-3.19.5/CMakeFiles/CMakeTmp/src.c
/home/master1/src/cmake-3.19.5/CMakeFiles/CMakeTmp/src.c: In function ‘main’:
/home/master1/src/cmake-3.19.5/CMakeFiles/CMakeTmp/src.c:7:34: error: ‘struct stat’ has no member named ‘st_mtime_usec’
    7 |   (void)sizeof(((struct stat *)0)->st_mtime_usec);
      |                                  ^~
make[1]: *** [CMakeFiles/cmTC_43ead.dir/build.make:85: CMakeFiles/cmTC_43ead.dir/src.c.o] Error 1
make[1]: Leaving directory '/home/master1/src/cmake-3.19.5/CMakeFiles/CMakeTmp'
make: *** [Makefile:140: cmTC_43ead/fast] Error 2


Source file was:

#include <sys/types.h>
#include <sys/stat.h>

int main()
{
  (void)sizeof(((struct stat *)0)->st_mtime_usec);
  return 0;
}

Performing C SOURCE FILE Test HAVE_STRUCT_STAT_ST_FLAGS failed with the following output:
Change Dir: /home/master1/src/cmake-3.19.5/CMakeFiles/CMakeTmp

Run Build Command(s):/usr/bin/make cmTC_6f66b/fast && make  -f CMakeFiles/cmTC_6f66b.dir/build.make CMakeFiles/cmTC_6f66b.dir/build
make[1]: Entering directory '/home/master1/src/cmake-3.19.5/CMakeFiles/CMakeTmp'
Building C object CMakeFiles/cmTC_6f66b.dir/src.c.o
/usr/bin/gcc -DHAVE_STRUCT_STAT_ST_FLAGS  -w  -std=gnu11 -o CMakeFiles/cmTC_6f66b.dir/src.c.o -c /home/master1/src/cmake-3.19.5/CMakeFiles/CMakeTmp/src.c
/home/master1/src/cmake-3.19.5/CMakeFiles/CMakeTmp/src.c: In function ‘main’:
/home/master1/src/cmake-3.19.5/CMakeFiles/CMakeTmp/src.c:7:34: error: ‘struct stat’ has no member named ‘st_flags’
    7 |   (void)sizeof(((struct stat *)0)->st_flags);
      |                                  ^~
make[1]: *** [CMakeFiles/cmTC_6f66b.dir/build.make:85: CMakeFiles/cmTC_6f66b.dir/src.c.o] Error 1
make[1]: Leaving directory '/home/master1/src/cmake-3.19.5/CMakeFiles/CMakeTmp'
make: *** [Makefile:140: cmTC_6f66b/fast] Error 2


Source file was:

#include <sys/types.h>
#include <sys/stat.h>

int main()
{
  (void)sizeof(((struct stat *)0)->st_flags);
  return 0;
}

Performing C SOURCE FILE Test HAVE_STRUCT_STATVFS_F_IOSIZE failed with the following output:
Change Dir: /home/master1/src/cmake-3.19.5/CMakeFiles/CMakeTmp

Run Build Command(s):/usr/bin/make cmTC_06968/fast && make  -f CMakeFiles/cmTC_06968.dir/build.make CMakeFiles/cmTC_06968.dir/build
make[1]: Entering directory '/home/master1/src/cmake-3.19.5/CMakeFiles/CMakeTmp'
Building C object CMakeFiles/cmTC_06968.dir/src.c.o
/usr/bin/gcc -DHAVE_STRUCT_STATVFS_F_IOSIZE  -w  -std=gnu11 -o CMakeFiles/cmTC_06968.dir/src.c.o -c /home/master1/src/cmake-3.19.5/CMakeFiles/CMakeTmp/src.c
/home/master1/src/cmake-3.19.5/CMakeFiles/CMakeTmp/src.c: In function ‘main’:
/home/master1/src/cmake-3.19.5/CMakeFiles/CMakeTmp/src.c:7:39: error: ‘struct statvfs’ has no member named ‘f_iosize’; did you mean ‘f_bsize’?
    7 |   (void)sizeof(((struct statvfs *)0)->f_iosize);
      |                                       ^~~~~~~~
      |                                       f_bsize
make[1]: *** [CMakeFiles/cmTC_06968.dir/build.make:85: CMakeFiles/cmTC_06968.dir/src.c.o] Error 1
make[1]: Leaving directory '/home/master1/src/cmake-3.19.5/CMakeFiles/CMakeTmp'
make: *** [Makefile:140: cmTC_06968/fast] Error 2


Source file was:

#include <sys/types.h>
#include <sys/statvfs.h>

int main()
{
  (void)sizeof(((struct statvfs *)0)->f_iosize);
  return 0;
}

Checking for curses support failed with the following output:
Change Dir: /home/master1/src/cmake-3.19.5/Source/Checks/Curses-build

Run Build Command(s):/usr/bin/make CheckCurses && make: *** No rule to make target 'CheckCurses'.  Stop.



Looking for a Fortran compiler failed with the following output:
CMake Deprecation Warning at CMakeLists.txt:1 (cmake_minimum_required):
  Compatibility with CMake < 2.8.12 will be removed from a future version of
  CMake.

  Update the VERSION argument <min> value or use a ...<max> suffix to tell
  CMake that the project does not need compatibility with older versions.


-- The Fortran compiler identification is unknown
CMake Error at CMakeLists.txt:2 (project):
  No CMAKE_Fortran_COMPILER could be found.

  Tell CMake where to find the compiler by setting either the environment
  variable "FC" or the CMake cache entry CMAKE_Fortran_COMPILER to the full
  path to the compiler, or to the compiler name if it is in the PATH.


-- Configuring incomplete, errors occurred!
See also "/home/master1/src/cmake-3.19.5/Tests/CMakeFiles/CheckFortran/CMakeFiles/CMakeOutput.log".
See also "/home/master1/src/cmake-3.19.5/Tests/CMakeFiles/CheckFortran/CMakeFiles/CMakeError.log".

